[2024-12-14T14:01:20.754+0000] {taskinstance.py:1159} INFO - Dependencies all met for dep_context=non-requeueable deps ti=<TaskInstance: kafka_spark_dag.pyspark_consumer manual__2024-12-14T13:58:41.808528+00:00 [queued]>
[2024-12-14T14:01:20.791+0000] {taskinstance.py:1159} INFO - Dependencies all met for dep_context=requeueable deps ti=<TaskInstance: kafka_spark_dag.pyspark_consumer manual__2024-12-14T13:58:41.808528+00:00 [queued]>
[2024-12-14T14:01:20.794+0000] {taskinstance.py:1361} INFO - Starting attempt 1 of 2
[2024-12-14T14:01:20.843+0000] {taskinstance.py:1382} INFO - Executing <Task(DockerOperator): pyspark_consumer> on 2024-12-14 13:58:41.808528+00:00
[2024-12-14T14:01:20.855+0000] {standard_task_runner.py:57} INFO - Started process 2139 to run task
[2024-12-14T14:01:20.867+0000] {standard_task_runner.py:84} INFO - Running: ['***', 'tasks', 'run', 'kafka_spark_dag', 'pyspark_consumer', 'manual__2024-12-14T13:58:41.808528+00:00', '--job-id', '4', '--raw', '--subdir', 'DAGS_FOLDER/dag_kafka_spark.py', '--cfg-path', '/tmp/tmp1eqjc4hz']
[2024-12-14T14:01:20.876+0000] {standard_task_runner.py:85} INFO - Job 4: Subtask pyspark_consumer
[2024-12-14T14:01:21.046+0000] {task_command.py:416} INFO - Running <TaskInstance: kafka_spark_dag.pyspark_consumer manual__2024-12-14T13:58:41.808528+00:00 [running]> on host d0b5f574e314
[2024-12-14T14:01:21.312+0000] {taskinstance.py:1662} INFO - Exporting env vars: AIRFLOW_CTX_DAG_OWNER='***' AIRFLOW_CTX_DAG_ID='kafka_spark_dag' AIRFLOW_CTX_TASK_ID='pyspark_consumer' AIRFLOW_CTX_EXECUTION_DATE='2024-12-14T13:58:41.808528+00:00' AIRFLOW_CTX_TRY_NUMBER='1' AIRFLOW_CTX_DAG_RUN_ID='manual__2024-12-14T13:58:41.808528+00:00'
[2024-12-14T14:01:21.529+0000] {docker.py:343} INFO - Starting docker container from image reddit-consumer/spark:latest
[2024-12-14T14:01:21.555+0000] {docker.py:351} WARNING - Using remote engine or docker-in-docker and mounting temporary volume from host is not supported. Falling back to `mount_tmp_dir=False` mode. You can set `mount_tmp_dir` parameter to False to disable mounting and remove the warning
[2024-12-14T14:01:22.817+0000] {docker.py:413} INFO - [38;5;6mspark [38;5;5m14:01:22.81 [0m[38;5;2mINFO [0m ==>
[2024-12-14T14:01:22.823+0000] {docker.py:413} INFO - [38;5;6mspark [38;5;5m14:01:22.81 [0m[38;5;2mINFO [0m ==> [1mWelcome to the Bitnami spark container[0m
[2024-12-14T14:01:22.829+0000] {docker.py:413} INFO - [38;5;6mspark [38;5;5m14:01:22.82 [0m[38;5;2mINFO [0m ==> Subscribe to project updates by watching [1mhttps://github.com/bitnami/containers[0m
[2024-12-14T14:01:22.833+0000] {docker.py:413} INFO - [38;5;6mspark [38;5;5m14:01:22.83 [0m[38;5;2mINFO [0m ==> Submit issues and feature requests at [1mhttps://github.com/bitnami/containers/issues[0m
[2024-12-14T14:01:22.841+0000] {docker.py:413} INFO - [38;5;6mspark [38;5;5m14:01:22.83 [0m[38;5;2mINFO [0m ==>
[2024-12-14T14:01:22.847+0000] {docker.py:413} INFO - 
[2024-12-14T14:01:35.056+0000] {docker.py:413} INFO - :: loading settings :: url = jar:file:/opt/bitnami/spark/jars/ivy-2.5.1.jar!/org/apache/ivy/core/settings/ivysettings.xml
[2024-12-14T14:01:35.305+0000] {docker.py:413} INFO - Ivy Default Cache set to: /root/.ivy2/cache
The jars for the packages stored in: /root/.ivy2/jars
[2024-12-14T14:01:35.333+0000] {docker.py:413} INFO - org.postgresql#postgresql added as a dependency
org.apache.spark#spark-sql-kafka-0-10_2.12 added as a dependency
[2024-12-14T14:01:35.340+0000] {docker.py:413} INFO - :: resolving dependencies :: org.apache.spark#spark-submit-parent-c3e2a616-6dd9-4434-a062-e4e263956df3;1.0
	confs: [default]
[2024-12-14T14:01:38.860+0000] {docker.py:413} INFO - found org.postgresql#postgresql;42.5.4 in central
[2024-12-14T14:01:39.489+0000] {docker.py:413} INFO - found org.checkerframework#checker-qual;3.5.0 in central
[2024-12-14T14:01:45.132+0000] {docker.py:413} INFO - found org.apache.spark#spark-sql-kafka-0-10_2.12;3.5.0 in central
[2024-12-14T14:01:46.373+0000] {docker.py:413} INFO - found org.apache.spark#spark-token-provider-kafka-0-10_2.12;3.5.0 in central
[2024-12-14T14:01:46.991+0000] {docker.py:413} INFO - found org.apache.kafka#kafka-clients;3.4.1 in central
[2024-12-14T14:01:47.687+0000] {docker.py:413} INFO - found org.lz4#lz4-java;1.8.0 in central
[2024-12-14T14:01:48.777+0000] {docker.py:413} INFO - found org.xerial.snappy#snappy-java;1.1.10.3 in central
[2024-12-14T14:01:51.231+0000] {docker.py:413} INFO - found org.slf4j#slf4j-api;2.0.7 in central
[2024-12-14T14:01:55.367+0000] {docker.py:413} INFO - found org.apache.hadoop#hadoop-client-runtime;3.3.4 in central
[2024-12-14T14:01:56.170+0000] {docker.py:413} INFO - found org.apache.hadoop#hadoop-client-api;3.3.4 in central
[2024-12-14T14:02:00.077+0000] {docker.py:413} INFO - found commons-logging#commons-logging;1.1.3 in central
[2024-12-14T14:02:00.750+0000] {docker.py:413} INFO - found com.google.code.findbugs#jsr305;3.0.0 in central
[2024-12-14T14:02:05.142+0000] {docker.py:413} INFO - found org.apache.commons#commons-pool2;2.11.1 in central
[2024-12-14T14:02:05.537+0000] {docker.py:413} INFO - downloading https://repo1.maven.org/maven2/org/postgresql/postgresql/42.5.4/postgresql-42.5.4.jar ...
[2024-12-14T14:02:07.067+0000] {docker.py:413} INFO - [SUCCESSFUL ] org.postgresql#postgresql;42.5.4!postgresql.jar (1881ms)
[2024-12-14T14:02:07.339+0000] {docker.py:413} INFO - downloading https://repo1.maven.org/maven2/org/apache/spark/spark-sql-kafka-0-10_2.12/3.5.0/spark-sql-kafka-0-10_2.12-3.5.0.jar ...
[2024-12-14T14:02:08.333+0000] {docker.py:413} INFO - [SUCCESSFUL ] org.apache.spark#spark-sql-kafka-0-10_2.12;3.5.0!spark-sql-kafka-0-10_2.12.jar (1260ms)
[2024-12-14T14:02:08.613+0000] {docker.py:413} INFO - downloading https://repo1.maven.org/maven2/org/checkerframework/checker-qual/3.5.0/checker-qual-3.5.0.jar ...
[2024-12-14T14:02:09.221+0000] {docker.py:413} INFO - [SUCCESSFUL ] org.checkerframework#checker-qual;3.5.0!checker-qual.jar (884ms)
[2024-12-14T14:02:09.534+0000] {docker.py:413} INFO - downloading https://repo1.maven.org/maven2/org/apache/spark/spark-token-provider-kafka-0-10_2.12/3.5.0/spark-token-provider-kafka-0-10_2.12-3.5.0.jar ...
[2024-12-14T14:02:09.855+0000] {docker.py:413} INFO - [SUCCESSFUL ] org.apache.spark#spark-token-provider-kafka-0-10_2.12;3.5.0!spark-token-provider-kafka-0-10_2.12.jar (631ms)
[2024-12-14T14:02:10.147+0000] {docker.py:413} INFO - downloading https://repo1.maven.org/maven2/org/apache/kafka/kafka-clients/3.4.1/kafka-clients-3.4.1.jar ...
[2024-12-14T14:02:16.551+0000] {docker.py:413} INFO - [SUCCESSFUL ] org.apache.kafka#kafka-clients;3.4.1!kafka-clients.jar (6695ms)
[2024-12-14T14:02:16.898+0000] {docker.py:413} INFO - downloading https://repo1.maven.org/maven2/com/google/code/findbugs/jsr305/3.0.0/jsr305-3.0.0.jar ...
[2024-12-14T14:02:17.215+0000] {docker.py:413} INFO - [SUCCESSFUL ] com.google.code.findbugs#jsr305;3.0.0!jsr305.jar (661ms)
[2024-12-14T14:02:17.515+0000] {docker.py:413} INFO - downloading https://repo1.maven.org/maven2/org/apache/commons/commons-pool2/2.11.1/commons-pool2-2.11.1.jar ...
[2024-12-14T14:02:17.980+0000] {docker.py:413} INFO - [SUCCESSFUL ] org.apache.commons#commons-pool2;2.11.1!commons-pool2.jar (760ms)
[2024-12-14T14:02:18.251+0000] {docker.py:413} INFO - downloading https://repo1.maven.org/maven2/org/apache/hadoop/hadoop-client-runtime/3.3.4/hadoop-client-runtime-3.3.4.jar ...
[2024-12-14T14:02:42.426+0000] {docker.py:413} INFO - [SUCCESSFUL ] org.apache.hadoop#hadoop-client-runtime;3.3.4!hadoop-client-runtime.jar (24443ms)
[2024-12-14T14:02:42.709+0000] {docker.py:413} INFO - downloading https://repo1.maven.org/maven2/org/lz4/lz4-java/1.8.0/lz4-java-1.8.0.jar ...
[2024-12-14T14:02:43.349+0000] {docker.py:413} INFO - [SUCCESSFUL ] org.lz4#lz4-java;1.8.0!lz4-java.jar (921ms)
[2024-12-14T14:02:43.612+0000] {docker.py:413} INFO - downloading https://repo1.maven.org/maven2/org/xerial/snappy/snappy-java/1.1.10.3/snappy-java-1.1.10.3.jar ...
[2024-12-14T14:02:44.457+0000] {docker.py:413} INFO - [SUCCESSFUL ] org.xerial.snappy#snappy-java;1.1.10.3!snappy-java.jar(bundle) (1106ms)
[2024-12-14T14:02:44.754+0000] {docker.py:413} INFO - downloading https://repo1.maven.org/maven2/org/slf4j/slf4j-api/2.0.7/slf4j-api-2.0.7.jar ...
[2024-12-14T14:02:47.418+0000] {docker.py:413} INFO - [SUCCESSFUL ] org.slf4j#slf4j-api;2.0.7!slf4j-api.jar (2959ms)
[2024-12-14T14:02:47.728+0000] {docker.py:413} INFO - downloading https://repo1.maven.org/maven2/org/apache/hadoop/hadoop-client-api/3.3.4/hadoop-client-api-3.3.4.jar ...
[2024-12-14T14:02:57.495+0000] {docker.py:413} INFO - [SUCCESSFUL ] org.apache.hadoop#hadoop-client-api;3.3.4!hadoop-client-api.jar (10074ms)
[2024-12-14T14:02:57.763+0000] {docker.py:413} INFO - downloading https://repo1.maven.org/maven2/commons-logging/commons-logging/1.1.3/commons-logging-1.1.3.jar ...
[2024-12-14T14:03:00.100+0000] {docker.py:413} INFO - [SUCCESSFUL ] commons-logging#commons-logging;1.1.3!commons-logging.jar (2604ms)
[2024-12-14T14:03:00.103+0000] {docker.py:413} INFO - :: resolution report :: resolve 29843ms :: artifacts dl 54921ms
	:: modules in use:
[2024-12-14T14:03:00.105+0000] {docker.py:413} INFO - com.google.code.findbugs#jsr305;3.0.0 from central in [default]
	commons-logging#commons-logging;1.1.3 from central in [default]
	org.apache.commons#commons-pool2;2.11.1 from central in [default]
	org.apache.hadoop#hadoop-client-api;3.3.4 from central in [default]
	org.apache.hadoop#hadoop-client-runtime;3.3.4 from central in [default]
[2024-12-14T14:03:00.106+0000] {docker.py:413} INFO - org.apache.kafka#kafka-clients;3.4.1 from central in [default]
[2024-12-14T14:03:00.108+0000] {docker.py:413} INFO - org.apache.spark#spark-sql-kafka-0-10_2.12;3.5.0 from central in [default]
[2024-12-14T14:03:00.110+0000] {docker.py:413} INFO - org.apache.spark#spark-token-provider-kafka-0-10_2.12;3.5.0 from central in [default]
	org.checkerframework#checker-qual;3.5.0 from central in [default]
[2024-12-14T14:03:00.113+0000] {docker.py:413} INFO - org.lz4#lz4-java;1.8.0 from central in [default]
	org.postgresql#postgresql;42.5.4 from central in [default]
[2024-12-14T14:03:00.114+0000] {docker.py:413} INFO - org.slf4j#slf4j-api;2.0.7 from central in [default]
	org.xerial.snappy#snappy-java;1.1.10.3 from central in [default]
[2024-12-14T14:03:00.115+0000] {docker.py:413} INFO - ---------------------------------------------------------------------
[2024-12-14T14:03:00.117+0000] {docker.py:413} INFO - |                  |            modules            ||   artifacts   |
[2024-12-14T14:03:00.119+0000] {docker.py:413} INFO - |       conf       | number| search|dwnlded|evicted|| number|dwnlded|
	---------------------------------------------------------------------
[2024-12-14T14:03:00.122+0000] {docker.py:413} INFO - |      default     |   13  |   13  |   13  |   0   ||   13  |   13  |
	---------------------------------------------------------------------
[2024-12-14T14:03:00.127+0000] {docker.py:413} INFO - :: retrieving :: org.apache.spark#spark-submit-parent-c3e2a616-6dd9-4434-a062-e4e263956df3
[2024-12-14T14:03:00.129+0000] {docker.py:413} INFO - confs: [default]
[2024-12-14T14:03:00.266+0000] {docker.py:413} INFO - 13 artifacts copied, 0 already retrieved (58001kB/138ms)
[2024-12-14T14:03:01.011+0000] {docker.py:413} INFO - 24/12/14 14:03:01 WARN NativeCodeLoader: Unable to load native-hadoop library for your platform... using builtin-java classes where applicable
[2024-12-14T14:03:10.275+0000] {docker.py:413} INFO - INFO:__main__:Starting Spark Streaming job
[2024-12-14T14:03:10.582+0000] {docker.py:413} INFO - 24/12/14 14:03:10 INFO SparkContext: Running Spark version 3.5.0
[2024-12-14T14:03:10.585+0000] {docker.py:413} INFO - 24/12/14 14:03:10 INFO SparkContext: OS info Linux, 6.10.11-linuxkit, amd64
[2024-12-14T14:03:10.588+0000] {docker.py:413} INFO - 24/12/14 14:03:10 INFO SparkContext: Java version 17.0.10
[2024-12-14T14:03:10.679+0000] {docker.py:413} INFO - 24/12/14 14:03:10 INFO ResourceUtils: ==============================================================
[2024-12-14T14:03:10.681+0000] {docker.py:413} INFO - 24/12/14 14:03:10 INFO ResourceUtils: No custom resources configured for spark.driver.
[2024-12-14T14:03:10.684+0000] {docker.py:413} INFO - 24/12/14 14:03:10 INFO ResourceUtils: ==============================================================
[2024-12-14T14:03:10.687+0000] {docker.py:413} INFO - 24/12/14 14:03:10 INFO SparkContext: Submitted application: RedditSoccerAnalysis
[2024-12-14T14:03:10.808+0000] {docker.py:413} INFO - 24/12/14 14:03:10 INFO ResourceProfile: Default ResourceProfile created, executor resources: Map(cores -> name: cores, amount: 1, script: , vendor: , memory -> name: memory, amount: 1024, script: , vendor: , offHeap -> name: offHeap, amount: 0, script: , vendor: ), task resources: Map(cpus -> name: cpus, amount: 1.0)
[2024-12-14T14:03:10.835+0000] {docker.py:413} INFO - 24/12/14 14:03:10 INFO ResourceProfile: Limiting resource is cpu
[2024-12-14T14:03:10.837+0000] {docker.py:413} INFO - 24/12/14 14:03:10 INFO ResourceProfileManager: Added ResourceProfile id: 0
[2024-12-14T14:03:11.220+0000] {docker.py:413} INFO - 24/12/14 14:03:11 INFO SecurityManager: Changing view acls to: root,spark
[2024-12-14T14:03:11.224+0000] {docker.py:413} INFO - 24/12/14 14:03:11 INFO SecurityManager: Changing modify acls to: root,spark
[2024-12-14T14:03:11.227+0000] {docker.py:413} INFO - 24/12/14 14:03:11 INFO SecurityManager: Changing view acls groups to:
[2024-12-14T14:03:11.230+0000] {docker.py:413} INFO - 24/12/14 14:03:11 INFO SecurityManager: Changing modify acls groups to:
[2024-12-14T14:03:11.235+0000] {docker.py:413} INFO - 24/12/14 14:03:11 INFO SecurityManager: SecurityManager: authentication disabled; ui acls disabled; users with view permissions: root, spark; groups with view permissions: EMPTY; users with modify permissions: root, spark; groups with modify permissions: EMPTY
[2024-12-14T14:03:12.545+0000] {docker.py:413} INFO - 24/12/14 14:03:12 INFO Utils: Successfully started service 'sparkDriver' on port 40015.
[2024-12-14T14:03:12.768+0000] {docker.py:413} INFO - 24/12/14 14:03:12 INFO SparkEnv: Registering MapOutputTracker
[2024-12-14T14:03:12.976+0000] {docker.py:413} INFO - 24/12/14 14:03:12 INFO SparkEnv: Registering BlockManagerMaster
[2024-12-14T14:03:13.113+0000] {docker.py:413} INFO - 24/12/14 14:03:13 INFO BlockManagerMasterEndpoint: Using org.apache.spark.storage.DefaultTopologyMapper for getting topology information
[2024-12-14T14:03:13.116+0000] {docker.py:413} INFO - 24/12/14 14:03:13 INFO BlockManagerMasterEndpoint: BlockManagerMasterEndpoint up
[2024-12-14T14:03:13.143+0000] {docker.py:413} INFO - 24/12/14 14:03:13 INFO SparkEnv: Registering BlockManagerMasterHeartbeat
[2024-12-14T14:03:13.249+0000] {docker.py:413} INFO - 24/12/14 14:03:13 INFO DiskBlockManager: Created local directory at /tmp/blockmgr-cd7ed7e6-637f-4b52-95e3-bc7a69e56a8f
[2024-12-14T14:03:13.314+0000] {docker.py:413} INFO - 24/12/14 14:03:13 INFO MemoryStore: MemoryStore started with capacity 434.4 MiB
[2024-12-14T14:03:13.418+0000] {docker.py:413} INFO - 24/12/14 14:03:13 INFO SparkEnv: Registering OutputCommitCoordinator
[2024-12-14T14:03:14.190+0000] {docker.py:413} INFO - 24/12/14 14:03:14 INFO JettyUtils: Start Jetty 0.0.0.0:4040 for SparkUI
[2024-12-14T14:03:14.564+0000] {docker.py:413} INFO - 24/12/14 14:03:14 INFO Utils: Successfully started service 'SparkUI' on port 4040.
[2024-12-14T14:03:14.800+0000] {docker.py:413} INFO - 24/12/14 14:03:14 INFO SparkContext: Added JAR file:///root/.ivy2/jars/org.postgresql_postgresql-42.5.4.jar at spark://localhost:40015/jars/org.postgresql_postgresql-42.5.4.jar with timestamp 1734184990546
[2024-12-14T14:03:14.803+0000] {docker.py:413} INFO - 24/12/14 14:03:14 INFO SparkContext: Added JAR file:///root/.ivy2/jars/org.apache.spark_spark-sql-kafka-0-10_2.12-3.5.0.jar at spark://localhost:40015/jars/org.apache.spark_spark-sql-kafka-0-10_2.12-3.5.0.jar with timestamp 1734184990546
[2024-12-14T14:03:14.806+0000] {docker.py:413} INFO - 24/12/14 14:03:14 INFO SparkContext: Added JAR file:///root/.ivy2/jars/org.checkerframework_checker-qual-3.5.0.jar at spark://localhost:40015/jars/org.checkerframework_checker-qual-3.5.0.jar with timestamp 1734184990546
[2024-12-14T14:03:14.809+0000] {docker.py:413} INFO - 24/12/14 14:03:14 INFO SparkContext: Added JAR file:///root/.ivy2/jars/org.apache.spark_spark-token-provider-kafka-0-10_2.12-3.5.0.jar at spark://localhost:40015/jars/org.apache.spark_spark-token-provider-kafka-0-10_2.12-3.5.0.jar with timestamp 1734184990546
[2024-12-14T14:03:14.812+0000] {docker.py:413} INFO - 24/12/14 14:03:14 INFO SparkContext: Added JAR file:///root/.ivy2/jars/org.apache.kafka_kafka-clients-3.4.1.jar at spark://localhost:40015/jars/org.apache.kafka_kafka-clients-3.4.1.jar with timestamp 1734184990546
[2024-12-14T14:03:14.815+0000] {docker.py:413} INFO - 24/12/14 14:03:14 INFO SparkContext: Added JAR file:///root/.ivy2/jars/com.google.code.findbugs_jsr305-3.0.0.jar at spark://localhost:40015/jars/com.google.code.findbugs_jsr305-3.0.0.jar with timestamp 1734184990546
[2024-12-14T14:03:14.817+0000] {docker.py:413} INFO - 24/12/14 14:03:14 INFO SparkContext: Added JAR file:///root/.ivy2/jars/org.apache.commons_commons-pool2-2.11.1.jar at spark://localhost:40015/jars/org.apache.commons_commons-pool2-2.11.1.jar with timestamp 1734184990546
[2024-12-14T14:03:14.819+0000] {docker.py:413} INFO - 24/12/14 14:03:14 INFO SparkContext: Added JAR file:///root/.ivy2/jars/org.apache.hadoop_hadoop-client-runtime-3.3.4.jar at spark://localhost:40015/jars/org.apache.hadoop_hadoop-client-runtime-3.3.4.jar with timestamp 1734184990546
[2024-12-14T14:03:14.822+0000] {docker.py:413} INFO - 24/12/14 14:03:14 INFO SparkContext: Added JAR file:///root/.ivy2/jars/org.lz4_lz4-java-1.8.0.jar at spark://localhost:40015/jars/org.lz4_lz4-java-1.8.0.jar with timestamp 1734184990546
[2024-12-14T14:03:14.824+0000] {docker.py:413} INFO - 24/12/14 14:03:14 INFO SparkContext: Added JAR file:///root/.ivy2/jars/org.xerial.snappy_snappy-java-1.1.10.3.jar at spark://localhost:40015/jars/org.xerial.snappy_snappy-java-1.1.10.3.jar with timestamp 1734184990546
[2024-12-14T14:03:14.827+0000] {docker.py:413} INFO - 24/12/14 14:03:14 INFO SparkContext: Added JAR file:///root/.ivy2/jars/org.slf4j_slf4j-api-2.0.7.jar at spark://localhost:40015/jars/org.slf4j_slf4j-api-2.0.7.jar with timestamp 1734184990546
[2024-12-14T14:03:14.830+0000] {docker.py:413} INFO - 24/12/14 14:03:14 INFO SparkContext: Added JAR file:///root/.ivy2/jars/org.apache.hadoop_hadoop-client-api-3.3.4.jar at spark://localhost:40015/jars/org.apache.hadoop_hadoop-client-api-3.3.4.jar with timestamp 1734184990546
[2024-12-14T14:03:14.833+0000] {docker.py:413} INFO - 24/12/14 14:03:14 INFO SparkContext: Added JAR file:///root/.ivy2/jars/commons-logging_commons-logging-1.1.3.jar at spark://localhost:40015/jars/commons-logging_commons-logging-1.1.3.jar with timestamp 1734184990546
[2024-12-14T14:03:14.837+0000] {docker.py:413} INFO - 24/12/14 14:03:14 INFO SparkContext: Added file file:///root/.ivy2/jars/org.postgresql_postgresql-42.5.4.jar at file:///root/.ivy2/jars/org.postgresql_postgresql-42.5.4.jar with timestamp 1734184990546
[2024-12-14T14:03:14.844+0000] {docker.py:413} INFO - 24/12/14 14:03:14 INFO Utils: Copying /root/.ivy2/jars/org.postgresql_postgresql-42.5.4.jar to /tmp/spark-1650b802-87a3-483d-beca-3845ec315d72/userFiles-3939415b-36b3-402a-b825-eb8a0f5ce91d/org.postgresql_postgresql-42.5.4.jar
[2024-12-14T14:03:14.885+0000] {docker.py:413} INFO - 24/12/14 14:03:14 INFO SparkContext: Added file file:///root/.ivy2/jars/org.apache.spark_spark-sql-kafka-0-10_2.12-3.5.0.jar at file:///root/.ivy2/jars/org.apache.spark_spark-sql-kafka-0-10_2.12-3.5.0.jar with timestamp 1734184990546
[2024-12-14T14:03:14.887+0000] {docker.py:413} INFO - 24/12/14 14:03:14 INFO Utils: Copying /root/.ivy2/jars/org.apache.spark_spark-sql-kafka-0-10_2.12-3.5.0.jar to /tmp/spark-1650b802-87a3-483d-beca-3845ec315d72/userFiles-3939415b-36b3-402a-b825-eb8a0f5ce91d/org.apache.spark_spark-sql-kafka-0-10_2.12-3.5.0.jar
[2024-12-14T14:03:14.904+0000] {docker.py:413} INFO - 24/12/14 14:03:14 INFO SparkContext: Added file file:///root/.ivy2/jars/org.checkerframework_checker-qual-3.5.0.jar at file:///root/.ivy2/jars/org.checkerframework_checker-qual-3.5.0.jar with timestamp 1734184990546
[2024-12-14T14:03:14.906+0000] {docker.py:413} INFO - 24/12/14 14:03:14 INFO Utils: Copying /root/.ivy2/jars/org.checkerframework_checker-qual-3.5.0.jar to /tmp/spark-1650b802-87a3-483d-beca-3845ec315d72/userFiles-3939415b-36b3-402a-b825-eb8a0f5ce91d/org.checkerframework_checker-qual-3.5.0.jar
[2024-12-14T14:03:14.920+0000] {docker.py:413} INFO - 24/12/14 14:03:14 INFO SparkContext: Added file file:///root/.ivy2/jars/org.apache.spark_spark-token-provider-kafka-0-10_2.12-3.5.0.jar at file:///root/.ivy2/jars/org.apache.spark_spark-token-provider-kafka-0-10_2.12-3.5.0.jar with timestamp 1734184990546
[2024-12-14T14:03:14.923+0000] {docker.py:413} INFO - 24/12/14 14:03:14 INFO Utils: Copying /root/.ivy2/jars/org.apache.spark_spark-token-provider-kafka-0-10_2.12-3.5.0.jar to /tmp/spark-1650b802-87a3-483d-beca-3845ec315d72/userFiles-3939415b-36b3-402a-b825-eb8a0f5ce91d/org.apache.spark_spark-token-provider-kafka-0-10_2.12-3.5.0.jar
[2024-12-14T14:03:14.937+0000] {docker.py:413} INFO - 24/12/14 14:03:14 INFO SparkContext: Added file file:///root/.ivy2/jars/org.apache.kafka_kafka-clients-3.4.1.jar at file:///root/.ivy2/jars/org.apache.kafka_kafka-clients-3.4.1.jar with timestamp 1734184990546
[2024-12-14T14:03:14.939+0000] {docker.py:413} INFO - 24/12/14 14:03:14 INFO Utils: Copying /root/.ivy2/jars/org.apache.kafka_kafka-clients-3.4.1.jar to /tmp/spark-1650b802-87a3-483d-beca-3845ec315d72/userFiles-3939415b-36b3-402a-b825-eb8a0f5ce91d/org.apache.kafka_kafka-clients-3.4.1.jar
[2024-12-14T14:03:14.960+0000] {docker.py:413} INFO - 24/12/14 14:03:14 INFO SparkContext: Added file file:///root/.ivy2/jars/com.google.code.findbugs_jsr305-3.0.0.jar at file:///root/.ivy2/jars/com.google.code.findbugs_jsr305-3.0.0.jar with timestamp 1734184990546
[2024-12-14T14:03:14.963+0000] {docker.py:413} INFO - 24/12/14 14:03:14 INFO Utils: Copying /root/.ivy2/jars/com.google.code.findbugs_jsr305-3.0.0.jar to /tmp/spark-1650b802-87a3-483d-beca-3845ec315d72/userFiles-3939415b-36b3-402a-b825-eb8a0f5ce91d/com.google.code.findbugs_jsr305-3.0.0.jar
[2024-12-14T14:03:14.971+0000] {docker.py:413} INFO - 24/12/14 14:03:14 INFO SparkContext: Added file file:///root/.ivy2/jars/org.apache.commons_commons-pool2-2.11.1.jar at file:///root/.ivy2/jars/org.apache.commons_commons-pool2-2.11.1.jar with timestamp 1734184990546
[2024-12-14T14:03:14.973+0000] {docker.py:413} INFO - 24/12/14 14:03:14 INFO Utils: Copying /root/.ivy2/jars/org.apache.commons_commons-pool2-2.11.1.jar to /tmp/spark-1650b802-87a3-483d-beca-3845ec315d72/userFiles-3939415b-36b3-402a-b825-eb8a0f5ce91d/org.apache.commons_commons-pool2-2.11.1.jar
[2024-12-14T14:03:14.984+0000] {docker.py:413} INFO - 24/12/14 14:03:14 INFO SparkContext: Added file file:///root/.ivy2/jars/org.apache.hadoop_hadoop-client-runtime-3.3.4.jar at file:///root/.ivy2/jars/org.apache.hadoop_hadoop-client-runtime-3.3.4.jar with timestamp 1734184990546
[2024-12-14T14:03:14.986+0000] {docker.py:413} INFO - 24/12/14 14:03:14 INFO Utils: Copying /root/.ivy2/jars/org.apache.hadoop_hadoop-client-runtime-3.3.4.jar to /tmp/spark-1650b802-87a3-483d-beca-3845ec315d72/userFiles-3939415b-36b3-402a-b825-eb8a0f5ce91d/org.apache.hadoop_hadoop-client-runtime-3.3.4.jar
[2024-12-14T14:03:15.053+0000] {docker.py:413} INFO - 24/12/14 14:03:15 INFO SparkContext: Added file file:///root/.ivy2/jars/org.lz4_lz4-java-1.8.0.jar at file:///root/.ivy2/jars/org.lz4_lz4-java-1.8.0.jar with timestamp 1734184990546
[2024-12-14T14:03:15.056+0000] {docker.py:413} INFO - 24/12/14 14:03:15 INFO Utils: Copying /root/.ivy2/jars/org.lz4_lz4-java-1.8.0.jar to /tmp/spark-1650b802-87a3-483d-beca-3845ec315d72/userFiles-3939415b-36b3-402a-b825-eb8a0f5ce91d/org.lz4_lz4-java-1.8.0.jar
[2024-12-14T14:03:15.069+0000] {docker.py:413} INFO - 24/12/14 14:03:15 INFO SparkContext: Added file file:///root/.ivy2/jars/org.xerial.snappy_snappy-java-1.1.10.3.jar at file:///root/.ivy2/jars/org.xerial.snappy_snappy-java-1.1.10.3.jar with timestamp 1734184990546
[2024-12-14T14:03:15.072+0000] {docker.py:413} INFO - 24/12/14 14:03:15 INFO Utils: Copying /root/.ivy2/jars/org.xerial.snappy_snappy-java-1.1.10.3.jar to /tmp/spark-1650b802-87a3-483d-beca-3845ec315d72/userFiles-3939415b-36b3-402a-b825-eb8a0f5ce91d/org.xerial.snappy_snappy-java-1.1.10.3.jar
[2024-12-14T14:03:15.088+0000] {docker.py:413} INFO - 24/12/14 14:03:15 INFO SparkContext: Added file file:///root/.ivy2/jars/org.slf4j_slf4j-api-2.0.7.jar at file:///root/.ivy2/jars/org.slf4j_slf4j-api-2.0.7.jar with timestamp 1734184990546
[2024-12-14T14:03:15.090+0000] {docker.py:413} INFO - 24/12/14 14:03:15 INFO Utils: Copying /root/.ivy2/jars/org.slf4j_slf4j-api-2.0.7.jar to /tmp/spark-1650b802-87a3-483d-beca-3845ec315d72/userFiles-3939415b-36b3-402a-b825-eb8a0f5ce91d/org.slf4j_slf4j-api-2.0.7.jar
[2024-12-14T14:03:15.103+0000] {docker.py:413} INFO - 24/12/14 14:03:15 INFO SparkContext: Added file file:///root/.ivy2/jars/org.apache.hadoop_hadoop-client-api-3.3.4.jar at file:///root/.ivy2/jars/org.apache.hadoop_hadoop-client-api-3.3.4.jar with timestamp 1734184990546
[2024-12-14T14:03:15.106+0000] {docker.py:413} INFO - 24/12/14 14:03:15 INFO Utils: Copying /root/.ivy2/jars/org.apache.hadoop_hadoop-client-api-3.3.4.jar to /tmp/spark-1650b802-87a3-483d-beca-3845ec315d72/userFiles-3939415b-36b3-402a-b825-eb8a0f5ce91d/org.apache.hadoop_hadoop-client-api-3.3.4.jar
[2024-12-14T14:03:15.156+0000] {docker.py:413} INFO - 24/12/14 14:03:15 INFO SparkContext: Added file file:///root/.ivy2/jars/commons-logging_commons-logging-1.1.3.jar at file:///root/.ivy2/jars/commons-logging_commons-logging-1.1.3.jar with timestamp 1734184990546
[2024-12-14T14:03:15.158+0000] {docker.py:413} INFO - 24/12/14 14:03:15 INFO Utils: Copying /root/.ivy2/jars/commons-logging_commons-logging-1.1.3.jar to /tmp/spark-1650b802-87a3-483d-beca-3845ec315d72/userFiles-3939415b-36b3-402a-b825-eb8a0f5ce91d/commons-logging_commons-logging-1.1.3.jar
[2024-12-14T14:03:15.451+0000] {docker.py:413} INFO - 24/12/14 14:03:15 INFO Executor: Starting executor ID driver on host localhost
[2024-12-14T14:03:15.454+0000] {docker.py:413} INFO - 24/12/14 14:03:15 INFO Executor: OS info Linux, 6.10.11-linuxkit, amd64
[2024-12-14T14:03:15.456+0000] {docker.py:413} INFO - 24/12/14 14:03:15 INFO Executor: Java version 17.0.10
[2024-12-14T14:03:15.482+0000] {docker.py:413} INFO - 24/12/14 14:03:15 INFO Executor: Starting executor with user classpath (userClassPathFirst = false): ''
[2024-12-14T14:03:15.486+0000] {docker.py:413} INFO - 24/12/14 14:03:15 INFO Executor: Created or updated repl class loader org.apache.spark.util.MutableURLClassLoader@701b761f for default.
[2024-12-14T14:03:15.534+0000] {docker.py:413} INFO - 24/12/14 14:03:15 INFO Executor: Fetching file:///root/.ivy2/jars/org.apache.spark_spark-sql-kafka-0-10_2.12-3.5.0.jar with timestamp 1734184990546
[2024-12-14T14:03:15.597+0000] {docker.py:413} INFO - 24/12/14 14:03:15 INFO Utils: /root/.ivy2/jars/org.apache.spark_spark-sql-kafka-0-10_2.12-3.5.0.jar has been previously copied to /tmp/spark-1650b802-87a3-483d-beca-3845ec315d72/userFiles-3939415b-36b3-402a-b825-eb8a0f5ce91d/org.apache.spark_spark-sql-kafka-0-10_2.12-3.5.0.jar
[2024-12-14T14:03:15.605+0000] {docker.py:413} INFO - 24/12/14 14:03:15 INFO Executor: Fetching file:///root/.ivy2/jars/org.postgresql_postgresql-42.5.4.jar with timestamp 1734184990546
[2024-12-14T14:03:15.611+0000] {docker.py:413} INFO - 24/12/14 14:03:15 INFO Utils: /root/.ivy2/jars/org.postgresql_postgresql-42.5.4.jar has been previously copied to /tmp/spark-1650b802-87a3-483d-beca-3845ec315d72/userFiles-3939415b-36b3-402a-b825-eb8a0f5ce91d/org.postgresql_postgresql-42.5.4.jar
[2024-12-14T14:03:15.618+0000] {docker.py:413} INFO - 24/12/14 14:03:15 INFO Executor: Fetching file:///root/.ivy2/jars/org.apache.hadoop_hadoop-client-api-3.3.4.jar with timestamp 1734184990546
[2024-12-14T14:03:15.667+0000] {docker.py:413} INFO - 24/12/14 14:03:15 INFO Utils: /root/.ivy2/jars/org.apache.hadoop_hadoop-client-api-3.3.4.jar has been previously copied to /tmp/spark-1650b802-87a3-483d-beca-3845ec315d72/userFiles-3939415b-36b3-402a-b825-eb8a0f5ce91d/org.apache.hadoop_hadoop-client-api-3.3.4.jar
[2024-12-14T14:03:15.676+0000] {docker.py:413} INFO - 24/12/14 14:03:15 INFO Executor: Fetching file:///root/.ivy2/jars/com.google.code.findbugs_jsr305-3.0.0.jar with timestamp 1734184990546
[2024-12-14T14:03:15.677+0000] {docker.py:413} INFO - 24/12/14 14:03:15 INFO Utils: /root/.ivy2/jars/com.google.code.findbugs_jsr305-3.0.0.jar has been previously copied to /tmp/spark-1650b802-87a3-483d-beca-3845ec315d72/userFiles-3939415b-36b3-402a-b825-eb8a0f5ce91d/com.google.code.findbugs_jsr305-3.0.0.jar
[2024-12-14T14:03:15.684+0000] {docker.py:413} INFO - 24/12/14 14:03:15 INFO Executor: Fetching file:///root/.ivy2/jars/org.apache.hadoop_hadoop-client-runtime-3.3.4.jar with timestamp 1734184990546
[2024-12-14T14:03:15.769+0000] {docker.py:413} INFO - 24/12/14 14:03:15 INFO Utils: /root/.ivy2/jars/org.apache.hadoop_hadoop-client-runtime-3.3.4.jar has been previously copied to /tmp/spark-1650b802-87a3-483d-beca-3845ec315d72/userFiles-3939415b-36b3-402a-b825-eb8a0f5ce91d/org.apache.hadoop_hadoop-client-runtime-3.3.4.jar
[2024-12-14T14:03:15.781+0000] {docker.py:413} INFO - 24/12/14 14:03:15 INFO Executor: Fetching file:///root/.ivy2/jars/org.checkerframework_checker-qual-3.5.0.jar with timestamp 1734184990546
[2024-12-14T14:03:15.782+0000] {docker.py:413} INFO - 24/12/14 14:03:15 INFO Utils: /root/.ivy2/jars/org.checkerframework_checker-qual-3.5.0.jar has been previously copied to /tmp/spark-1650b802-87a3-483d-beca-3845ec315d72/userFiles-3939415b-36b3-402a-b825-eb8a0f5ce91d/org.checkerframework_checker-qual-3.5.0.jar
[2024-12-14T14:03:15.792+0000] {docker.py:413} INFO - 24/12/14 14:03:15 INFO Executor: Fetching file:///root/.ivy2/jars/org.xerial.snappy_snappy-java-1.1.10.3.jar with timestamp 1734184990546
[2024-12-14T14:03:15.798+0000] {docker.py:413} INFO - 24/12/14 14:03:15 INFO Utils: /root/.ivy2/jars/org.xerial.snappy_snappy-java-1.1.10.3.jar has been previously copied to /tmp/spark-1650b802-87a3-483d-beca-3845ec315d72/userFiles-3939415b-36b3-402a-b825-eb8a0f5ce91d/org.xerial.snappy_snappy-java-1.1.10.3.jar
[2024-12-14T14:03:15.808+0000] {docker.py:413} INFO - 24/12/14 14:03:15 INFO Executor: Fetching file:///root/.ivy2/jars/org.apache.spark_spark-token-provider-kafka-0-10_2.12-3.5.0.jar with timestamp 1734184990546
[2024-12-14T14:03:15.811+0000] {docker.py:413} INFO - 24/12/14 14:03:15 INFO Utils: /root/.ivy2/jars/org.apache.spark_spark-token-provider-kafka-0-10_2.12-3.5.0.jar has been previously copied to /tmp/spark-1650b802-87a3-483d-beca-3845ec315d72/userFiles-3939415b-36b3-402a-b825-eb8a0f5ce91d/org.apache.spark_spark-token-provider-kafka-0-10_2.12-3.5.0.jar
[2024-12-14T14:03:15.820+0000] {docker.py:413} INFO - 24/12/14 14:03:15 INFO Executor: Fetching file:///root/.ivy2/jars/org.slf4j_slf4j-api-2.0.7.jar with timestamp 1734184990546
[2024-12-14T14:03:15.822+0000] {docker.py:413} INFO - 24/12/14 14:03:15 INFO Utils: /root/.ivy2/jars/org.slf4j_slf4j-api-2.0.7.jar has been previously copied to /tmp/spark-1650b802-87a3-483d-beca-3845ec315d72/userFiles-3939415b-36b3-402a-b825-eb8a0f5ce91d/org.slf4j_slf4j-api-2.0.7.jar
[2024-12-14T14:03:15.830+0000] {docker.py:413} INFO - 24/12/14 14:03:15 INFO Executor: Fetching file:///root/.ivy2/jars/org.apache.commons_commons-pool2-2.11.1.jar with timestamp 1734184990546
[2024-12-14T14:03:15.832+0000] {docker.py:413} INFO - 24/12/14 14:03:15 INFO Utils: /root/.ivy2/jars/org.apache.commons_commons-pool2-2.11.1.jar has been previously copied to /tmp/spark-1650b802-87a3-483d-beca-3845ec315d72/userFiles-3939415b-36b3-402a-b825-eb8a0f5ce91d/org.apache.commons_commons-pool2-2.11.1.jar
[2024-12-14T14:03:15.841+0000] {docker.py:413} INFO - 24/12/14 14:03:15 INFO Executor: Fetching file:///root/.ivy2/jars/commons-logging_commons-logging-1.1.3.jar with timestamp 1734184990546
[2024-12-14T14:03:15.844+0000] {docker.py:413} INFO - 24/12/14 14:03:15 INFO Utils: /root/.ivy2/jars/commons-logging_commons-logging-1.1.3.jar has been previously copied to /tmp/spark-1650b802-87a3-483d-beca-3845ec315d72/userFiles-3939415b-36b3-402a-b825-eb8a0f5ce91d/commons-logging_commons-logging-1.1.3.jar
[2024-12-14T14:03:15.854+0000] {docker.py:413} INFO - 24/12/14 14:03:15 INFO Executor: Fetching file:///root/.ivy2/jars/org.lz4_lz4-java-1.8.0.jar with timestamp 1734184990546
[2024-12-14T14:03:15.858+0000] {docker.py:413} INFO - 24/12/14 14:03:15 INFO Utils: /root/.ivy2/jars/org.lz4_lz4-java-1.8.0.jar has been previously copied to /tmp/spark-1650b802-87a3-483d-beca-3845ec315d72/userFiles-3939415b-36b3-402a-b825-eb8a0f5ce91d/org.lz4_lz4-java-1.8.0.jar
[2024-12-14T14:03:15.866+0000] {docker.py:413} INFO - 24/12/14 14:03:15 INFO Executor: Fetching file:///root/.ivy2/jars/org.apache.kafka_kafka-clients-3.4.1.jar with timestamp 1734184990546
[2024-12-14T14:03:15.881+0000] {docker.py:413} INFO - 24/12/14 14:03:15 INFO Utils: /root/.ivy2/jars/org.apache.kafka_kafka-clients-3.4.1.jar has been previously copied to /tmp/spark-1650b802-87a3-483d-beca-3845ec315d72/userFiles-3939415b-36b3-402a-b825-eb8a0f5ce91d/org.apache.kafka_kafka-clients-3.4.1.jar
[2024-12-14T14:03:15.896+0000] {docker.py:413} INFO - 24/12/14 14:03:15 INFO Executor: Fetching spark://localhost:40015/jars/org.xerial.snappy_snappy-java-1.1.10.3.jar with timestamp 1734184990546
[2024-12-14T14:03:16.012+0000] {docker.py:413} INFO - 24/12/14 14:03:16 INFO TransportClientFactory: Successfully created connection to localhost/127.0.0.1:40015 after 77 ms (0 ms spent in bootstraps)
[2024-12-14T14:03:16.040+0000] {docker.py:413} INFO - 24/12/14 14:03:16 INFO Utils: Fetching spark://localhost:40015/jars/org.xerial.snappy_snappy-java-1.1.10.3.jar to /tmp/spark-1650b802-87a3-483d-beca-3845ec315d72/userFiles-3939415b-36b3-402a-b825-eb8a0f5ce91d/fetchFileTemp15564749351477552192.tmp
[2024-12-14T14:03:16.140+0000] {docker.py:413} INFO - 24/12/14 14:03:16 INFO Utils: /tmp/spark-1650b802-87a3-483d-beca-3845ec315d72/userFiles-3939415b-36b3-402a-b825-eb8a0f5ce91d/fetchFileTemp15564749351477552192.tmp has been previously copied to /tmp/spark-1650b802-87a3-483d-beca-3845ec315d72/userFiles-3939415b-36b3-402a-b825-eb8a0f5ce91d/org.xerial.snappy_snappy-java-1.1.10.3.jar
[2024-12-14T14:03:16.152+0000] {docker.py:413} INFO - 24/12/14 14:03:16 INFO Executor: Adding file:/tmp/spark-1650b802-87a3-483d-beca-3845ec315d72/userFiles-3939415b-36b3-402a-b825-eb8a0f5ce91d/org.xerial.snappy_snappy-java-1.1.10.3.jar to class loader default
[2024-12-14T14:03:16.154+0000] {docker.py:413} INFO - 24/12/14 14:03:16 INFO Executor: Fetching spark://localhost:40015/jars/com.google.code.findbugs_jsr305-3.0.0.jar with timestamp 1734184990546
[2024-12-14T14:03:16.156+0000] {docker.py:413} INFO - 24/12/14 14:03:16 INFO Utils: Fetching spark://localhost:40015/jars/com.google.code.findbugs_jsr305-3.0.0.jar to /tmp/spark-1650b802-87a3-483d-beca-3845ec315d72/userFiles-3939415b-36b3-402a-b825-eb8a0f5ce91d/fetchFileTemp520022226942958904.tmp
[2024-12-14T14:03:16.161+0000] {docker.py:413} INFO - 24/12/14 14:03:16 INFO Utils: /tmp/spark-1650b802-87a3-483d-beca-3845ec315d72/userFiles-3939415b-36b3-402a-b825-eb8a0f5ce91d/fetchFileTemp520022226942958904.tmp has been previously copied to /tmp/spark-1650b802-87a3-483d-beca-3845ec315d72/userFiles-3939415b-36b3-402a-b825-eb8a0f5ce91d/com.google.code.findbugs_jsr305-3.0.0.jar
[2024-12-14T14:03:16.170+0000] {docker.py:413} INFO - 24/12/14 14:03:16 INFO Executor: Adding file:/tmp/spark-1650b802-87a3-483d-beca-3845ec315d72/userFiles-3939415b-36b3-402a-b825-eb8a0f5ce91d/com.google.code.findbugs_jsr305-3.0.0.jar to class loader default
[2024-12-14T14:03:16.172+0000] {docker.py:413} INFO - 24/12/14 14:03:16 INFO Executor: Fetching spark://localhost:40015/jars/org.lz4_lz4-java-1.8.0.jar with timestamp 1734184990546
[2024-12-14T14:03:16.174+0000] {docker.py:413} INFO - 24/12/14 14:03:16 INFO Utils: Fetching spark://localhost:40015/jars/org.lz4_lz4-java-1.8.0.jar to /tmp/spark-1650b802-87a3-483d-beca-3845ec315d72/userFiles-3939415b-36b3-402a-b825-eb8a0f5ce91d/fetchFileTemp16733003100561254307.tmp
[2024-12-14T14:03:16.187+0000] {docker.py:413} INFO - 24/12/14 14:03:16 INFO Utils: /tmp/spark-1650b802-87a3-483d-beca-3845ec315d72/userFiles-3939415b-36b3-402a-b825-eb8a0f5ce91d/fetchFileTemp16733003100561254307.tmp has been previously copied to /tmp/spark-1650b802-87a3-483d-beca-3845ec315d72/userFiles-3939415b-36b3-402a-b825-eb8a0f5ce91d/org.lz4_lz4-java-1.8.0.jar
[2024-12-14T14:03:16.196+0000] {docker.py:413} INFO - 24/12/14 14:03:16 INFO Executor: Adding file:/tmp/spark-1650b802-87a3-483d-beca-3845ec315d72/userFiles-3939415b-36b3-402a-b825-eb8a0f5ce91d/org.lz4_lz4-java-1.8.0.jar to class loader default
[2024-12-14T14:03:16.198+0000] {docker.py:413} INFO - 24/12/14 14:03:16 INFO Executor: Fetching spark://localhost:40015/jars/org.apache.commons_commons-pool2-2.11.1.jar with timestamp 1734184990546
[2024-12-14T14:03:16.200+0000] {docker.py:413} INFO - 24/12/14 14:03:16 INFO Utils: Fetching spark://localhost:40015/jars/org.apache.commons_commons-pool2-2.11.1.jar to /tmp/spark-1650b802-87a3-483d-beca-3845ec315d72/userFiles-3939415b-36b3-402a-b825-eb8a0f5ce91d/fetchFileTemp3511470362512419104.tmp
[2024-12-14T14:03:16.206+0000] {docker.py:413} INFO - 24/12/14 14:03:16 INFO Utils: /tmp/spark-1650b802-87a3-483d-beca-3845ec315d72/userFiles-3939415b-36b3-402a-b825-eb8a0f5ce91d/fetchFileTemp3511470362512419104.tmp has been previously copied to /tmp/spark-1650b802-87a3-483d-beca-3845ec315d72/userFiles-3939415b-36b3-402a-b825-eb8a0f5ce91d/org.apache.commons_commons-pool2-2.11.1.jar
[2024-12-14T14:03:16.216+0000] {docker.py:413} INFO - 24/12/14 14:03:16 INFO Executor: Adding file:/tmp/spark-1650b802-87a3-483d-beca-3845ec315d72/userFiles-3939415b-36b3-402a-b825-eb8a0f5ce91d/org.apache.commons_commons-pool2-2.11.1.jar to class loader default
[2024-12-14T14:03:16.220+0000] {docker.py:413} INFO - 24/12/14 14:03:16 INFO Executor: Fetching spark://localhost:40015/jars/org.postgresql_postgresql-42.5.4.jar with timestamp 1734184990546
[2024-12-14T14:03:16.222+0000] {docker.py:413} INFO - 24/12/14 14:03:16 INFO Utils: Fetching spark://localhost:40015/jars/org.postgresql_postgresql-42.5.4.jar to /tmp/spark-1650b802-87a3-483d-beca-3845ec315d72/userFiles-3939415b-36b3-402a-b825-eb8a0f5ce91d/fetchFileTemp9236491850602397789.tmp
[2024-12-14T14:03:16.241+0000] {docker.py:413} INFO - 24/12/14 14:03:16 INFO Utils: /tmp/spark-1650b802-87a3-483d-beca-3845ec315d72/userFiles-3939415b-36b3-402a-b825-eb8a0f5ce91d/fetchFileTemp9236491850602397789.tmp has been previously copied to /tmp/spark-1650b802-87a3-483d-beca-3845ec315d72/userFiles-3939415b-36b3-402a-b825-eb8a0f5ce91d/org.postgresql_postgresql-42.5.4.jar
[2024-12-14T14:03:16.249+0000] {docker.py:413} INFO - 24/12/14 14:03:16 INFO Executor: Adding file:/tmp/spark-1650b802-87a3-483d-beca-3845ec315d72/userFiles-3939415b-36b3-402a-b825-eb8a0f5ce91d/org.postgresql_postgresql-42.5.4.jar to class loader default
[2024-12-14T14:03:16.251+0000] {docker.py:413} INFO - 24/12/14 14:03:16 INFO Executor: Fetching spark://localhost:40015/jars/org.apache.spark_spark-token-provider-kafka-0-10_2.12-3.5.0.jar with timestamp 1734184990546
[2024-12-14T14:03:16.255+0000] {docker.py:413} INFO - 24/12/14 14:03:16 INFO Utils: Fetching spark://localhost:40015/jars/org.apache.spark_spark-token-provider-kafka-0-10_2.12-3.5.0.jar to /tmp/spark-1650b802-87a3-483d-beca-3845ec315d72/userFiles-3939415b-36b3-402a-b825-eb8a0f5ce91d/fetchFileTemp9159202297570907665.tmp
[2024-12-14T14:03:16.257+0000] {docker.py:413} INFO - 24/12/14 14:03:16 INFO Utils: /tmp/spark-1650b802-87a3-483d-beca-3845ec315d72/userFiles-3939415b-36b3-402a-b825-eb8a0f5ce91d/fetchFileTemp9159202297570907665.tmp has been previously copied to /tmp/spark-1650b802-87a3-483d-beca-3845ec315d72/userFiles-3939415b-36b3-402a-b825-eb8a0f5ce91d/org.apache.spark_spark-token-provider-kafka-0-10_2.12-3.5.0.jar
[2024-12-14T14:03:16.267+0000] {docker.py:413} INFO - 24/12/14 14:03:16 INFO Executor: Adding file:/tmp/spark-1650b802-87a3-483d-beca-3845ec315d72/userFiles-3939415b-36b3-402a-b825-eb8a0f5ce91d/org.apache.spark_spark-token-provider-kafka-0-10_2.12-3.5.0.jar to class loader default
[2024-12-14T14:03:16.270+0000] {docker.py:413} INFO - 24/12/14 14:03:16 INFO Executor: Fetching spark://localhost:40015/jars/org.apache.hadoop_hadoop-client-api-3.3.4.jar with timestamp 1734184990546
[2024-12-14T14:03:16.273+0000] {docker.py:413} INFO - 24/12/14 14:03:16 INFO Utils: Fetching spark://localhost:40015/jars/org.apache.hadoop_hadoop-client-api-3.3.4.jar to /tmp/spark-1650b802-87a3-483d-beca-3845ec315d72/userFiles-3939415b-36b3-402a-b825-eb8a0f5ce91d/fetchFileTemp12479040524794896460.tmp
[2024-12-14T14:03:16.435+0000] {docker.py:413} INFO - 24/12/14 14:03:16 INFO Utils: /tmp/spark-1650b802-87a3-483d-beca-3845ec315d72/userFiles-3939415b-36b3-402a-b825-eb8a0f5ce91d/fetchFileTemp12479040524794896460.tmp has been previously copied to /tmp/spark-1650b802-87a3-483d-beca-3845ec315d72/userFiles-3939415b-36b3-402a-b825-eb8a0f5ce91d/org.apache.hadoop_hadoop-client-api-3.3.4.jar
[2024-12-14T14:03:16.448+0000] {docker.py:413} INFO - 24/12/14 14:03:16 INFO Executor: Adding file:/tmp/spark-1650b802-87a3-483d-beca-3845ec315d72/userFiles-3939415b-36b3-402a-b825-eb8a0f5ce91d/org.apache.hadoop_hadoop-client-api-3.3.4.jar to class loader default
[2024-12-14T14:03:16.451+0000] {docker.py:413} INFO - 24/12/14 14:03:16 INFO Executor: Fetching spark://localhost:40015/jars/org.apache.hadoop_hadoop-client-runtime-3.3.4.jar with timestamp 1734184990546
[2024-12-14T14:03:16.453+0000] {docker.py:413} INFO - 24/12/14 14:03:16 INFO Utils: Fetching spark://localhost:40015/jars/org.apache.hadoop_hadoop-client-runtime-3.3.4.jar to /tmp/spark-1650b802-87a3-483d-beca-3845ec315d72/userFiles-3939415b-36b3-402a-b825-eb8a0f5ce91d/fetchFileTemp609553359334249773.tmp
[2024-12-14T14:03:16.758+0000] {docker.py:413} INFO - 24/12/14 14:03:16 INFO Utils: /tmp/spark-1650b802-87a3-483d-beca-3845ec315d72/userFiles-3939415b-36b3-402a-b825-eb8a0f5ce91d/fetchFileTemp609553359334249773.tmp has been previously copied to /tmp/spark-1650b802-87a3-483d-beca-3845ec315d72/userFiles-3939415b-36b3-402a-b825-eb8a0f5ce91d/org.apache.hadoop_hadoop-client-runtime-3.3.4.jar
[2024-12-14T14:03:16.786+0000] {docker.py:413} INFO - 24/12/14 14:03:16 INFO Executor: Adding file:/tmp/spark-1650b802-87a3-483d-beca-3845ec315d72/userFiles-3939415b-36b3-402a-b825-eb8a0f5ce91d/org.apache.hadoop_hadoop-client-runtime-3.3.4.jar to class loader default
[2024-12-14T14:03:16.789+0000] {docker.py:413} INFO - 24/12/14 14:03:16 INFO Executor: Fetching spark://localhost:40015/jars/org.slf4j_slf4j-api-2.0.7.jar with timestamp 1734184990546
[2024-12-14T14:03:16.792+0000] {docker.py:413} INFO - 24/12/14 14:03:16 INFO Utils: Fetching spark://localhost:40015/jars/org.slf4j_slf4j-api-2.0.7.jar to /tmp/spark-1650b802-87a3-483d-beca-3845ec315d72/userFiles-3939415b-36b3-402a-b825-eb8a0f5ce91d/fetchFileTemp16769770308523333482.tmp
[2024-12-14T14:03:16.795+0000] {docker.py:413} INFO - 24/12/14 14:03:16 INFO Utils: /tmp/spark-1650b802-87a3-483d-beca-3845ec315d72/userFiles-3939415b-36b3-402a-b825-eb8a0f5ce91d/fetchFileTemp16769770308523333482.tmp has been previously copied to /tmp/spark-1650b802-87a3-483d-beca-3845ec315d72/userFiles-3939415b-36b3-402a-b825-eb8a0f5ce91d/org.slf4j_slf4j-api-2.0.7.jar
[2024-12-14T14:03:16.806+0000] {docker.py:413} INFO - 24/12/14 14:03:16 INFO Executor: Adding file:/tmp/spark-1650b802-87a3-483d-beca-3845ec315d72/userFiles-3939415b-36b3-402a-b825-eb8a0f5ce91d/org.slf4j_slf4j-api-2.0.7.jar to class loader default
[2024-12-14T14:03:16.810+0000] {docker.py:413} INFO - 24/12/14 14:03:16 INFO Executor: Fetching spark://localhost:40015/jars/commons-logging_commons-logging-1.1.3.jar with timestamp 1734184990546
[2024-12-14T14:03:16.813+0000] {docker.py:413} INFO - 24/12/14 14:03:16 INFO Utils: Fetching spark://localhost:40015/jars/commons-logging_commons-logging-1.1.3.jar to /tmp/spark-1650b802-87a3-483d-beca-3845ec315d72/userFiles-3939415b-36b3-402a-b825-eb8a0f5ce91d/fetchFileTemp5745979489896328789.tmp
[2024-12-14T14:03:16.816+0000] {docker.py:413} INFO - 24/12/14 14:03:16 INFO Utils: /tmp/spark-1650b802-87a3-483d-beca-3845ec315d72/userFiles-3939415b-36b3-402a-b825-eb8a0f5ce91d/fetchFileTemp5745979489896328789.tmp has been previously copied to /tmp/spark-1650b802-87a3-483d-beca-3845ec315d72/userFiles-3939415b-36b3-402a-b825-eb8a0f5ce91d/commons-logging_commons-logging-1.1.3.jar
[2024-12-14T14:03:16.827+0000] {docker.py:413} INFO - 24/12/14 14:03:16 INFO Executor: Adding file:/tmp/spark-1650b802-87a3-483d-beca-3845ec315d72/userFiles-3939415b-36b3-402a-b825-eb8a0f5ce91d/commons-logging_commons-logging-1.1.3.jar to class loader default
[2024-12-14T14:03:16.831+0000] {docker.py:413} INFO - 24/12/14 14:03:16 INFO Executor: Fetching spark://localhost:40015/jars/org.apache.spark_spark-sql-kafka-0-10_2.12-3.5.0.jar with timestamp 1734184990546
[2024-12-14T14:03:16.832+0000] {docker.py:413} INFO - 24/12/14 14:03:16 INFO Utils: Fetching spark://localhost:40015/jars/org.apache.spark_spark-sql-kafka-0-10_2.12-3.5.0.jar to /tmp/spark-1650b802-87a3-483d-beca-3845ec315d72/userFiles-3939415b-36b3-402a-b825-eb8a0f5ce91d/fetchFileTemp13595968805737229823.tmp
[2024-12-14T14:03:16.839+0000] {docker.py:413} INFO - 24/12/14 14:03:16 INFO Utils: /tmp/spark-1650b802-87a3-483d-beca-3845ec315d72/userFiles-3939415b-36b3-402a-b825-eb8a0f5ce91d/fetchFileTemp13595968805737229823.tmp has been previously copied to /tmp/spark-1650b802-87a3-483d-beca-3845ec315d72/userFiles-3939415b-36b3-402a-b825-eb8a0f5ce91d/org.apache.spark_spark-sql-kafka-0-10_2.12-3.5.0.jar
[2024-12-14T14:03:16.847+0000] {docker.py:413} INFO - 24/12/14 14:03:16 INFO Executor: Adding file:/tmp/spark-1650b802-87a3-483d-beca-3845ec315d72/userFiles-3939415b-36b3-402a-b825-eb8a0f5ce91d/org.apache.spark_spark-sql-kafka-0-10_2.12-3.5.0.jar to class loader default
[2024-12-14T14:03:16.849+0000] {docker.py:413} INFO - 24/12/14 14:03:16 INFO Executor: Fetching spark://localhost:40015/jars/org.apache.kafka_kafka-clients-3.4.1.jar with timestamp 1734184990546
[2024-12-14T14:03:16.852+0000] {docker.py:413} INFO - 24/12/14 14:03:16 INFO Utils: Fetching spark://localhost:40015/jars/org.apache.kafka_kafka-clients-3.4.1.jar to /tmp/spark-1650b802-87a3-483d-beca-3845ec315d72/userFiles-3939415b-36b3-402a-b825-eb8a0f5ce91d/fetchFileTemp14231665254796577107.tmp
[2024-12-14T14:03:16.901+0000] {docker.py:413} INFO - 24/12/14 14:03:16 INFO Utils: /tmp/spark-1650b802-87a3-483d-beca-3845ec315d72/userFiles-3939415b-36b3-402a-b825-eb8a0f5ce91d/fetchFileTemp14231665254796577107.tmp has been previously copied to /tmp/spark-1650b802-87a3-483d-beca-3845ec315d72/userFiles-3939415b-36b3-402a-b825-eb8a0f5ce91d/org.apache.kafka_kafka-clients-3.4.1.jar
[2024-12-14T14:03:16.917+0000] {docker.py:413} INFO - 24/12/14 14:03:16 INFO Executor: Adding file:/tmp/spark-1650b802-87a3-483d-beca-3845ec315d72/userFiles-3939415b-36b3-402a-b825-eb8a0f5ce91d/org.apache.kafka_kafka-clients-3.4.1.jar to class loader default
[2024-12-14T14:03:16.920+0000] {docker.py:413} INFO - 24/12/14 14:03:16 INFO Executor: Fetching spark://localhost:40015/jars/org.checkerframework_checker-qual-3.5.0.jar with timestamp 1734184990546
[2024-12-14T14:03:16.923+0000] {docker.py:413} INFO - 24/12/14 14:03:16 INFO Utils: Fetching spark://localhost:40015/jars/org.checkerframework_checker-qual-3.5.0.jar to /tmp/spark-1650b802-87a3-483d-beca-3845ec315d72/userFiles-3939415b-36b3-402a-b825-eb8a0f5ce91d/fetchFileTemp3949506266841090092.tmp
[2024-12-14T14:03:16.936+0000] {docker.py:413} INFO - 24/12/14 14:03:16 INFO Utils: /tmp/spark-1650b802-87a3-483d-beca-3845ec315d72/userFiles-3939415b-36b3-402a-b825-eb8a0f5ce91d/fetchFileTemp3949506266841090092.tmp has been previously copied to /tmp/spark-1650b802-87a3-483d-beca-3845ec315d72/userFiles-3939415b-36b3-402a-b825-eb8a0f5ce91d/org.checkerframework_checker-qual-3.5.0.jar
[2024-12-14T14:03:16.948+0000] {docker.py:413} INFO - 24/12/14 14:03:16 INFO Executor: Adding file:/tmp/spark-1650b802-87a3-483d-beca-3845ec315d72/userFiles-3939415b-36b3-402a-b825-eb8a0f5ce91d/org.checkerframework_checker-qual-3.5.0.jar to class loader default
[2024-12-14T14:03:17.215+0000] {docker.py:413} INFO - 24/12/14 14:03:17 INFO Utils: Successfully started service 'org.apache.spark.network.netty.NettyBlockTransferService' on port 41145.
[2024-12-14T14:03:17.231+0000] {docker.py:413} INFO - 24/12/14 14:03:17 INFO NettyBlockTransferService: Server created on localhost:41145
[2024-12-14T14:03:17.307+0000] {docker.py:413} INFO - 24/12/14 14:03:17 INFO BlockManager: Using org.apache.spark.storage.RandomBlockReplicationPolicy for block replication policy
[2024-12-14T14:03:17.429+0000] {docker.py:413} INFO - 24/12/14 14:03:17 INFO BlockManagerMaster: Registering BlockManager BlockManagerId(driver, localhost, 41145, None)
[2024-12-14T14:03:17.448+0000] {docker.py:413} INFO - 24/12/14 14:03:17 INFO BlockManagerMasterEndpoint: Registering block manager localhost:41145 with 434.4 MiB RAM, BlockManagerId(driver, localhost, 41145, None)
[2024-12-14T14:03:17.457+0000] {docker.py:413} INFO - 24/12/14 14:03:17 INFO BlockManagerMaster: Registered BlockManager BlockManagerId(driver, localhost, 41145, None)
[2024-12-14T14:03:17.464+0000] {docker.py:413} INFO - 24/12/14 14:03:17 INFO BlockManager: Initialized BlockManager: BlockManagerId(driver, localhost, 41145, None)
[2024-12-14T14:03:26.811+0000] {docker.py:413} INFO - 24/12/14 14:03:26 INFO SharedState: Setting hive.metastore.warehouse.dir ('null') to the value of spark.sql.warehouse.dir.
[2024-12-14T14:03:26.819+0000] {docker.py:413} INFO - 24/12/14 14:03:26 INFO SharedState: Warehouse path is 'file:/opt/bitnami/spark/spark-warehouse'.
[2024-12-14T14:03:34.798+0000] {docker.py:413} INFO - INFO:py4j.java_gateway:Callback Server Starting
[2024-12-14T14:03:34.799+0000] {docker.py:413} INFO - INFO:py4j.java_gateway:Socket listening on ('127.0.0.1', 35037)
[2024-12-14T14:03:34.940+0000] {docker.py:413} INFO - 24/12/14 14:03:34 INFO StateStoreCoordinatorRef: Registered StateStoreCoordinator endpoint
[2024-12-14T14:03:35.097+0000] {docker.py:413} INFO - 24/12/14 14:03:35 WARN ResolveWriteToStream: Temporary checkpoint location created which is deleted normally when the query didn't fail: /tmp/temporary-d4e1c587-8348-4231-a659-4f45d24c5135. If it's required to delete it under any circumstances, please set spark.sql.streaming.forceDeleteTempCheckpointLocation to true. Important to know deleting temp checkpoint folder is best effort.
[2024-12-14T14:03:35.200+0000] {docker.py:413} INFO - 24/12/14 14:03:35 INFO ResolveWriteToStream: Checkpoint root file:///tmp/temporary-d4e1c587-8348-4231-a659-4f45d24c5135 resolved to file:/tmp/temporary-d4e1c587-8348-4231-a659-4f45d24c5135.
[2024-12-14T14:03:35.203+0000] {docker.py:413} INFO - 24/12/14 14:03:35 WARN ResolveWriteToStream: spark.sql.adaptive.enabled is not supported in streaming DataFrames/Datasets and will be disabled.
[2024-12-14T14:03:35.622+0000] {docker.py:413} INFO - 24/12/14 14:03:35 INFO CheckpointFileManager: Writing atomically to file:/tmp/temporary-d4e1c587-8348-4231-a659-4f45d24c5135/metadata using temp file file:/tmp/temporary-d4e1c587-8348-4231-a659-4f45d24c5135/.metadata.e80c6de9-5583-4d3d-9184-19b8209b6748.tmp
[2024-12-14T14:03:36.036+0000] {docker.py:413} INFO - 24/12/14 14:03:36 INFO CheckpointFileManager: Renamed temp file file:/tmp/temporary-d4e1c587-8348-4231-a659-4f45d24c5135/.metadata.e80c6de9-5583-4d3d-9184-19b8209b6748.tmp to file:/tmp/temporary-d4e1c587-8348-4231-a659-4f45d24c5135/metadata
[2024-12-14T14:03:36.247+0000] {docker.py:413} INFO - 24/12/14 14:03:36 INFO MicroBatchExecution: Starting [id = 38320f03-382e-4125-bbae-c69dfc79f4ab, runId = 6ebc4280-2405-4285-a2e7-66675c5ad8ae]. Use file:/tmp/temporary-d4e1c587-8348-4231-a659-4f45d24c5135 to store the query checkpoint.
[2024-12-14T14:03:36.322+0000] {docker.py:413} INFO - 24/12/14 14:03:36 INFO MicroBatchExecution: Reading table [org.apache.spark.sql.kafka010.KafkaSourceProvider$KafkaTable@340258aa] from DataSourceV2 named 'kafka' [org.apache.spark.sql.kafka010.KafkaSourceProvider@1c23aa4f]
[2024-12-14T14:03:36.438+0000] {docker.py:413} INFO - 24/12/14 14:03:36 INFO OffsetSeqLog: BatchIds found from listing:
[2024-12-14T14:03:36.449+0000] {docker.py:413} INFO - 24/12/14 14:03:36 INFO OffsetSeqLog: BatchIds found from listing:
[2024-12-14T14:03:36.451+0000] {docker.py:413} INFO - 24/12/14 14:03:36 INFO MicroBatchExecution: Starting new streaming query.
[2024-12-14T14:03:36.465+0000] {docker.py:413} INFO - 24/12/14 14:03:36 INFO MicroBatchExecution: Stream started from {}
[2024-12-14T14:03:37.388+0000] {docker.py:413} INFO - 24/12/14 14:03:37 INFO AdminClientConfig: AdminClientConfig values: 
	auto.include.jmx.reporter = true
	bootstrap.servers = [kafka:9092]
	client.dns.lookup = use_all_dns_ips
	client.id = 
	connections.max.idle.ms = 300000
	default.api.timeout.ms = 60000
	metadata.max.age.ms = 300000
	metric.reporters = []
	metrics.num.samples = 2
	metrics.recording.level = INFO
	metrics.sample.window.ms = 30000
	receive.buffer.bytes = 65536
	reconnect.backoff.max.ms = 1000
	reconnect.backoff.ms = 50
	request.timeout.ms = 30000
	retries = 2147483647
	retry.backoff.ms = 100
	sasl.client.callback.handler.class = null
	sasl.jaas.config = null
	sasl.kerberos.kinit.cmd = /usr/bin/kinit
	sasl.kerberos.min.time.before.relogin = 60000
	sasl.kerberos.service.name = null
	sasl.kerberos.ticket.renew.jitter = 0.05
	sasl.kerberos.ticket.renew.window.factor = 0.8
	sasl.login.callback.handler.class = null
	sasl.login.class = null
	sasl.login.connect.timeout.ms = null
	sasl.login.read.timeout.ms = null
	sasl.login.refresh.buffer.seconds = 300
	sasl.login.refresh.min.period.seconds = 60
	sasl.login.refresh.window.factor = 0.8
	sasl.login.refresh.window.jitter = 0.05
	sasl.login.retry.backoff.max.ms = 10000
	sasl.login.retry.backoff.ms = 100
	sasl.mechanism = GSSAPI
	sasl.oauthbearer.clock.skew.seconds = 30
	sasl.oauthbearer.expected.audience = null
	sasl.oauthbearer.expected.issuer = null
	sasl.oauthbearer.jwks.endpoint.refresh.ms = 3600000
	sasl.oauthbearer.jwks.endpoint.retry.backoff.max.ms = 10000
	sasl.oauthbearer.jwks.endpoint.retry.backoff.ms = 100
	sasl.oauthbearer.jwks.endpoint.url = null
	sasl.oauthbearer.scope.claim.name = scope
	sasl.oauthbearer.sub.claim.name = sub
	sasl.oauthbearer.token.endpoint.url = null
	security.protocol = PLAINTEXT
	security.providers = null
	send.buffer.bytes = 131072
	socket.connection.setup.timeout.max.ms = 30000
	socket.connection.setup.timeout.ms = 10000
	ssl.cipher.suites = null
	ssl.enabled.protocols = [TLSv1.2, TLSv1.3]
	ssl.endpoint.identification.algorithm = https
	ssl.engine.factory.class = null
	ssl.key.password = null
	ssl.keymanager.algorithm = SunX509
	ssl.keystore.certificate.chain = null
	ssl.keystore.key = null
	ssl.keystore.location = null
	ssl.keystore.password = null
	ssl.keystore.type = JKS
	ssl.protocol = TLSv1.3
	ssl.provider = null
	ssl.secure.random.implementation = null
	ssl.trustmanager.algorithm = PKIX
	ssl.truststore.certificates = null
	ssl.truststore.location = null
	ssl.truststore.password = null
	ssl.truststore.type = JKS
[2024-12-14T14:03:37.752+0000] {docker.py:413} INFO - 24/12/14 14:03:37 INFO AdminClientConfig: These configurations '[key.deserializer, value.deserializer, enable.auto.commit, max.poll.records, auto.offset.reset]' were supplied but are not used yet.
[2024-12-14T14:03:37.758+0000] {docker.py:413} INFO - 24/12/14 14:03:37 INFO AppInfoParser: Kafka version: 3.5.0
[2024-12-14T14:03:37.760+0000] {docker.py:413} INFO - 24/12/14 14:03:37 INFO AppInfoParser: Kafka commitId: c97b88d5db4de28d
[2024-12-14T14:03:37.763+0000] {docker.py:413} INFO - 24/12/14 14:03:37 INFO AppInfoParser: Kafka startTimeMs: 1734185017748
[2024-12-14T14:03:39.741+0000] {docker.py:413} INFO - 24/12/14 14:03:39 INFO CheckpointFileManager: Writing atomically to file:/tmp/temporary-d4e1c587-8348-4231-a659-4f45d24c5135/sources/0/0 using temp file file:/tmp/temporary-d4e1c587-8348-4231-a659-4f45d24c5135/sources/0/.0.6995df63-f377-40a9-b6de-2585c04f21d9.tmp
[2024-12-14T14:03:39.801+0000] {docker.py:413} INFO - 24/12/14 14:03:39 INFO CheckpointFileManager: Renamed temp file file:/tmp/temporary-d4e1c587-8348-4231-a659-4f45d24c5135/sources/0/.0.6995df63-f377-40a9-b6de-2585c04f21d9.tmp to file:/tmp/temporary-d4e1c587-8348-4231-a659-4f45d24c5135/sources/0/0
[2024-12-14T14:03:39.803+0000] {docker.py:413} INFO - 24/12/14 14:03:39 INFO KafkaMicroBatchStream: Initial offsets: {"reddit_data":{"0":300}}
[2024-12-14T14:03:39.869+0000] {docker.py:413} INFO - 24/12/14 14:03:39 INFO CheckpointFileManager: Writing atomically to file:/tmp/temporary-d4e1c587-8348-4231-a659-4f45d24c5135/offsets/0 using temp file file:/tmp/temporary-d4e1c587-8348-4231-a659-4f45d24c5135/offsets/.0.2379a787-1b13-4801-8db0-de4550d42b1c.tmp
[2024-12-14T14:03:39.959+0000] {docker.py:413} INFO - 24/12/14 14:03:39 INFO CheckpointFileManager: Renamed temp file file:/tmp/temporary-d4e1c587-8348-4231-a659-4f45d24c5135/offsets/.0.2379a787-1b13-4801-8db0-de4550d42b1c.tmp to file:/tmp/temporary-d4e1c587-8348-4231-a659-4f45d24c5135/offsets/0
[2024-12-14T14:03:39.963+0000] {docker.py:413} INFO - 24/12/14 14:03:39 INFO MicroBatchExecution: Committed offsets for batch 0. Metadata OffsetSeqMetadata(0,1734185019841,Map(spark.sql.streaming.stateStore.providerClass -> org.apache.spark.sql.execution.streaming.state.HDFSBackedStateStoreProvider, spark.sql.streaming.join.stateFormatVersion -> 2, spark.sql.streaming.stateStore.compression.codec -> lz4, spark.sql.streaming.stateStore.rocksdb.formatVersion -> 5, spark.sql.streaming.statefulOperator.useStrictDistribution -> true, spark.sql.streaming.flatMapGroupsWithState.stateFormatVersion -> 2, spark.sql.streaming.multipleWatermarkPolicy -> min, spark.sql.streaming.aggregation.stateFormatVersion -> 2, spark.sql.shuffle.partitions -> 200))
[2024-12-14T14:03:41.711+0000] {docker.py:413} INFO - 24/12/14 14:03:41 INFO KafkaOffsetReaderAdmin: Partitions added: Map()
[2024-12-14T14:03:41.979+0000] {docker.py:413} INFO - 24/12/14 14:03:41 INFO KafkaOffsetReaderAdmin: Partitions added: Map()
[2024-12-14T14:03:42.210+0000] {docker.py:413} INFO - 24/12/14 14:03:42 INFO KafkaOffsetReaderAdmin: Partitions added: Map()
[2024-12-14T14:03:42.217+0000] {docker.py:413} INFO - 24/12/14 14:03:42 INFO KafkaOffsetReaderAdmin: Partitions added: Map()
[2024-12-14T14:03:43.456+0000] {docker.py:413} INFO - 24/12/14 14:03:43 INFO CodeGenerator: Code generated in 667.31986 ms
[2024-12-14T14:03:43.864+0000] {docker.py:413} INFO - INFO:py4j.clientserver:Python Server ready to receive messages
INFO:py4j.clientserver:Received command c on object id p0
[2024-12-14T14:03:44.447+0000] {docker.py:413} INFO - 24/12/14 14:03:44 INFO CodeGenerator: Code generated in 77.516533 ms
[2024-12-14T14:03:44.545+0000] {docker.py:413} INFO - 24/12/14 14:03:44 INFO CodeGenerator: Code generated in 47.86364 ms
[2024-12-14T14:03:45.021+0000] {docker.py:413} INFO - 24/12/14 14:03:45 INFO SparkContext: Starting job: start at NativeMethodAccessorImpl.java:0
[2024-12-14T14:03:45.096+0000] {docker.py:413} INFO - 24/12/14 14:03:45 INFO DAGScheduler: Registering RDD 6 (start at NativeMethodAccessorImpl.java:0) as input to shuffle 0
[2024-12-14T14:03:45.137+0000] {docker.py:413} INFO - 24/12/14 14:03:45 INFO DAGScheduler: Got job 0 (start at NativeMethodAccessorImpl.java:0) with 1 output partitions
[2024-12-14T14:03:45.140+0000] {docker.py:413} INFO - 24/12/14 14:03:45 INFO DAGScheduler: Final stage: ResultStage 1 (start at NativeMethodAccessorImpl.java:0)
[2024-12-14T14:03:45.142+0000] {docker.py:413} INFO - 24/12/14 14:03:45 INFO DAGScheduler: Parents of final stage: List(ShuffleMapStage 0)
[2024-12-14T14:03:45.154+0000] {docker.py:413} INFO - 24/12/14 14:03:45 INFO DAGScheduler: Missing parents: List()
[2024-12-14T14:03:45.163+0000] {docker.py:413} INFO - 24/12/14 14:03:45 INFO DAGScheduler: Submitting ResultStage 1 (MapPartitionsRDD[9] at start at NativeMethodAccessorImpl.java:0), which has no missing parents
[2024-12-14T14:03:45.451+0000] {docker.py:413} INFO - 24/12/14 14:03:45 INFO MemoryStore: Block broadcast_0 stored as values in memory (estimated size 12.5 KiB, free 434.4 MiB)
[2024-12-14T14:03:45.633+0000] {docker.py:413} INFO - 24/12/14 14:03:45 INFO MemoryStore: Block broadcast_0_piece0 stored as bytes in memory (estimated size 5.9 KiB, free 434.4 MiB)
[2024-12-14T14:03:45.646+0000] {docker.py:413} INFO - 24/12/14 14:03:45 INFO BlockManagerInfo: Added broadcast_0_piece0 in memory on localhost:41145 (size: 5.9 KiB, free: 434.4 MiB)
[2024-12-14T14:03:45.668+0000] {docker.py:413} INFO - 24/12/14 14:03:45 INFO SparkContext: Created broadcast 0 from broadcast at DAGScheduler.scala:1580
[2024-12-14T14:03:45.752+0000] {docker.py:413} INFO - 24/12/14 14:03:45 INFO DAGScheduler: Submitting 1 missing tasks from ResultStage 1 (MapPartitionsRDD[9] at start at NativeMethodAccessorImpl.java:0) (first 15 tasks are for partitions Vector(0))
[2024-12-14T14:03:45.756+0000] {docker.py:413} INFO - 24/12/14 14:03:45 INFO TaskSchedulerImpl: Adding task set 1.0 with 1 tasks resource profile 0
[2024-12-14T14:03:46.072+0000] {docker.py:413} INFO - 24/12/14 14:03:46 INFO TaskSetManager: Starting task 0.0 in stage 1.0 (TID 0) (localhost, executor driver, partition 0, PROCESS_LOCAL, 9963 bytes)
[2024-12-14T14:03:46.162+0000] {docker.py:413} INFO - 24/12/14 14:03:46 INFO Executor: Running task 0.0 in stage 1.0 (TID 0)
[2024-12-14T14:03:46.623+0000] {docker.py:413} INFO - 24/12/14 14:03:46 INFO ShuffleBlockFetcherIterator: Getting 0 (0.0 B) non-empty blocks including 0 (0.0 B) local and 0 (0.0 B) host-local and 0 (0.0 B) push-merged-local and 0 (0.0 B) remote blocks
[2024-12-14T14:03:46.647+0000] {docker.py:413} INFO - 24/12/14 14:03:46 INFO ShuffleBlockFetcherIterator: Started 0 remote fetches in 77 ms
[2024-12-14T14:03:46.782+0000] {docker.py:413} INFO - 24/12/14 14:03:46 INFO CodeGenerator: Code generated in 103.977151 ms
[2024-12-14T14:03:46.914+0000] {docker.py:413} INFO - 24/12/14 14:03:46 INFO Executor: Finished task 0.0 in stage 1.0 (TID 0). 4031 bytes result sent to driver
[2024-12-14T14:03:46.982+0000] {docker.py:413} INFO - 24/12/14 14:03:46 INFO TaskSetManager: Finished task 0.0 in stage 1.0 (TID 0) in 1026 ms on localhost (executor driver) (1/1)
[2024-12-14T14:03:46.991+0000] {docker.py:413} INFO - 24/12/14 14:03:46 INFO TaskSchedulerImpl: Removed TaskSet 1.0, whose tasks have all completed, from pool
[2024-12-14T14:03:47.030+0000] {docker.py:413} INFO - 24/12/14 14:03:47 INFO DAGScheduler: ResultStage 1 (start at NativeMethodAccessorImpl.java:0) finished in 1.817 s
[2024-12-14T14:03:47.055+0000] {docker.py:413} INFO - 24/12/14 14:03:47 INFO DAGScheduler: Job 0 is finished. Cancelling potential speculative or zombie tasks for this job
[2024-12-14T14:03:47.058+0000] {docker.py:413} INFO - 24/12/14 14:03:47 INFO TaskSchedulerImpl: Killing all running tasks in stage 1: Stage finished
[2024-12-14T14:03:47.072+0000] {docker.py:413} INFO - 24/12/14 14:03:47 INFO DAGScheduler: Job 0 finished: start at NativeMethodAccessorImpl.java:0, took 2.046607 s
[2024-12-14T14:03:47.114+0000] {docker.py:413} INFO - INFO:__main__:Empty batch 0
[2024-12-14T14:03:47.172+0000] {docker.py:413} INFO - 24/12/14 14:03:47 INFO CheckpointFileManager: Writing atomically to file:/tmp/temporary-d4e1c587-8348-4231-a659-4f45d24c5135/commits/0 using temp file file:/tmp/temporary-d4e1c587-8348-4231-a659-4f45d24c5135/commits/.0.c6d78260-1fa7-4575-bddc-ccc9482fca6c.tmp
[2024-12-14T14:03:47.285+0000] {docker.py:413} INFO - 24/12/14 14:03:47 INFO CheckpointFileManager: Renamed temp file file:/tmp/temporary-d4e1c587-8348-4231-a659-4f45d24c5135/commits/.0.c6d78260-1fa7-4575-bddc-ccc9482fca6c.tmp to file:/tmp/temporary-d4e1c587-8348-4231-a659-4f45d24c5135/commits/0
[2024-12-14T14:03:47.481+0000] {docker.py:413} INFO - 24/12/14 14:03:47 INFO MicroBatchExecution: Streaming query made progress: {
  "id" : "38320f03-382e-4125-bbae-c69dfc79f4ab",
  "runId" : "6ebc4280-2405-4285-a2e7-66675c5ad8ae",
  "name" : null,
  "timestamp" : "2024-12-14T14:03:36.419Z",
  "batchId" : 0,
  "numInputRows" : 0,
  "inputRowsPerSecond" : 0.0,
  "processedRowsPerSecond" : 0.0,
  "durationMs" : {
    "addBatch" : 5031,
    "commitOffsets" : 146,
    "getBatch" : 60,
    "latestOffset" : 3367,
    "queryPlanning" : 2043,
    "triggerExecution" : 10860,
    "walCommit" : 111
  },
  "stateOperators" : [ ],
  "sources" : [ {
    "description" : "KafkaV2[Subscribe[reddit_data]]",
    "startOffset" : null,
    "endOffset" : {
      "reddit_data" : {
        "0" : 300
      }
    },
    "latestOffset" : {
      "reddit_data" : {
        "0" : 300
      }
    },
    "numInputRows" : 0,
    "inputRowsPerSecond" : 0.0,
    "processedRowsPerSecond" : 0.0,
    "metrics" : {
      "avgOffsetsBehindLatest" : "0.0",
      "maxOffsetsBehindLatest" : "0",
      "minOffsetsBehindLatest" : "0"
    }
  } ],
  "sink" : {
    "description" : "ForeachBatchSink",
    "numOutputRows" : -1
  }
}
[2024-12-14T14:04:00.046+0000] {docker.py:413} INFO - 24/12/14 14:04:00 INFO MicroBatchExecution: Streaming query has been idle and waiting for new data more than 10000 ms.
[2024-12-14T14:05:00.028+0000] {docker.py:413} INFO - 24/12/14 14:05:00 INFO MicroBatchExecution: Streaming query has been idle and waiting for new data more than 10000 ms.
[2024-12-14T14:06:00.029+0000] {docker.py:413} INFO - 24/12/14 14:06:00 INFO MicroBatchExecution: Streaming query has been idle and waiting for new data more than 10000 ms.
[2024-12-14T14:07:00.027+0000] {docker.py:413} INFO - 24/12/14 14:07:00 INFO MicroBatchExecution: Streaming query has been idle and waiting for new data more than 10000 ms.
[2024-12-14T14:08:00.023+0000] {docker.py:413} INFO - 24/12/14 14:08:00 INFO MicroBatchExecution: Streaming query has been idle and waiting for new data more than 10000 ms.
[2024-12-14T14:08:39.592+0000] {docker.py:413} INFO - 24/12/14 14:08:39 INFO NetworkClient: [AdminClient clientId=adminclient-1] Node -1 disconnected.
[2024-12-14T14:09:00.037+0000] {docker.py:413} INFO - 24/12/14 14:09:00 INFO MicroBatchExecution: Streaming query has been idle and waiting for new data more than 10000 ms.
[2024-12-14T14:10:00.030+0000] {docker.py:413} INFO - 24/12/14 14:10:00 INFO MicroBatchExecution: Streaming query has been idle and waiting for new data more than 10000 ms.
[2024-12-14T14:11:00.042+0000] {docker.py:413} INFO - 24/12/14 14:11:00 INFO MicroBatchExecution: Streaming query has been idle and waiting for new data more than 10000 ms.
[2024-12-14T14:12:00.045+0000] {docker.py:413} INFO - 24/12/14 14:12:00 INFO MicroBatchExecution: Streaming query has been idle and waiting for new data more than 10000 ms.
[2024-12-14T14:13:00.033+0000] {docker.py:413} INFO - 24/12/14 14:13:00 INFO MicroBatchExecution: Streaming query has been idle and waiting for new data more than 10000 ms.
[2024-12-14T14:14:00.030+0000] {docker.py:413} INFO - 24/12/14 14:14:00 INFO MicroBatchExecution: Streaming query has been idle and waiting for new data more than 10000 ms.
[2024-12-14T14:15:00.036+0000] {docker.py:413} INFO - 24/12/14 14:15:00 INFO MicroBatchExecution: Streaming query has been idle and waiting for new data more than 10000 ms.
[2024-12-14T14:15:04.181+0000] {local_task_job_runner.py:115} ERROR - Received SIGTERM. Terminating subprocesses
[2024-12-14T14:15:04.200+0000] {process_utils.py:131} INFO - Sending 15 to group 2139. PIDs of all processes in the group: [2139]
[2024-12-14T14:15:04.204+0000] {process_utils.py:86} INFO - Sending the signal 15 to group 2139
[2024-12-14T14:15:04.211+0000] {taskinstance.py:1632} ERROR - Received SIGTERM. Terminating subprocesses.
[2024-12-14T14:15:04.219+0000] {docker.py:505} INFO - Stopping docker container
[2024-12-14T14:15:06.408+0000] {taskinstance.py:1937} ERROR - Task failed with exception
Traceback (most recent call last):
  File "/home/airflow/.local/lib/python3.8/site-packages/docker/api/client.py", line 268, in _raise_for_status
    response.raise_for_status()
  File "/home/airflow/.local/lib/python3.8/site-packages/requests/models.py", line 1021, in raise_for_status
    raise HTTPError(http_error_msg, response=self)
requests.exceptions.HTTPError: 400 Client Error: Bad Request for url: http://docker-proxy:2375/v1.47/containers/create

The above exception was the direct cause of the following exception:

Traceback (most recent call last):
  File "/home/airflow/.local/lib/python3.8/site-packages/airflow/providers/docker/operators/docker.py", line 348, in _run_image
    return self._run_image_with_mounts([*self.mounts, tmp_mount], add_tmp_variable=True)
  File "/home/airflow/.local/lib/python3.8/site-packages/airflow/providers/docker/operators/docker.py", line 375, in _run_image_with_mounts
    self.container = self.cli.create_container(
  File "/home/airflow/.local/lib/python3.8/site-packages/docker/api/container.py", line 431, in create_container
    return self.create_container_from_config(config, name, platform)
  File "/home/airflow/.local/lib/python3.8/site-packages/docker/api/container.py", line 448, in create_container_from_config
    return self._result(res, True)
  File "/home/airflow/.local/lib/python3.8/site-packages/docker/api/client.py", line 274, in _result
    self._raise_for_status(response)
  File "/home/airflow/.local/lib/python3.8/site-packages/docker/api/client.py", line 270, in _raise_for_status
    raise create_api_error_from_http_exception(e) from e
  File "/home/airflow/.local/lib/python3.8/site-packages/docker/errors.py", line 39, in create_api_error_from_http_exception
    raise cls(e, response=response, explanation=explanation) from e
docker.errors.APIError: 400 Client Error for http://docker-proxy:2375/v1.47/containers/create: Bad Request ("invalid mount config for type "bind": bind source path does not exist: /tmp/airflowtmpyj7swj4x")

During handling of the above exception, another exception occurred:

Traceback (most recent call last):
  File "/home/airflow/.local/lib/python3.8/site-packages/airflow/providers/docker/operators/docker.py", line 486, in execute
    return self._run_image()
  File "/home/airflow/.local/lib/python3.8/site-packages/airflow/providers/docker/operators/docker.py", line 357, in _run_image
    return self._run_image_with_mounts(self.mounts, add_tmp_variable=False)
  File "/home/airflow/.local/lib/python3.8/site-packages/airflow/providers/docker/operators/docker.py", line 410, in _run_image_with_mounts
    for log_chunk in logstream:
  File "/home/airflow/.local/lib/python3.8/site-packages/docker/types/daemon.py", line 29, in __next__
    return next(self._stream)
  File "/home/airflow/.local/lib/python3.8/site-packages/docker/api/client.py", line 422, in <genexpr>
    gen = (data for (_, data) in gen)
  File "/home/airflow/.local/lib/python3.8/site-packages/docker/utils/socket.py", line 112, in frames_iter_no_tty
    (stream, n) = next_frame_header(socket)
  File "/home/airflow/.local/lib/python3.8/site-packages/docker/utils/socket.py", line 84, in next_frame_header
    data = read_exactly(socket, 8)
  File "/home/airflow/.local/lib/python3.8/site-packages/docker/utils/socket.py", line 69, in read_exactly
    next_data = read(socket, n - len(data))
  File "/home/airflow/.local/lib/python3.8/site-packages/docker/utils/socket.py", line 40, in read
    poll.poll()
  File "/home/airflow/.local/lib/python3.8/site-packages/airflow/models/taskinstance.py", line 1634, in signal_handler
    raise AirflowException("Task received SIGTERM signal")
airflow.exceptions.AirflowException: Task received SIGTERM signal
[2024-12-14T14:15:06.473+0000] {taskinstance.py:1400} INFO - Marking task as UP_FOR_RETRY. dag_id=kafka_spark_dag, task_id=pyspark_consumer, execution_date=20241214T135841, start_date=20241214T140120, end_date=20241214T141506
[2024-12-14T14:15:06.563+0000] {standard_task_runner.py:104} ERROR - Failed to execute job 4 for task pyspark_consumer (Task received SIGTERM signal; 2139)
[2024-12-14T14:15:06.635+0000] {process_utils.py:79} INFO - Process psutil.Process(pid=2139, status='terminated', exitcode=1, started='14:01:20') (2139) terminated with exit code 1
[2024-12-14T14:15:06.640+0000] {local_task_job_runner.py:228} INFO - Task exited with return code 143
[2024-12-14T14:15:06.766+0000] {taskinstance.py:2778} INFO - 0 downstream tasks scheduled from follow-on schedule check
