[2024-12-14T17:45:17.736+0000] {taskinstance.py:1159} INFO - Dependencies all met for dep_context=non-requeueable deps ti=<TaskInstance: kafka_spark_dag.pyspark_consumer manual__2024-12-14T17:42:12.883731+00:00 [queued]>
[2024-12-14T17:45:17.762+0000] {taskinstance.py:1159} INFO - Dependencies all met for dep_context=requeueable deps ti=<TaskInstance: kafka_spark_dag.pyspark_consumer manual__2024-12-14T17:42:12.883731+00:00 [queued]>
[2024-12-14T17:45:17.763+0000] {taskinstance.py:1361} INFO - Starting attempt 2 of 2
[2024-12-14T17:45:17.806+0000] {taskinstance.py:1382} INFO - Executing <Task(DockerOperator): pyspark_consumer> on 2024-12-14 17:42:12.883731+00:00
[2024-12-14T17:45:17.820+0000] {standard_task_runner.py:57} INFO - Started process 2640 to run task
[2024-12-14T17:45:17.829+0000] {standard_task_runner.py:84} INFO - Running: ['airflow', 'tasks', 'run', 'kafka_spark_dag', 'pyspark_consumer', 'manual__2024-12-14T17:42:12.883731+00:00', '--job-id', '5', '--raw', '--subdir', 'DAGS_FOLDER/dag_kafka_spark.py', '--cfg-path', '/tmp/tmpzdm10kr8']
[2024-12-14T17:45:17.837+0000] {standard_task_runner.py:85} INFO - Job 5: Subtask pyspark_consumer
[2024-12-14T17:45:17.963+0000] {task_command.py:416} INFO - Running <TaskInstance: kafka_spark_dag.pyspark_consumer manual__2024-12-14T17:42:12.883731+00:00 [running]> on host 593a4b9e7bf2
[2024-12-14T17:45:18.148+0000] {taskinstance.py:1662} INFO - Exporting env vars: AIRFLOW_CTX_DAG_OWNER='airflow' AIRFLOW_CTX_DAG_ID='kafka_spark_dag' AIRFLOW_CTX_TASK_ID='pyspark_consumer' AIRFLOW_CTX_EXECUTION_DATE='2024-12-14T17:42:12.883731+00:00' AIRFLOW_CTX_TRY_NUMBER='2' AIRFLOW_CTX_DAG_RUN_ID='manual__2024-12-14T17:42:12.883731+00:00'
[2024-12-14T17:45:18.258+0000] {docker.py:343} INFO - Starting docker container from image reddit-consumer/spark:latest
[2024-12-14T17:45:18.316+0000] {docker.py:351} WARNING - Using remote engine or docker-in-docker and mounting temporary volume from host is not supported. Falling back to `mount_tmp_dir=False` mode. You can set `mount_tmp_dir` parameter to False to disable mounting and remove the warning
[2024-12-14T17:45:19.162+0000] {docker.py:413} INFO - [38;5;6mspark [38;5;5m17:45:19.14 [0m[38;5;2mINFO [0m ==>
[2024-12-14T17:45:19.164+0000] {docker.py:413} INFO - [38;5;6mspark [38;5;5m17:45:19.14 [0m[38;5;2mINFO [0m ==> [1mWelcome to the Bitnami spark container[0m
[2024-12-14T17:45:19.167+0000] {docker.py:413} INFO - [38;5;6mspark [38;5;5m17:45:19.15 [0m[38;5;2mINFO [0m ==> Subscribe to project updates by watching [1mhttps://github.com/bitnami/containers[0m
[2024-12-14T17:45:19.168+0000] {docker.py:413} INFO - [38;5;6mspark [38;5;5m17:45:19.15 [0m[38;5;2mINFO [0m ==> Submit issues and feature requests at [1mhttps://github.com/bitnami/containers/issues[0m
[2024-12-14T17:45:19.170+0000] {docker.py:413} INFO - [38;5;6mspark [38;5;5m17:45:19.16 [0m[38;5;2mINFO [0m ==>
[2024-12-14T17:45:19.172+0000] {docker.py:413} INFO - 
[2024-12-14T17:45:22.584+0000] {docker.py:413} INFO - :: loading settings :: url = jar:file:/opt/bitnami/spark/jars/ivy-2.5.1.jar!/org/apache/ivy/core/settings/ivysettings.xml
[2024-12-14T17:45:22.694+0000] {docker.py:413} INFO - Ivy Default Cache set to: /root/.ivy2/cache
The jars for the packages stored in: /root/.ivy2/jars
[2024-12-14T17:45:22.704+0000] {docker.py:413} INFO - org.***ql#***ql added as a dependency
org.apache.spark#spark-sql-kafka-0-10_2.12 added as a dependency
[2024-12-14T17:45:22.705+0000] {docker.py:413} INFO - :: resolving dependencies :: org.apache.spark#spark-submit-parent-58821437-bdff-4b0f-af28-2fd947147807;1.0
	confs: [default]
[2024-12-14T17:45:25.071+0000] {docker.py:413} INFO - found org.***ql#***ql;42.5.4 in central
[2024-12-14T17:45:25.741+0000] {docker.py:413} INFO - found org.checkerframework#checker-qual;3.5.0 in central
[2024-12-14T17:45:30.010+0000] {docker.py:413} INFO - found org.apache.spark#spark-sql-kafka-0-10_2.12;3.5.0 in central
[2024-12-14T17:45:31.028+0000] {docker.py:413} INFO - found org.apache.spark#spark-token-provider-kafka-0-10_2.12;3.5.0 in central
[2024-12-14T17:45:31.670+0000] {docker.py:413} INFO - found org.apache.kafka#kafka-clients;3.4.1 in central
[2024-12-14T17:45:32.310+0000] {docker.py:413} INFO - found org.lz4#lz4-java;1.8.0 in central
[2024-12-14T17:45:32.911+0000] {docker.py:413} INFO - found org.xerial.snappy#snappy-java;1.1.10.3 in central
[2024-12-14T17:45:34.937+0000] {docker.py:413} INFO - found org.slf4j#slf4j-api;2.0.7 in central
[2024-12-14T17:45:40.916+0000] {docker.py:413} INFO - found org.apache.hadoop#hadoop-client-runtime;3.3.4 in central
[2024-12-14T17:45:41.724+0000] {docker.py:413} INFO - found org.apache.hadoop#hadoop-client-api;3.3.4 in central
[2024-12-14T17:45:45.080+0000] {docker.py:413} INFO - found commons-logging#commons-logging;1.1.3 in central
[2024-12-14T17:45:45.696+0000] {docker.py:413} INFO - found com.google.code.findbugs#jsr305;3.0.0 in central
[2024-12-14T17:45:51.426+0000] {docker.py:413} INFO - found org.apache.commons#commons-pool2;2.11.1 in central
[2024-12-14T17:45:51.721+0000] {docker.py:413} INFO - downloading https://repo1.maven.org/maven2/org/***ql/***ql/42.5.4/***ql-42.5.4.jar ...
[2024-12-14T17:45:53.704+0000] {docker.py:413} INFO - [SUCCESSFUL ] org.***ql#***ql;42.5.4!***ql.jar (2251ms)
[2024-12-14T17:45:53.974+0000] {docker.py:413} INFO - downloading https://repo1.maven.org/maven2/org/apache/spark/spark-sql-kafka-0-10_2.12/3.5.0/spark-sql-kafka-0-10_2.12-3.5.0.jar ...
[2024-12-14T17:45:54.854+0000] {docker.py:413} INFO - [SUCCESSFUL ] org.apache.spark#spark-sql-kafka-0-10_2.12;3.5.0!spark-sql-kafka-0-10_2.12.jar (1147ms)
[2024-12-14T17:45:55.100+0000] {docker.py:413} INFO - downloading https://repo1.maven.org/maven2/org/checkerframework/checker-qual/3.5.0/checker-qual-3.5.0.jar ...
[2024-12-14T17:45:55.619+0000] {docker.py:413} INFO - [SUCCESSFUL ] org.checkerframework#checker-qual;3.5.0!checker-qual.jar (764ms)
[2024-12-14T17:45:55.919+0000] {docker.py:413} INFO - downloading https://repo1.maven.org/maven2/org/apache/spark/spark-token-provider-kafka-0-10_2.12/3.5.0/spark-token-provider-kafka-0-10_2.12-3.5.0.jar ...
[2024-12-14T17:45:56.176+0000] {docker.py:413} INFO - [SUCCESSFUL ] org.apache.spark#spark-token-provider-kafka-0-10_2.12;3.5.0!spark-token-provider-kafka-0-10_2.12.jar (554ms)
[2024-12-14T17:45:56.429+0000] {docker.py:413} INFO - downloading https://repo1.maven.org/maven2/org/apache/kafka/kafka-clients/3.4.1/kafka-clients-3.4.1.jar ...
[2024-12-14T17:46:03.216+0000] {docker.py:413} INFO - [SUCCESSFUL ] org.apache.kafka#kafka-clients;3.4.1!kafka-clients.jar (7036ms)
[2024-12-14T17:46:03.500+0000] {docker.py:413} INFO - downloading https://repo1.maven.org/maven2/com/google/code/findbugs/jsr305/3.0.0/jsr305-3.0.0.jar ...
[2024-12-14T17:46:03.814+0000] {docker.py:413} INFO - [SUCCESSFUL ] com.google.code.findbugs#jsr305;3.0.0!jsr305.jar (596ms)
[2024-12-14T17:46:04.119+0000] {docker.py:413} INFO - downloading https://repo1.maven.org/maven2/org/apache/commons/commons-pool2/2.11.1/commons-pool2-2.11.1.jar ...
[2024-12-14T17:46:06.170+0000] {docker.py:413} INFO - [SUCCESSFUL ] org.apache.commons#commons-pool2;2.11.1!commons-pool2.jar (2351ms)
[2024-12-14T17:46:06.469+0000] {docker.py:413} INFO - downloading https://repo1.maven.org/maven2/org/apache/hadoop/hadoop-client-runtime/3.3.4/hadoop-client-runtime-3.3.4.jar ...
[2024-12-14T17:46:17.538+0000] {docker.py:413} INFO - [SUCCESSFUL ] org.apache.hadoop#hadoop-client-runtime;3.3.4!hadoop-client-runtime.jar (11366ms)
[2024-12-14T17:46:17.833+0000] {docker.py:413} INFO - downloading https://repo1.maven.org/maven2/org/lz4/lz4-java/1.8.0/lz4-java-1.8.0.jar ...
[2024-12-14T17:46:18.286+0000] {docker.py:413} INFO - [SUCCESSFUL ] org.lz4#lz4-java;1.8.0!lz4-java.jar (745ms)
[2024-12-14T17:46:18.551+0000] {docker.py:413} INFO - downloading https://repo1.maven.org/maven2/org/xerial/snappy/snappy-java/1.1.10.3/snappy-java-1.1.10.3.jar ...
[2024-12-14T17:46:19.175+0000] {docker.py:413} INFO - [SUCCESSFUL ] org.xerial.snappy#snappy-java;1.1.10.3!snappy-java.jar(bundle) (888ms)
[2024-12-14T17:46:19.471+0000] {docker.py:413} INFO - downloading https://repo1.maven.org/maven2/org/slf4j/slf4j-api/2.0.7/slf4j-api-2.0.7.jar ...
[2024-12-14T17:46:21.388+0000] {docker.py:413} INFO - [SUCCESSFUL ] org.slf4j#slf4j-api;2.0.7!slf4j-api.jar (2211ms)
[2024-12-14T17:46:21.623+0000] {docker.py:413} INFO - downloading https://repo1.maven.org/maven2/org/apache/hadoop/hadoop-client-api/3.3.4/hadoop-client-api-3.3.4.jar ...
[2024-12-14T17:46:34.210+0000] {docker.py:413} INFO - [SUCCESSFUL ] org.apache.hadoop#hadoop-client-api;3.3.4!hadoop-client-api.jar (12819ms)
[2024-12-14T17:46:34.396+0000] {docker.py:413} INFO - downloading https://repo1.maven.org/maven2/commons-logging/commons-logging/1.1.3/commons-logging-1.1.3.jar ...
[2024-12-14T17:46:34.600+0000] {docker.py:413} INFO - [SUCCESSFUL ] commons-logging#commons-logging;1.1.3!commons-logging.jar (386ms)
[2024-12-14T17:46:34.601+0000] {docker.py:413} INFO - :: resolution report :: resolve 28745ms :: artifacts dl 43150ms
	:: modules in use:
[2024-12-14T17:46:34.602+0000] {docker.py:413} INFO - com.google.code.findbugs#jsr305;3.0.0 from central in [default]
	commons-logging#commons-logging;1.1.3 from central in [default]
	org.apache.commons#commons-pool2;2.11.1 from central in [default]
	org.apache.hadoop#hadoop-client-api;3.3.4 from central in [default]
	org.apache.hadoop#hadoop-client-runtime;3.3.4 from central in [default]
	org.apache.kafka#kafka-clients;3.4.1 from central in [default]
	org.apache.spark#spark-sql-kafka-0-10_2.12;3.5.0 from central in [default]
[2024-12-14T17:46:34.604+0000] {docker.py:413} INFO - org.apache.spark#spark-token-provider-kafka-0-10_2.12;3.5.0 from central in [default]
	org.checkerframework#checker-qual;3.5.0 from central in [default]
[2024-12-14T17:46:34.605+0000] {docker.py:413} INFO - org.lz4#lz4-java;1.8.0 from central in [default]
	org.***ql#***ql;42.5.4 from central in [default]
	org.slf4j#slf4j-api;2.0.7 from central in [default]
	org.xerial.snappy#snappy-java;1.1.10.3 from central in [default]
[2024-12-14T17:46:34.607+0000] {docker.py:413} INFO - ---------------------------------------------------------------------
	|                  |            modules            ||   artifacts   |
	|       conf       | number| search|dwnlded|evicted|| number|dwnlded|
	---------------------------------------------------------------------
[2024-12-14T17:46:34.609+0000] {docker.py:413} INFO - |      default     |   13  |   13  |   13  |   0   ||   13  |   13  |
	---------------------------------------------------------------------
[2024-12-14T17:46:34.620+0000] {docker.py:413} INFO - :: retrieving :: org.apache.spark#spark-submit-parent-58821437-bdff-4b0f-af28-2fd947147807
	confs: [default]
[2024-12-14T17:46:34.743+0000] {docker.py:413} INFO - 13 artifacts copied, 0 already retrieved (58001kB/123ms)
[2024-12-14T17:46:35.265+0000] {docker.py:413} INFO - 24/12/14 17:46:35 WARN NativeCodeLoader: Unable to load native-hadoop library for your platform... using builtin-java classes where applicable
[2024-12-14T17:46:39.585+0000] {docker.py:413} INFO - 2024-12-14 17:46:39,583 [INFO] Starting Spark Streaming job
2024-12-14 17:46:39,583 [INFO] Starting stream processing...
2024-12-14 17:46:39,583 [INFO] Creating Spark session...
[2024-12-14T17:46:39.727+0000] {docker.py:413} INFO - 24/12/14 17:46:39 INFO SparkContext: Running Spark version 3.5.0
[2024-12-14T17:46:39.728+0000] {docker.py:413} INFO - 24/12/14 17:46:39 INFO SparkContext: OS info Linux, 6.10.11-linuxkit, amd64
[2024-12-14T17:46:39.730+0000] {docker.py:413} INFO - 24/12/14 17:46:39 INFO SparkContext: Java version 17.0.10
[2024-12-14T17:46:39.769+0000] {docker.py:413} INFO - 24/12/14 17:46:39 INFO ResourceUtils: ==============================================================
[2024-12-14T17:46:39.770+0000] {docker.py:413} INFO - 24/12/14 17:46:39 INFO ResourceUtils: No custom resources configured for spark.driver.
[2024-12-14T17:46:39.772+0000] {docker.py:413} INFO - 24/12/14 17:46:39 INFO ResourceUtils: ==============================================================
[2024-12-14T17:46:39.773+0000] {docker.py:413} INFO - 24/12/14 17:46:39 INFO SparkContext: Submitted application: RedditSoccerAnalysis
[2024-12-14T17:46:39.810+0000] {docker.py:413} INFO - 24/12/14 17:46:39 INFO ResourceProfile: Default ResourceProfile created, executor resources: Map(cores -> name: cores, amount: 1, script: , vendor: , memory -> name: memory, amount: 1024, script: , vendor: , offHeap -> name: offHeap, amount: 0, script: , vendor: ), task resources: Map(cpus -> name: cpus, amount: 1.0)
[2024-12-14T17:46:39.826+0000] {docker.py:413} INFO - 24/12/14 17:46:39 INFO ResourceProfile: Limiting resource is cpu
[2024-12-14T17:46:39.827+0000] {docker.py:413} INFO - 24/12/14 17:46:39 INFO ResourceProfileManager: Added ResourceProfile id: 0
[2024-12-14T17:46:39.913+0000] {docker.py:413} INFO - 24/12/14 17:46:39 INFO SecurityManager: Changing view acls to: root,spark
[2024-12-14T17:46:39.915+0000] {docker.py:413} INFO - 24/12/14 17:46:39 INFO SecurityManager: Changing modify acls to: root,spark
[2024-12-14T17:46:39.916+0000] {docker.py:413} INFO - 24/12/14 17:46:39 INFO SecurityManager: Changing view acls groups to:
[2024-12-14T17:46:39.917+0000] {docker.py:413} INFO - 24/12/14 17:46:39 INFO SecurityManager: Changing modify acls groups to:
[2024-12-14T17:46:39.917+0000] {docker.py:413} INFO - 24/12/14 17:46:39 INFO SecurityManager: SecurityManager: authentication disabled; ui acls disabled; users with view permissions: root, spark; groups with view permissions: EMPTY; users with modify permissions: root, spark; groups with modify permissions: EMPTY
[2024-12-14T17:46:40.406+0000] {docker.py:413} INFO - 24/12/14 17:46:40 INFO Utils: Successfully started service 'sparkDriver' on port 43123.
[2024-12-14T17:46:40.479+0000] {docker.py:413} INFO - 24/12/14 17:46:40 INFO SparkEnv: Registering MapOutputTracker
[2024-12-14T17:46:40.585+0000] {docker.py:413} INFO - 24/12/14 17:46:40 INFO SparkEnv: Registering BlockManagerMaster
[2024-12-14T17:46:40.641+0000] {docker.py:413} INFO - 24/12/14 17:46:40 INFO BlockManagerMasterEndpoint: Using org.apache.spark.storage.DefaultTopologyMapper for getting topology information
[2024-12-14T17:46:40.642+0000] {docker.py:413} INFO - 24/12/14 17:46:40 INFO BlockManagerMasterEndpoint: BlockManagerMasterEndpoint up
[2024-12-14T17:46:40.659+0000] {docker.py:413} INFO - 24/12/14 17:46:40 INFO SparkEnv: Registering BlockManagerMasterHeartbeat
[2024-12-14T17:46:40.717+0000] {docker.py:413} INFO - 24/12/14 17:46:40 INFO DiskBlockManager: Created local directory at /tmp/blockmgr-8c3f3dfa-9bc3-4c9e-bc0b-7eb6885d000c
[2024-12-14T17:46:40.753+0000] {docker.py:413} INFO - 24/12/14 17:46:40 INFO MemoryStore: MemoryStore started with capacity 434.4 MiB
[2024-12-14T17:46:40.801+0000] {docker.py:413} INFO - 24/12/14 17:46:40 INFO SparkEnv: Registering OutputCommitCoordinator
[2024-12-14T17:46:41.125+0000] {docker.py:413} INFO - 24/12/14 17:46:41 INFO JettyUtils: Start Jetty 0.0.0.0:4040 for SparkUI
[2024-12-14T17:46:41.375+0000] {docker.py:413} INFO - 24/12/14 17:46:41 INFO Utils: Successfully started service 'SparkUI' on port 4040.
[2024-12-14T17:46:41.484+0000] {docker.py:413} INFO - 24/12/14 17:46:41 INFO SparkContext: Added JAR file:///root/.ivy2/jars/org.***ql_***ql-42.5.4.jar at spark://localhost:43123/jars/org.***ql_***ql-42.5.4.jar with timestamp 1734198399712
[2024-12-14T17:46:41.487+0000] {docker.py:413} INFO - 24/12/14 17:46:41 INFO SparkContext: Added JAR file:///root/.ivy2/jars/org.apache.spark_spark-sql-kafka-0-10_2.12-3.5.0.jar at spark://localhost:43123/jars/org.apache.spark_spark-sql-kafka-0-10_2.12-3.5.0.jar with timestamp 1734198399712
[2024-12-14T17:46:41.488+0000] {docker.py:413} INFO - 24/12/14 17:46:41 INFO SparkContext: Added JAR file:///root/.ivy2/jars/org.checkerframework_checker-qual-3.5.0.jar at spark://localhost:43123/jars/org.checkerframework_checker-qual-3.5.0.jar with timestamp 1734198399712
[2024-12-14T17:46:41.489+0000] {docker.py:413} INFO - 24/12/14 17:46:41 INFO SparkContext: Added JAR file:///root/.ivy2/jars/org.apache.spark_spark-token-provider-kafka-0-10_2.12-3.5.0.jar at spark://localhost:43123/jars/org.apache.spark_spark-token-provider-kafka-0-10_2.12-3.5.0.jar with timestamp 1734198399712
[2024-12-14T17:46:41.490+0000] {docker.py:413} INFO - 24/12/14 17:46:41 INFO SparkContext: Added JAR file:///root/.ivy2/jars/org.apache.kafka_kafka-clients-3.4.1.jar at spark://localhost:43123/jars/org.apache.kafka_kafka-clients-3.4.1.jar with timestamp 1734198399712
[2024-12-14T17:46:41.491+0000] {docker.py:413} INFO - 24/12/14 17:46:41 INFO SparkContext: Added JAR file:///root/.ivy2/jars/com.google.code.findbugs_jsr305-3.0.0.jar at spark://localhost:43123/jars/com.google.code.findbugs_jsr305-3.0.0.jar with timestamp 1734198399712
[2024-12-14T17:46:41.493+0000] {docker.py:413} INFO - 24/12/14 17:46:41 INFO SparkContext: Added JAR file:///root/.ivy2/jars/org.apache.commons_commons-pool2-2.11.1.jar at spark://localhost:43123/jars/org.apache.commons_commons-pool2-2.11.1.jar with timestamp 1734198399712
[2024-12-14T17:46:41.495+0000] {docker.py:413} INFO - 24/12/14 17:46:41 INFO SparkContext: Added JAR file:///root/.ivy2/jars/org.apache.hadoop_hadoop-client-runtime-3.3.4.jar at spark://localhost:43123/jars/org.apache.hadoop_hadoop-client-runtime-3.3.4.jar with timestamp 1734198399712
[2024-12-14T17:46:41.496+0000] {docker.py:413} INFO - 24/12/14 17:46:41 INFO SparkContext: Added JAR file:///root/.ivy2/jars/org.lz4_lz4-java-1.8.0.jar at spark://localhost:43123/jars/org.lz4_lz4-java-1.8.0.jar with timestamp 1734198399712
[2024-12-14T17:46:41.498+0000] {docker.py:413} INFO - 24/12/14 17:46:41 INFO SparkContext: Added JAR file:///root/.ivy2/jars/org.xerial.snappy_snappy-java-1.1.10.3.jar at spark://localhost:43123/jars/org.xerial.snappy_snappy-java-1.1.10.3.jar with timestamp 1734198399712
[2024-12-14T17:46:41.499+0000] {docker.py:413} INFO - 24/12/14 17:46:41 INFO SparkContext: Added JAR file:///root/.ivy2/jars/org.slf4j_slf4j-api-2.0.7.jar at spark://localhost:43123/jars/org.slf4j_slf4j-api-2.0.7.jar with timestamp 1734198399712
[2024-12-14T17:46:41.500+0000] {docker.py:413} INFO - 24/12/14 17:46:41 INFO SparkContext: Added JAR file:///root/.ivy2/jars/org.apache.hadoop_hadoop-client-api-3.3.4.jar at spark://localhost:43123/jars/org.apache.hadoop_hadoop-client-api-3.3.4.jar with timestamp 1734198399712
[2024-12-14T17:46:41.501+0000] {docker.py:413} INFO - 24/12/14 17:46:41 INFO SparkContext: Added JAR file:///root/.ivy2/jars/commons-logging_commons-logging-1.1.3.jar at spark://localhost:43123/jars/commons-logging_commons-logging-1.1.3.jar with timestamp 1734198399712
[2024-12-14T17:46:41.506+0000] {docker.py:413} INFO - 24/12/14 17:46:41 INFO SparkContext: Added file file:///root/.ivy2/jars/org.***ql_***ql-42.5.4.jar at file:///root/.ivy2/jars/org.***ql_***ql-42.5.4.jar with timestamp 1734198399712
[2024-12-14T17:46:41.511+0000] {docker.py:413} INFO - 24/12/14 17:46:41 INFO Utils: Copying /root/.ivy2/jars/org.***ql_***ql-42.5.4.jar to /tmp/spark-2e2fdae5-1513-448e-95f5-bfe0cc55e47a/userFiles-834b132a-b2eb-4713-8898-2dd3a5c44042/org.***ql_***ql-42.5.4.jar
[2024-12-14T17:46:41.535+0000] {docker.py:413} INFO - 24/12/14 17:46:41 INFO SparkContext: Added file file:///root/.ivy2/jars/org.apache.spark_spark-sql-kafka-0-10_2.12-3.5.0.jar at file:///root/.ivy2/jars/org.apache.spark_spark-sql-kafka-0-10_2.12-3.5.0.jar with timestamp 1734198399712
[2024-12-14T17:46:41.536+0000] {docker.py:413} INFO - 24/12/14 17:46:41 INFO Utils: Copying /root/.ivy2/jars/org.apache.spark_spark-sql-kafka-0-10_2.12-3.5.0.jar to /tmp/spark-2e2fdae5-1513-448e-95f5-bfe0cc55e47a/userFiles-834b132a-b2eb-4713-8898-2dd3a5c44042/org.apache.spark_spark-sql-kafka-0-10_2.12-3.5.0.jar
[2024-12-14T17:46:41.543+0000] {docker.py:413} INFO - 24/12/14 17:46:41 INFO SparkContext: Added file file:///root/.ivy2/jars/org.checkerframework_checker-qual-3.5.0.jar at file:///root/.ivy2/jars/org.checkerframework_checker-qual-3.5.0.jar with timestamp 1734198399712
[2024-12-14T17:46:41.545+0000] {docker.py:413} INFO - 24/12/14 17:46:41 INFO Utils: Copying /root/.ivy2/jars/org.checkerframework_checker-qual-3.5.0.jar to /tmp/spark-2e2fdae5-1513-448e-95f5-bfe0cc55e47a/userFiles-834b132a-b2eb-4713-8898-2dd3a5c44042/org.checkerframework_checker-qual-3.5.0.jar
[2024-12-14T17:46:41.552+0000] {docker.py:413} INFO - 24/12/14 17:46:41 INFO SparkContext: Added file file:///root/.ivy2/jars/org.apache.spark_spark-token-provider-kafka-0-10_2.12-3.5.0.jar at file:///root/.ivy2/jars/org.apache.spark_spark-token-provider-kafka-0-10_2.12-3.5.0.jar with timestamp 1734198399712
[2024-12-14T17:46:41.554+0000] {docker.py:413} INFO - 24/12/14 17:46:41 INFO Utils: Copying /root/.ivy2/jars/org.apache.spark_spark-token-provider-kafka-0-10_2.12-3.5.0.jar to /tmp/spark-2e2fdae5-1513-448e-95f5-bfe0cc55e47a/userFiles-834b132a-b2eb-4713-8898-2dd3a5c44042/org.apache.spark_spark-token-provider-kafka-0-10_2.12-3.5.0.jar
[2024-12-14T17:46:41.561+0000] {docker.py:413} INFO - 24/12/14 17:46:41 INFO SparkContext: Added file file:///root/.ivy2/jars/org.apache.kafka_kafka-clients-3.4.1.jar at file:///root/.ivy2/jars/org.apache.kafka_kafka-clients-3.4.1.jar with timestamp 1734198399712
[2024-12-14T17:46:41.563+0000] {docker.py:413} INFO - 24/12/14 17:46:41 INFO Utils: Copying /root/.ivy2/jars/org.apache.kafka_kafka-clients-3.4.1.jar to /tmp/spark-2e2fdae5-1513-448e-95f5-bfe0cc55e47a/userFiles-834b132a-b2eb-4713-8898-2dd3a5c44042/org.apache.kafka_kafka-clients-3.4.1.jar
[2024-12-14T17:46:41.574+0000] {docker.py:413} INFO - 24/12/14 17:46:41 INFO SparkContext: Added file file:///root/.ivy2/jars/com.google.code.findbugs_jsr305-3.0.0.jar at file:///root/.ivy2/jars/com.google.code.findbugs_jsr305-3.0.0.jar with timestamp 1734198399712
[2024-12-14T17:46:41.575+0000] {docker.py:413} INFO - 24/12/14 17:46:41 INFO Utils: Copying /root/.ivy2/jars/com.google.code.findbugs_jsr305-3.0.0.jar to /tmp/spark-2e2fdae5-1513-448e-95f5-bfe0cc55e47a/userFiles-834b132a-b2eb-4713-8898-2dd3a5c44042/com.google.code.findbugs_jsr305-3.0.0.jar
[2024-12-14T17:46:41.582+0000] {docker.py:413} INFO - 24/12/14 17:46:41 INFO SparkContext: Added file file:///root/.ivy2/jars/org.apache.commons_commons-pool2-2.11.1.jar at file:///root/.ivy2/jars/org.apache.commons_commons-pool2-2.11.1.jar with timestamp 1734198399712
[2024-12-14T17:46:41.583+0000] {docker.py:413} INFO - 24/12/14 17:46:41 INFO Utils: Copying /root/.ivy2/jars/org.apache.commons_commons-pool2-2.11.1.jar to /tmp/spark-2e2fdae5-1513-448e-95f5-bfe0cc55e47a/userFiles-834b132a-b2eb-4713-8898-2dd3a5c44042/org.apache.commons_commons-pool2-2.11.1.jar
[2024-12-14T17:46:41.591+0000] {docker.py:413} INFO - 24/12/14 17:46:41 INFO SparkContext: Added file file:///root/.ivy2/jars/org.apache.hadoop_hadoop-client-runtime-3.3.4.jar at file:///root/.ivy2/jars/org.apache.hadoop_hadoop-client-runtime-3.3.4.jar with timestamp 1734198399712
[2024-12-14T17:46:41.593+0000] {docker.py:413} INFO - 24/12/14 17:46:41 INFO Utils: Copying /root/.ivy2/jars/org.apache.hadoop_hadoop-client-runtime-3.3.4.jar to /tmp/spark-2e2fdae5-1513-448e-95f5-bfe0cc55e47a/userFiles-834b132a-b2eb-4713-8898-2dd3a5c44042/org.apache.hadoop_hadoop-client-runtime-3.3.4.jar
[2024-12-14T17:46:41.628+0000] {docker.py:413} INFO - 24/12/14 17:46:41 INFO SparkContext: Added file file:///root/.ivy2/jars/org.lz4_lz4-java-1.8.0.jar at file:///root/.ivy2/jars/org.lz4_lz4-java-1.8.0.jar with timestamp 1734198399712
[2024-12-14T17:46:41.630+0000] {docker.py:413} INFO - 24/12/14 17:46:41 INFO Utils: Copying /root/.ivy2/jars/org.lz4_lz4-java-1.8.0.jar to /tmp/spark-2e2fdae5-1513-448e-95f5-bfe0cc55e47a/userFiles-834b132a-b2eb-4713-8898-2dd3a5c44042/org.lz4_lz4-java-1.8.0.jar
[2024-12-14T17:46:41.636+0000] {docker.py:413} INFO - 24/12/14 17:46:41 INFO SparkContext: Added file file:///root/.ivy2/jars/org.xerial.snappy_snappy-java-1.1.10.3.jar at file:///root/.ivy2/jars/org.xerial.snappy_snappy-java-1.1.10.3.jar with timestamp 1734198399712
[2024-12-14T17:46:41.637+0000] {docker.py:413} INFO - 24/12/14 17:46:41 INFO Utils: Copying /root/.ivy2/jars/org.xerial.snappy_snappy-java-1.1.10.3.jar to /tmp/spark-2e2fdae5-1513-448e-95f5-bfe0cc55e47a/userFiles-834b132a-b2eb-4713-8898-2dd3a5c44042/org.xerial.snappy_snappy-java-1.1.10.3.jar
[2024-12-14T17:46:41.648+0000] {docker.py:413} INFO - 24/12/14 17:46:41 INFO SparkContext: Added file file:///root/.ivy2/jars/org.slf4j_slf4j-api-2.0.7.jar at file:///root/.ivy2/jars/org.slf4j_slf4j-api-2.0.7.jar with timestamp 1734198399712
[2024-12-14T17:46:41.650+0000] {docker.py:413} INFO - 24/12/14 17:46:41 INFO Utils: Copying /root/.ivy2/jars/org.slf4j_slf4j-api-2.0.7.jar to /tmp/spark-2e2fdae5-1513-448e-95f5-bfe0cc55e47a/userFiles-834b132a-b2eb-4713-8898-2dd3a5c44042/org.slf4j_slf4j-api-2.0.7.jar
[2024-12-14T17:46:41.657+0000] {docker.py:413} INFO - 24/12/14 17:46:41 INFO SparkContext: Added file file:///root/.ivy2/jars/org.apache.hadoop_hadoop-client-api-3.3.4.jar at file:///root/.ivy2/jars/org.apache.hadoop_hadoop-client-api-3.3.4.jar with timestamp 1734198399712
[2024-12-14T17:46:41.658+0000] {docker.py:413} INFO - 24/12/14 17:46:41 INFO Utils: Copying /root/.ivy2/jars/org.apache.hadoop_hadoop-client-api-3.3.4.jar to /tmp/spark-2e2fdae5-1513-448e-95f5-bfe0cc55e47a/userFiles-834b132a-b2eb-4713-8898-2dd3a5c44042/org.apache.hadoop_hadoop-client-api-3.3.4.jar
[2024-12-14T17:46:41.684+0000] {docker.py:413} INFO - 24/12/14 17:46:41 INFO SparkContext: Added file file:///root/.ivy2/jars/commons-logging_commons-logging-1.1.3.jar at file:///root/.ivy2/jars/commons-logging_commons-logging-1.1.3.jar with timestamp 1734198399712
[2024-12-14T17:46:41.685+0000] {docker.py:413} INFO - 24/12/14 17:46:41 INFO Utils: Copying /root/.ivy2/jars/commons-logging_commons-logging-1.1.3.jar to /tmp/spark-2e2fdae5-1513-448e-95f5-bfe0cc55e47a/userFiles-834b132a-b2eb-4713-8898-2dd3a5c44042/commons-logging_commons-logging-1.1.3.jar
[2024-12-14T17:46:41.895+0000] {docker.py:413} INFO - 24/12/14 17:46:41 INFO Executor: Starting executor ID driver on host localhost
[2024-12-14T17:46:41.897+0000] {docker.py:413} INFO - 24/12/14 17:46:41 INFO Executor: OS info Linux, 6.10.11-linuxkit, amd64
[2024-12-14T17:46:41.899+0000] {docker.py:413} INFO - 24/12/14 17:46:41 INFO Executor: Java version 17.0.10
[2024-12-14T17:46:41.922+0000] {docker.py:413} INFO - 24/12/14 17:46:41 INFO Executor: Starting executor with user classpath (userClassPathFirst = false): ''
[2024-12-14T17:46:41.924+0000] {docker.py:413} INFO - 24/12/14 17:46:41 INFO Executor: Created or updated repl class loader org.apache.spark.util.MutableURLClassLoader@78efd1e7 for default.
[2024-12-14T17:46:41.951+0000] {docker.py:413} INFO - 24/12/14 17:46:41 INFO Executor: Fetching file:///root/.ivy2/jars/org.apache.spark_spark-sql-kafka-0-10_2.12-3.5.0.jar with timestamp 1734198399712
[2024-12-14T17:46:41.981+0000] {docker.py:413} INFO - 24/12/14 17:46:41 INFO Utils: /root/.ivy2/jars/org.apache.spark_spark-sql-kafka-0-10_2.12-3.5.0.jar has been previously copied to /tmp/spark-2e2fdae5-1513-448e-95f5-bfe0cc55e47a/userFiles-834b132a-b2eb-4713-8898-2dd3a5c44042/org.apache.spark_spark-sql-kafka-0-10_2.12-3.5.0.jar
[2024-12-14T17:46:41.986+0000] {docker.py:413} INFO - 24/12/14 17:46:41 INFO Executor: Fetching file:///root/.ivy2/jars/org.***ql_***ql-42.5.4.jar with timestamp 1734198399712
[2024-12-14T17:46:41.989+0000] {docker.py:413} INFO - 24/12/14 17:46:41 INFO Utils: /root/.ivy2/jars/org.***ql_***ql-42.5.4.jar has been previously copied to /tmp/spark-2e2fdae5-1513-448e-95f5-bfe0cc55e47a/userFiles-834b132a-b2eb-4713-8898-2dd3a5c44042/org.***ql_***ql-42.5.4.jar
[2024-12-14T17:46:41.994+0000] {docker.py:413} INFO - 24/12/14 17:46:41 INFO Executor: Fetching file:///root/.ivy2/jars/org.apache.hadoop_hadoop-client-api-3.3.4.jar with timestamp 1734198399712
[2024-12-14T17:46:42.020+0000] {docker.py:413} INFO - 24/12/14 17:46:42 INFO Utils: /root/.ivy2/jars/org.apache.hadoop_hadoop-client-api-3.3.4.jar has been previously copied to /tmp/spark-2e2fdae5-1513-448e-95f5-bfe0cc55e47a/userFiles-834b132a-b2eb-4713-8898-2dd3a5c44042/org.apache.hadoop_hadoop-client-api-3.3.4.jar
[2024-12-14T17:46:42.025+0000] {docker.py:413} INFO - 24/12/14 17:46:42 INFO Executor: Fetching file:///root/.ivy2/jars/com.google.code.findbugs_jsr305-3.0.0.jar with timestamp 1734198399712
[2024-12-14T17:46:42.027+0000] {docker.py:413} INFO - 24/12/14 17:46:42 INFO Utils: /root/.ivy2/jars/com.google.code.findbugs_jsr305-3.0.0.jar has been previously copied to /tmp/spark-2e2fdae5-1513-448e-95f5-bfe0cc55e47a/userFiles-834b132a-b2eb-4713-8898-2dd3a5c44042/com.google.code.findbugs_jsr305-3.0.0.jar
[2024-12-14T17:46:42.033+0000] {docker.py:413} INFO - 24/12/14 17:46:42 INFO Executor: Fetching file:///root/.ivy2/jars/org.apache.hadoop_hadoop-client-runtime-3.3.4.jar with timestamp 1734198399712
[2024-12-14T17:46:42.069+0000] {docker.py:413} INFO - 24/12/14 17:46:42 INFO Utils: /root/.ivy2/jars/org.apache.hadoop_hadoop-client-runtime-3.3.4.jar has been previously copied to /tmp/spark-2e2fdae5-1513-448e-95f5-bfe0cc55e47a/userFiles-834b132a-b2eb-4713-8898-2dd3a5c44042/org.apache.hadoop_hadoop-client-runtime-3.3.4.jar
[2024-12-14T17:46:42.075+0000] {docker.py:413} INFO - 24/12/14 17:46:42 INFO Executor: Fetching file:///root/.ivy2/jars/org.checkerframework_checker-qual-3.5.0.jar with timestamp 1734198399712
[2024-12-14T17:46:42.076+0000] {docker.py:413} INFO - 24/12/14 17:46:42 INFO Utils: /root/.ivy2/jars/org.checkerframework_checker-qual-3.5.0.jar has been previously copied to /tmp/spark-2e2fdae5-1513-448e-95f5-bfe0cc55e47a/userFiles-834b132a-b2eb-4713-8898-2dd3a5c44042/org.checkerframework_checker-qual-3.5.0.jar
[2024-12-14T17:46:42.081+0000] {docker.py:413} INFO - 24/12/14 17:46:42 INFO Executor: Fetching file:///root/.ivy2/jars/org.xerial.snappy_snappy-java-1.1.10.3.jar with timestamp 1734198399712
[2024-12-14T17:46:42.085+0000] {docker.py:413} INFO - 24/12/14 17:46:42 INFO Utils: /root/.ivy2/jars/org.xerial.snappy_snappy-java-1.1.10.3.jar has been previously copied to /tmp/spark-2e2fdae5-1513-448e-95f5-bfe0cc55e47a/userFiles-834b132a-b2eb-4713-8898-2dd3a5c44042/org.xerial.snappy_snappy-java-1.1.10.3.jar
[2024-12-14T17:46:42.091+0000] {docker.py:413} INFO - 24/12/14 17:46:42 INFO Executor: Fetching file:///root/.ivy2/jars/org.apache.spark_spark-token-provider-kafka-0-10_2.12-3.5.0.jar with timestamp 1734198399712
[2024-12-14T17:46:42.093+0000] {docker.py:413} INFO - 24/12/14 17:46:42 INFO Utils: /root/.ivy2/jars/org.apache.spark_spark-token-provider-kafka-0-10_2.12-3.5.0.jar has been previously copied to /tmp/spark-2e2fdae5-1513-448e-95f5-bfe0cc55e47a/userFiles-834b132a-b2eb-4713-8898-2dd3a5c44042/org.apache.spark_spark-token-provider-kafka-0-10_2.12-3.5.0.jar
[2024-12-14T17:46:42.097+0000] {docker.py:413} INFO - 24/12/14 17:46:42 INFO Executor: Fetching file:///root/.ivy2/jars/org.slf4j_slf4j-api-2.0.7.jar with timestamp 1734198399712
[2024-12-14T17:46:42.099+0000] {docker.py:413} INFO - 24/12/14 17:46:42 INFO Utils: /root/.ivy2/jars/org.slf4j_slf4j-api-2.0.7.jar has been previously copied to /tmp/spark-2e2fdae5-1513-448e-95f5-bfe0cc55e47a/userFiles-834b132a-b2eb-4713-8898-2dd3a5c44042/org.slf4j_slf4j-api-2.0.7.jar
[2024-12-14T17:46:42.105+0000] {docker.py:413} INFO - 24/12/14 17:46:42 INFO Executor: Fetching file:///root/.ivy2/jars/org.apache.commons_commons-pool2-2.11.1.jar with timestamp 1734198399712
[2024-12-14T17:46:42.106+0000] {docker.py:413} INFO - 24/12/14 17:46:42 INFO Utils: /root/.ivy2/jars/org.apache.commons_commons-pool2-2.11.1.jar has been previously copied to /tmp/spark-2e2fdae5-1513-448e-95f5-bfe0cc55e47a/userFiles-834b132a-b2eb-4713-8898-2dd3a5c44042/org.apache.commons_commons-pool2-2.11.1.jar
[2024-12-14T17:46:42.111+0000] {docker.py:413} INFO - 24/12/14 17:46:42 INFO Executor: Fetching file:///root/.ivy2/jars/commons-logging_commons-logging-1.1.3.jar with timestamp 1734198399712
[2024-12-14T17:46:42.112+0000] {docker.py:413} INFO - 24/12/14 17:46:42 INFO Utils: /root/.ivy2/jars/commons-logging_commons-logging-1.1.3.jar has been previously copied to /tmp/spark-2e2fdae5-1513-448e-95f5-bfe0cc55e47a/userFiles-834b132a-b2eb-4713-8898-2dd3a5c44042/commons-logging_commons-logging-1.1.3.jar
[2024-12-14T17:46:42.119+0000] {docker.py:413} INFO - 24/12/14 17:46:42 INFO Executor: Fetching file:///root/.ivy2/jars/org.lz4_lz4-java-1.8.0.jar with timestamp 1734198399712
[2024-12-14T17:46:42.121+0000] {docker.py:413} INFO - 24/12/14 17:46:42 INFO Utils: /root/.ivy2/jars/org.lz4_lz4-java-1.8.0.jar has been previously copied to /tmp/spark-2e2fdae5-1513-448e-95f5-bfe0cc55e47a/userFiles-834b132a-b2eb-4713-8898-2dd3a5c44042/org.lz4_lz4-java-1.8.0.jar
[2024-12-14T17:46:42.127+0000] {docker.py:413} INFO - 24/12/14 17:46:42 INFO Executor: Fetching file:///root/.ivy2/jars/org.apache.kafka_kafka-clients-3.4.1.jar with timestamp 1734198399712
[2024-12-14T17:46:42.135+0000] {docker.py:413} INFO - 24/12/14 17:46:42 INFO Utils: /root/.ivy2/jars/org.apache.kafka_kafka-clients-3.4.1.jar has been previously copied to /tmp/spark-2e2fdae5-1513-448e-95f5-bfe0cc55e47a/userFiles-834b132a-b2eb-4713-8898-2dd3a5c44042/org.apache.kafka_kafka-clients-3.4.1.jar
[2024-12-14T17:46:42.145+0000] {docker.py:413} INFO - 24/12/14 17:46:42 INFO Executor: Fetching spark://localhost:43123/jars/org.***ql_***ql-42.5.4.jar with timestamp 1734198399712
[2024-12-14T17:46:42.234+0000] {docker.py:413} INFO - 24/12/14 17:46:42 INFO TransportClientFactory: Successfully created connection to localhost/127.0.0.1:43123 after 65 ms (0 ms spent in bootstraps)
[2024-12-14T17:46:42.268+0000] {docker.py:413} INFO - 24/12/14 17:46:42 INFO Utils: Fetching spark://localhost:43123/jars/org.***ql_***ql-42.5.4.jar to /tmp/spark-2e2fdae5-1513-448e-95f5-bfe0cc55e47a/userFiles-834b132a-b2eb-4713-8898-2dd3a5c44042/fetchFileTemp5898284971220909911.tmp
[2024-12-14T17:46:42.387+0000] {docker.py:413} INFO - 24/12/14 17:46:42 INFO Utils: /tmp/spark-2e2fdae5-1513-448e-95f5-bfe0cc55e47a/userFiles-834b132a-b2eb-4713-8898-2dd3a5c44042/fetchFileTemp5898284971220909911.tmp has been previously copied to /tmp/spark-2e2fdae5-1513-448e-95f5-bfe0cc55e47a/userFiles-834b132a-b2eb-4713-8898-2dd3a5c44042/org.***ql_***ql-42.5.4.jar
[2024-12-14T17:46:42.395+0000] {docker.py:413} INFO - 24/12/14 17:46:42 INFO Executor: Adding file:/tmp/spark-2e2fdae5-1513-448e-95f5-bfe0cc55e47a/userFiles-834b132a-b2eb-4713-8898-2dd3a5c44042/org.***ql_***ql-42.5.4.jar to class loader default
[2024-12-14T17:46:42.397+0000] {docker.py:413} INFO - 24/12/14 17:46:42 INFO Executor: Fetching spark://localhost:43123/jars/org.apache.commons_commons-pool2-2.11.1.jar with timestamp 1734198399712
[2024-12-14T17:46:42.399+0000] {docker.py:413} INFO - 24/12/14 17:46:42 INFO Utils: Fetching spark://localhost:43123/jars/org.apache.commons_commons-pool2-2.11.1.jar to /tmp/spark-2e2fdae5-1513-448e-95f5-bfe0cc55e47a/userFiles-834b132a-b2eb-4713-8898-2dd3a5c44042/fetchFileTemp11549873700359097936.tmp
[2024-12-14T17:46:42.403+0000] {docker.py:413} INFO - 24/12/14 17:46:42 INFO Utils: /tmp/spark-2e2fdae5-1513-448e-95f5-bfe0cc55e47a/userFiles-834b132a-b2eb-4713-8898-2dd3a5c44042/fetchFileTemp11549873700359097936.tmp has been previously copied to /tmp/spark-2e2fdae5-1513-448e-95f5-bfe0cc55e47a/userFiles-834b132a-b2eb-4713-8898-2dd3a5c44042/org.apache.commons_commons-pool2-2.11.1.jar
[2024-12-14T17:46:42.410+0000] {docker.py:413} INFO - 24/12/14 17:46:42 INFO Executor: Adding file:/tmp/spark-2e2fdae5-1513-448e-95f5-bfe0cc55e47a/userFiles-834b132a-b2eb-4713-8898-2dd3a5c44042/org.apache.commons_commons-pool2-2.11.1.jar to class loader default
[2024-12-14T17:46:42.412+0000] {docker.py:413} INFO - 24/12/14 17:46:42 INFO Executor: Fetching spark://localhost:43123/jars/org.apache.spark_spark-token-provider-kafka-0-10_2.12-3.5.0.jar with timestamp 1734198399712
[2024-12-14T17:46:42.413+0000] {docker.py:413} INFO - 24/12/14 17:46:42 INFO Utils: Fetching spark://localhost:43123/jars/org.apache.spark_spark-token-provider-kafka-0-10_2.12-3.5.0.jar to /tmp/spark-2e2fdae5-1513-448e-95f5-bfe0cc55e47a/userFiles-834b132a-b2eb-4713-8898-2dd3a5c44042/fetchFileTemp18134956551381288573.tmp
[2024-12-14T17:46:42.417+0000] {docker.py:413} INFO - 24/12/14 17:46:42 INFO Utils: /tmp/spark-2e2fdae5-1513-448e-95f5-bfe0cc55e47a/userFiles-834b132a-b2eb-4713-8898-2dd3a5c44042/fetchFileTemp18134956551381288573.tmp has been previously copied to /tmp/spark-2e2fdae5-1513-448e-95f5-bfe0cc55e47a/userFiles-834b132a-b2eb-4713-8898-2dd3a5c44042/org.apache.spark_spark-token-provider-kafka-0-10_2.12-3.5.0.jar
[2024-12-14T17:46:42.426+0000] {docker.py:413} INFO - 24/12/14 17:46:42 INFO Executor: Adding file:/tmp/spark-2e2fdae5-1513-448e-95f5-bfe0cc55e47a/userFiles-834b132a-b2eb-4713-8898-2dd3a5c44042/org.apache.spark_spark-token-provider-kafka-0-10_2.12-3.5.0.jar to class loader default
[2024-12-14T17:46:42.428+0000] {docker.py:413} INFO - 24/12/14 17:46:42 INFO Executor: Fetching spark://localhost:43123/jars/org.apache.hadoop_hadoop-client-api-3.3.4.jar with timestamp 1734198399712
[2024-12-14T17:46:42.430+0000] {docker.py:413} INFO - 24/12/14 17:46:42 INFO Utils: Fetching spark://localhost:43123/jars/org.apache.hadoop_hadoop-client-api-3.3.4.jar to /tmp/spark-2e2fdae5-1513-448e-95f5-bfe0cc55e47a/userFiles-834b132a-b2eb-4713-8898-2dd3a5c44042/fetchFileTemp7557357452558468911.tmp
[2024-12-14T17:46:42.550+0000] {docker.py:413} INFO - 24/12/14 17:46:42 INFO Utils: /tmp/spark-2e2fdae5-1513-448e-95f5-bfe0cc55e47a/userFiles-834b132a-b2eb-4713-8898-2dd3a5c44042/fetchFileTemp7557357452558468911.tmp has been previously copied to /tmp/spark-2e2fdae5-1513-448e-95f5-bfe0cc55e47a/userFiles-834b132a-b2eb-4713-8898-2dd3a5c44042/org.apache.hadoop_hadoop-client-api-3.3.4.jar
[2024-12-14T17:46:42.561+0000] {docker.py:413} INFO - 24/12/14 17:46:42 INFO Executor: Adding file:/tmp/spark-2e2fdae5-1513-448e-95f5-bfe0cc55e47a/userFiles-834b132a-b2eb-4713-8898-2dd3a5c44042/org.apache.hadoop_hadoop-client-api-3.3.4.jar to class loader default
[2024-12-14T17:46:42.563+0000] {docker.py:413} INFO - 24/12/14 17:46:42 INFO Executor: Fetching spark://localhost:43123/jars/com.google.code.findbugs_jsr305-3.0.0.jar with timestamp 1734198399712
[2024-12-14T17:46:42.565+0000] {docker.py:413} INFO - 24/12/14 17:46:42 INFO Utils: Fetching spark://localhost:43123/jars/com.google.code.findbugs_jsr305-3.0.0.jar to /tmp/spark-2e2fdae5-1513-448e-95f5-bfe0cc55e47a/userFiles-834b132a-b2eb-4713-8898-2dd3a5c44042/fetchFileTemp9691066145045314352.tmp
[2024-12-14T17:46:42.568+0000] {docker.py:413} INFO - 24/12/14 17:46:42 INFO Utils: /tmp/spark-2e2fdae5-1513-448e-95f5-bfe0cc55e47a/userFiles-834b132a-b2eb-4713-8898-2dd3a5c44042/fetchFileTemp9691066145045314352.tmp has been previously copied to /tmp/spark-2e2fdae5-1513-448e-95f5-bfe0cc55e47a/userFiles-834b132a-b2eb-4713-8898-2dd3a5c44042/com.google.code.findbugs_jsr305-3.0.0.jar
[2024-12-14T17:46:42.575+0000] {docker.py:413} INFO - 24/12/14 17:46:42 INFO Executor: Adding file:/tmp/spark-2e2fdae5-1513-448e-95f5-bfe0cc55e47a/userFiles-834b132a-b2eb-4713-8898-2dd3a5c44042/com.google.code.findbugs_jsr305-3.0.0.jar to class loader default
[2024-12-14T17:46:42.576+0000] {docker.py:413} INFO - 24/12/14 17:46:42 INFO Executor: Fetching spark://localhost:43123/jars/org.lz4_lz4-java-1.8.0.jar with timestamp 1734198399712
[2024-12-14T17:46:42.579+0000] {docker.py:413} INFO - 24/12/14 17:46:42 INFO Utils: Fetching spark://localhost:43123/jars/org.lz4_lz4-java-1.8.0.jar to /tmp/spark-2e2fdae5-1513-448e-95f5-bfe0cc55e47a/userFiles-834b132a-b2eb-4713-8898-2dd3a5c44042/fetchFileTemp13892252432981290719.tmp
[2024-12-14T17:46:42.589+0000] {docker.py:413} INFO - 24/12/14 17:46:42 INFO Utils: /tmp/spark-2e2fdae5-1513-448e-95f5-bfe0cc55e47a/userFiles-834b132a-b2eb-4713-8898-2dd3a5c44042/fetchFileTemp13892252432981290719.tmp has been previously copied to /tmp/spark-2e2fdae5-1513-448e-95f5-bfe0cc55e47a/userFiles-834b132a-b2eb-4713-8898-2dd3a5c44042/org.lz4_lz4-java-1.8.0.jar
[2024-12-14T17:46:42.595+0000] {docker.py:413} INFO - 24/12/14 17:46:42 INFO Executor: Adding file:/tmp/spark-2e2fdae5-1513-448e-95f5-bfe0cc55e47a/userFiles-834b132a-b2eb-4713-8898-2dd3a5c44042/org.lz4_lz4-java-1.8.0.jar to class loader default
[2024-12-14T17:46:42.596+0000] {docker.py:413} INFO - 24/12/14 17:46:42 INFO Executor: Fetching spark://localhost:43123/jars/org.apache.hadoop_hadoop-client-runtime-3.3.4.jar with timestamp 1734198399712
[2024-12-14T17:46:42.598+0000] {docker.py:413} INFO - 24/12/14 17:46:42 INFO Utils: Fetching spark://localhost:43123/jars/org.apache.hadoop_hadoop-client-runtime-3.3.4.jar to /tmp/spark-2e2fdae5-1513-448e-95f5-bfe0cc55e47a/userFiles-834b132a-b2eb-4713-8898-2dd3a5c44042/fetchFileTemp17072131619527171391.tmp
[2024-12-14T17:46:42.888+0000] {docker.py:413} INFO - 24/12/14 17:46:42 INFO Utils: /tmp/spark-2e2fdae5-1513-448e-95f5-bfe0cc55e47a/userFiles-834b132a-b2eb-4713-8898-2dd3a5c44042/fetchFileTemp17072131619527171391.tmp has been previously copied to /tmp/spark-2e2fdae5-1513-448e-95f5-bfe0cc55e47a/userFiles-834b132a-b2eb-4713-8898-2dd3a5c44042/org.apache.hadoop_hadoop-client-runtime-3.3.4.jar
[2024-12-14T17:46:42.905+0000] {docker.py:413} INFO - 24/12/14 17:46:42 INFO Executor: Adding file:/tmp/spark-2e2fdae5-1513-448e-95f5-bfe0cc55e47a/userFiles-834b132a-b2eb-4713-8898-2dd3a5c44042/org.apache.hadoop_hadoop-client-runtime-3.3.4.jar to class loader default
[2024-12-14T17:46:42.906+0000] {docker.py:413} INFO - 24/12/14 17:46:42 INFO Executor: Fetching spark://localhost:43123/jars/org.xerial.snappy_snappy-java-1.1.10.3.jar with timestamp 1734198399712
[2024-12-14T17:46:42.908+0000] {docker.py:413} INFO - 24/12/14 17:46:42 INFO Utils: Fetching spark://localhost:43123/jars/org.xerial.snappy_snappy-java-1.1.10.3.jar to /tmp/spark-2e2fdae5-1513-448e-95f5-bfe0cc55e47a/userFiles-834b132a-b2eb-4713-8898-2dd3a5c44042/fetchFileTemp5814751980685540816.tmp
[2024-12-14T17:46:42.922+0000] {docker.py:413} INFO - 24/12/14 17:46:42 INFO Utils: /tmp/spark-2e2fdae5-1513-448e-95f5-bfe0cc55e47a/userFiles-834b132a-b2eb-4713-8898-2dd3a5c44042/fetchFileTemp5814751980685540816.tmp has been previously copied to /tmp/spark-2e2fdae5-1513-448e-95f5-bfe0cc55e47a/userFiles-834b132a-b2eb-4713-8898-2dd3a5c44042/org.xerial.snappy_snappy-java-1.1.10.3.jar
[2024-12-14T17:46:42.929+0000] {docker.py:413} INFO - 24/12/14 17:46:42 INFO Executor: Adding file:/tmp/spark-2e2fdae5-1513-448e-95f5-bfe0cc55e47a/userFiles-834b132a-b2eb-4713-8898-2dd3a5c44042/org.xerial.snappy_snappy-java-1.1.10.3.jar to class loader default
[2024-12-14T17:46:42.931+0000] {docker.py:413} INFO - 24/12/14 17:46:42 INFO Executor: Fetching spark://localhost:43123/jars/org.apache.spark_spark-sql-kafka-0-10_2.12-3.5.0.jar with timestamp 1734198399712
[2024-12-14T17:46:42.934+0000] {docker.py:413} INFO - 24/12/14 17:46:42 INFO Utils: Fetching spark://localhost:43123/jars/org.apache.spark_spark-sql-kafka-0-10_2.12-3.5.0.jar to /tmp/spark-2e2fdae5-1513-448e-95f5-bfe0cc55e47a/userFiles-834b132a-b2eb-4713-8898-2dd3a5c44042/fetchFileTemp13474849187681789406.tmp
[2024-12-14T17:46:42.939+0000] {docker.py:413} INFO - 24/12/14 17:46:42 INFO Utils: /tmp/spark-2e2fdae5-1513-448e-95f5-bfe0cc55e47a/userFiles-834b132a-b2eb-4713-8898-2dd3a5c44042/fetchFileTemp13474849187681789406.tmp has been previously copied to /tmp/spark-2e2fdae5-1513-448e-95f5-bfe0cc55e47a/userFiles-834b132a-b2eb-4713-8898-2dd3a5c44042/org.apache.spark_spark-sql-kafka-0-10_2.12-3.5.0.jar
[2024-12-14T17:46:42.946+0000] {docker.py:413} INFO - 24/12/14 17:46:42 INFO Executor: Adding file:/tmp/spark-2e2fdae5-1513-448e-95f5-bfe0cc55e47a/userFiles-834b132a-b2eb-4713-8898-2dd3a5c44042/org.apache.spark_spark-sql-kafka-0-10_2.12-3.5.0.jar to class loader default
[2024-12-14T17:46:42.947+0000] {docker.py:413} INFO - 24/12/14 17:46:42 INFO Executor: Fetching spark://localhost:43123/jars/org.apache.kafka_kafka-clients-3.4.1.jar with timestamp 1734198399712
[2024-12-14T17:46:42.949+0000] {docker.py:413} INFO - 24/12/14 17:46:42 INFO Utils: Fetching spark://localhost:43123/jars/org.apache.kafka_kafka-clients-3.4.1.jar to /tmp/spark-2e2fdae5-1513-448e-95f5-bfe0cc55e47a/userFiles-834b132a-b2eb-4713-8898-2dd3a5c44042/fetchFileTemp4725076617330117697.tmp
[2024-12-14T17:46:42.973+0000] {docker.py:413} INFO - 24/12/14 17:46:42 INFO Utils: /tmp/spark-2e2fdae5-1513-448e-95f5-bfe0cc55e47a/userFiles-834b132a-b2eb-4713-8898-2dd3a5c44042/fetchFileTemp4725076617330117697.tmp has been previously copied to /tmp/spark-2e2fdae5-1513-448e-95f5-bfe0cc55e47a/userFiles-834b132a-b2eb-4713-8898-2dd3a5c44042/org.apache.kafka_kafka-clients-3.4.1.jar
[2024-12-14T17:46:42.981+0000] {docker.py:413} INFO - 24/12/14 17:46:42 INFO Executor: Adding file:/tmp/spark-2e2fdae5-1513-448e-95f5-bfe0cc55e47a/userFiles-834b132a-b2eb-4713-8898-2dd3a5c44042/org.apache.kafka_kafka-clients-3.4.1.jar to class loader default
[2024-12-14T17:46:42.983+0000] {docker.py:413} INFO - 24/12/14 17:46:42 INFO Executor: Fetching spark://localhost:43123/jars/commons-logging_commons-logging-1.1.3.jar with timestamp 1734198399712
[2024-12-14T17:46:42.985+0000] {docker.py:413} INFO - 24/12/14 17:46:42 INFO Utils: Fetching spark://localhost:43123/jars/commons-logging_commons-logging-1.1.3.jar to /tmp/spark-2e2fdae5-1513-448e-95f5-bfe0cc55e47a/userFiles-834b132a-b2eb-4713-8898-2dd3a5c44042/fetchFileTemp5041147872455291313.tmp
[2024-12-14T17:46:42.988+0000] {docker.py:413} INFO - 24/12/14 17:46:42 INFO Utils: /tmp/spark-2e2fdae5-1513-448e-95f5-bfe0cc55e47a/userFiles-834b132a-b2eb-4713-8898-2dd3a5c44042/fetchFileTemp5041147872455291313.tmp has been previously copied to /tmp/spark-2e2fdae5-1513-448e-95f5-bfe0cc55e47a/userFiles-834b132a-b2eb-4713-8898-2dd3a5c44042/commons-logging_commons-logging-1.1.3.jar
[2024-12-14T17:46:42.994+0000] {docker.py:413} INFO - 24/12/14 17:46:42 INFO Executor: Adding file:/tmp/spark-2e2fdae5-1513-448e-95f5-bfe0cc55e47a/userFiles-834b132a-b2eb-4713-8898-2dd3a5c44042/commons-logging_commons-logging-1.1.3.jar to class loader default
[2024-12-14T17:46:42.996+0000] {docker.py:413} INFO - 24/12/14 17:46:42 INFO Executor: Fetching spark://localhost:43123/jars/org.checkerframework_checker-qual-3.5.0.jar with timestamp 1734198399712
[2024-12-14T17:46:42.997+0000] {docker.py:413} INFO - 24/12/14 17:46:42 INFO Utils: Fetching spark://localhost:43123/jars/org.checkerframework_checker-qual-3.5.0.jar to /tmp/spark-2e2fdae5-1513-448e-95f5-bfe0cc55e47a/userFiles-834b132a-b2eb-4713-8898-2dd3a5c44042/fetchFileTemp4968548036043097836.tmp
[2024-12-14T17:46:43.001+0000] {docker.py:413} INFO - 24/12/14 17:46:42 INFO Utils: /tmp/spark-2e2fdae5-1513-448e-95f5-bfe0cc55e47a/userFiles-834b132a-b2eb-4713-8898-2dd3a5c44042/fetchFileTemp4968548036043097836.tmp has been previously copied to /tmp/spark-2e2fdae5-1513-448e-95f5-bfe0cc55e47a/userFiles-834b132a-b2eb-4713-8898-2dd3a5c44042/org.checkerframework_checker-qual-3.5.0.jar
[2024-12-14T17:46:43.007+0000] {docker.py:413} INFO - 24/12/14 17:46:43 INFO Executor: Adding file:/tmp/spark-2e2fdae5-1513-448e-95f5-bfe0cc55e47a/userFiles-834b132a-b2eb-4713-8898-2dd3a5c44042/org.checkerframework_checker-qual-3.5.0.jar to class loader default
[2024-12-14T17:46:43.009+0000] {docker.py:413} INFO - 24/12/14 17:46:43 INFO Executor: Fetching spark://localhost:43123/jars/org.slf4j_slf4j-api-2.0.7.jar with timestamp 1734198399712
[2024-12-14T17:46:43.010+0000] {docker.py:413} INFO - 24/12/14 17:46:43 INFO Utils: Fetching spark://localhost:43123/jars/org.slf4j_slf4j-api-2.0.7.jar to /tmp/spark-2e2fdae5-1513-448e-95f5-bfe0cc55e47a/userFiles-834b132a-b2eb-4713-8898-2dd3a5c44042/fetchFileTemp14596199330369357076.tmp
[2024-12-14T17:46:43.014+0000] {docker.py:413} INFO - 24/12/14 17:46:43 INFO Utils: /tmp/spark-2e2fdae5-1513-448e-95f5-bfe0cc55e47a/userFiles-834b132a-b2eb-4713-8898-2dd3a5c44042/fetchFileTemp14596199330369357076.tmp has been previously copied to /tmp/spark-2e2fdae5-1513-448e-95f5-bfe0cc55e47a/userFiles-834b132a-b2eb-4713-8898-2dd3a5c44042/org.slf4j_slf4j-api-2.0.7.jar
[2024-12-14T17:46:43.021+0000] {docker.py:413} INFO - 24/12/14 17:46:43 INFO Executor: Adding file:/tmp/spark-2e2fdae5-1513-448e-95f5-bfe0cc55e47a/userFiles-834b132a-b2eb-4713-8898-2dd3a5c44042/org.slf4j_slf4j-api-2.0.7.jar to class loader default
[2024-12-14T17:46:43.040+0000] {docker.py:413} INFO - 24/12/14 17:46:43 INFO Utils: Successfully started service 'org.apache.spark.network.netty.NettyBlockTransferService' on port 42027.
[2024-12-14T17:46:43.042+0000] {docker.py:413} INFO - 24/12/14 17:46:43 INFO NettyBlockTransferService: Server created on localhost:42027
[2024-12-14T17:46:43.046+0000] {docker.py:413} INFO - 24/12/14 17:46:43 INFO BlockManager: Using org.apache.spark.storage.RandomBlockReplicationPolicy for block replication policy
[2024-12-14T17:46:43.066+0000] {docker.py:413} INFO - 24/12/14 17:46:43 INFO BlockManagerMaster: Registering BlockManager BlockManagerId(driver, localhost, 42027, None)
[2024-12-14T17:46:43.076+0000] {docker.py:413} INFO - 24/12/14 17:46:43 INFO BlockManagerMasterEndpoint: Registering block manager localhost:42027 with 434.4 MiB RAM, BlockManagerId(driver, localhost, 42027, None)
[2024-12-14T17:46:43.081+0000] {docker.py:413} INFO - 24/12/14 17:46:43 INFO BlockManagerMaster: Registered BlockManager BlockManagerId(driver, localhost, 42027, None)
[2024-12-14T17:46:43.083+0000] {docker.py:413} INFO - 24/12/14 17:46:43 INFO BlockManager: Initialized BlockManager: BlockManagerId(driver, localhost, 42027, None)
[2024-12-14T17:46:43.856+0000] {docker.py:413} INFO - 2024-12-14 17:46:43,853 [INFO] Successfully created Spark session
2024-12-14 17:46:43,853 [INFO] Initializing RedditTransformer...
2024-12-14 17:46:43,854 [INFO] Loading spaCy model...
[2024-12-14T17:46:46.187+0000] {docker.py:413} INFO - 2024-12-14 17:46:46,185 [INFO] Successfully loaded spaCy model
2024-12-14 17:46:46,185 [INFO] Initialized database configuration with host: host.docker.internal
2024-12-14 17:46:46,185 [INFO] Schema initialized
2024-12-14 17:46:46,185 [INFO] Expected schema: StructType([StructField('id', StringType(), True), StructField('title', StringType(), True), StructField('author', StringType(), True), StructField('post_time', FloatType(), True), StructField('upvotes', IntegerType(), True), StructField('downvotes', IntegerType(), True), StructField('num_comments', IntegerType(), True), StructField('score', IntegerType(), True), StructField('selftext', StringType(), True), StructField('first_level_comments_count', IntegerType(), True), StructField('second_level_comments_count', IntegerType(), True), StructField('text', StringType(), True), StructField('subreddit', StringType(), True), StructField('processing_timestamp', StringType(), True)])
2024-12-14 17:46:46,185 [INFO] Database config: jdbc:***ql://host.docker.internal:5432/reddit-data
2024-12-14 17:46:46,185 [INFO] Setting up Kafka stream reader with broker: kafka:9092
[2024-12-14T17:46:46.201+0000] {docker.py:413} INFO - 24/12/14 17:46:46 INFO SharedState: Setting hive.metastore.warehouse.dir ('null') to the value of spark.sql.warehouse.dir.
[2024-12-14T17:46:46.205+0000] {docker.py:413} INFO - 24/12/14 17:46:46 INFO SharedState: Warehouse path is 'file:/opt/bitnami/spark/spark-warehouse'.
[2024-12-14T17:46:47.732+0000] {docker.py:413} INFO - 2024-12-14 17:46:47,709 [ERROR] Error in stream processing: ending offset not valid in streaming queries
Traceback (most recent call last):
  File "/opt/bitnami/spark/spark_streaming.py", line 251, in process_stream
    .load()
     ^^^^^^
  File "/opt/bitnami/spark/python/lib/pyspark.zip/pyspark/sql/streaming/readwriter.py", line 304, in load
    return self._df(self._jreader.load())
                    ^^^^^^^^^^^^^^^^^^^^
  File "/opt/bitnami/spark/python/lib/py4j-0.10.9.7-src.zip/py4j/java_gateway.py", line 1322, in __call__
    return_value = get_return_value(
                   ^^^^^^^^^^^^^^^^^
  File "/opt/bitnami/spark/python/lib/pyspark.zip/pyspark/errors/exceptions/captured.py", line 185, in deco
    raise converted from None
pyspark.errors.exceptions.captured.IllegalArgumentException: ending offset not valid in streaming queries
[2024-12-14T17:46:47.762+0000] {docker.py:413} INFO - 2024-12-14 17:46:47,746 [ERROR] Critical error in main: ending offset not valid in streaming queries
Traceback (most recent call last):
  File "/opt/bitnami/spark/spark_streaming.py", line 352, in main
    process_stream()
  File "/opt/bitnami/spark/spark_streaming.py", line 344, in process_stream
    raise e
  File "/opt/bitnami/spark/spark_streaming.py", line 251, in process_stream
    .load()
     ^^^^^^
  File "/opt/bitnami/spark/python/lib/pyspark.zip/pyspark/sql/streaming/readwriter.py", line 304, in load
    return self._df(self._jreader.load())
                    ^^^^^^^^^^^^^^^^^^^^
  File "/opt/bitnami/spark/python/lib/py4j-0.10.9.7-src.zip/py4j/java_gateway.py", line 1322, in __call__
    return_value = get_return_value(
                   ^^^^^^^^^^^^^^^^^
  File "/opt/bitnami/spark/python/lib/pyspark.zip/pyspark/errors/exceptions/captured.py", line 185, in deco
    raise converted from None
pyspark.errors.exceptions.captured.IllegalArgumentException: ending offset not valid in streaming queries
2024-12-14 17:46:47,759 [INFO] Cleaning up resources...
Traceback (most recent call last):
  File "/opt/bitnami/spark/spark_streaming.py", line 362, in <module>
    main()
  File "/opt/bitnami/spark/spark_streaming.py", line 357, in main
[2024-12-14T17:46:47.764+0000] {docker.py:413} INFO - raise e
  File "/opt/bitnami/spark/spark_streaming.py", line 352, in main
[2024-12-14T17:46:47.766+0000] {docker.py:413} INFO - process_stream()
  File "/opt/bitnami/spark/spark_streaming.py", line 344, in process_stream
[2024-12-14T17:46:47.768+0000] {docker.py:413} INFO - raise e
  File "/opt/bitnami/spark/spark_streaming.py", line 251, in process_stream
[2024-12-14T17:46:47.770+0000] {docker.py:413} INFO - .load()
[2024-12-14T17:46:47.771+0000] {docker.py:413} INFO - ^^^^^^
  File "/opt/bitnami/spark/python/lib/pyspark.zip/pyspark/sql/streaming/readwriter.py", line 304, in load
[2024-12-14T17:46:47.772+0000] {docker.py:413} INFO - File "/opt/bitnami/spark/python/lib/py4j-0.10.9.7-src.zip/py4j/java_gateway.py", line 1322, in __call__
[2024-12-14T17:46:47.774+0000] {docker.py:413} INFO - File "/opt/bitnami/spark/python/lib/pyspark.zip/pyspark/errors/exceptions/captured.py", line 185, in deco
[2024-12-14T17:46:47.775+0000] {docker.py:413} INFO - pyspark.errors.exceptions.captured.IllegalArgumentException
[2024-12-14T17:46:47.788+0000] {docker.py:413} INFO - : ending offset not valid in streaming queries
[2024-12-14T17:46:47.791+0000] {docker.py:413} INFO - 2024-12-14 17:46:47,785 [INFO] Closing down clientserver connection
[2024-12-14T17:46:48.323+0000] {docker.py:413} INFO - 24/12/14 17:46:48 INFO SparkContext: Invoking stop() from shutdown hook
[2024-12-14T17:46:48.324+0000] {docker.py:413} INFO - 24/12/14 17:46:48 INFO SparkContext: SparkContext is stopping with exitCode 0.
[2024-12-14T17:46:48.356+0000] {docker.py:413} INFO - 24/12/14 17:46:48 INFO SparkUI: Stopped Spark web UI at http://localhost:4040
[2024-12-14T17:46:48.385+0000] {docker.py:413} INFO - 24/12/14 17:46:48 INFO MapOutputTrackerMasterEndpoint: MapOutputTrackerMasterEndpoint stopped!
[2024-12-14T17:46:48.421+0000] {docker.py:413} INFO - 24/12/14 17:46:48 INFO MemoryStore: MemoryStore cleared
[2024-12-14T17:46:48.422+0000] {docker.py:413} INFO - 24/12/14 17:46:48 INFO BlockManager: BlockManager stopped
[2024-12-14T17:46:48.443+0000] {docker.py:413} INFO - 24/12/14 17:46:48 INFO BlockManagerMaster: BlockManagerMaster stopped
[2024-12-14T17:46:48.453+0000] {docker.py:413} INFO - 24/12/14 17:46:48 INFO OutputCommitCoordinator$OutputCommitCoordinatorEndpoint: OutputCommitCoordinator stopped!
[2024-12-14T17:46:48.492+0000] {docker.py:413} INFO - 24/12/14 17:46:48 INFO SparkContext: Successfully stopped SparkContext
[2024-12-14T17:46:48.494+0000] {docker.py:413} INFO - 24/12/14 17:46:48 INFO ShutdownHookManager: Shutdown hook called
[2024-12-14T17:46:48.496+0000] {docker.py:413} INFO - 24/12/14 17:46:48 INFO ShutdownHookManager: Deleting directory /tmp/spark-2e2fdae5-1513-448e-95f5-bfe0cc55e47a/pyspark-e7041ecb-2c5b-4042-91f3-2aad2b09fc98
[2024-12-14T17:46:48.505+0000] {docker.py:413} INFO - 24/12/14 17:46:48 INFO ShutdownHookManager: Deleting directory /tmp/spark-329f2d5e-250a-4dea-86e7-3ccc9cd6de75
[2024-12-14T17:46:48.515+0000] {docker.py:413} INFO - 24/12/14 17:46:48 INFO ShutdownHookManager: Deleting directory /tmp/spark-2e2fdae5-1513-448e-95f5-bfe0cc55e47a
[2024-12-14T17:46:49.114+0000] {taskinstance.py:1937} ERROR - Task failed with exception
Traceback (most recent call last):
  File "/home/airflow/.local/lib/python3.8/site-packages/docker/api/client.py", line 268, in _raise_for_status
    response.raise_for_status()
  File "/home/airflow/.local/lib/python3.8/site-packages/requests/models.py", line 1021, in raise_for_status
    raise HTTPError(http_error_msg, response=self)
requests.exceptions.HTTPError: 400 Client Error: Bad Request for url: http://docker-proxy:2375/v1.47/containers/create

The above exception was the direct cause of the following exception:

Traceback (most recent call last):
  File "/home/airflow/.local/lib/python3.8/site-packages/airflow/providers/docker/operators/docker.py", line 348, in _run_image
    return self._run_image_with_mounts([*self.mounts, tmp_mount], add_tmp_variable=True)
  File "/home/airflow/.local/lib/python3.8/site-packages/airflow/providers/docker/operators/docker.py", line 375, in _run_image_with_mounts
    self.container = self.cli.create_container(
  File "/home/airflow/.local/lib/python3.8/site-packages/docker/api/container.py", line 431, in create_container
    return self.create_container_from_config(config, name, platform)
  File "/home/airflow/.local/lib/python3.8/site-packages/docker/api/container.py", line 448, in create_container_from_config
    return self._result(res, True)
  File "/home/airflow/.local/lib/python3.8/site-packages/docker/api/client.py", line 274, in _result
    self._raise_for_status(response)
  File "/home/airflow/.local/lib/python3.8/site-packages/docker/api/client.py", line 270, in _raise_for_status
    raise create_api_error_from_http_exception(e) from e
  File "/home/airflow/.local/lib/python3.8/site-packages/docker/errors.py", line 39, in create_api_error_from_http_exception
    raise cls(e, response=response, explanation=explanation) from e
docker.errors.APIError: 400 Client Error for http://docker-proxy:2375/v1.47/containers/create: Bad Request ("invalid mount config for type "bind": bind source path does not exist: /tmp/airflowtmp4krsgbdk")

During handling of the above exception, another exception occurred:

Traceback (most recent call last):
  File "/home/airflow/.local/lib/python3.8/site-packages/airflow/providers/docker/operators/docker.py", line 486, in execute
    return self._run_image()
  File "/home/airflow/.local/lib/python3.8/site-packages/airflow/providers/docker/operators/docker.py", line 357, in _run_image
    return self._run_image_with_mounts(self.mounts, add_tmp_variable=False)
  File "/home/airflow/.local/lib/python3.8/site-packages/airflow/providers/docker/operators/docker.py", line 421, in _run_image_with_mounts
    raise DockerContainerFailedException(f"Docker container failed: {result!r}", logs=log_lines)
airflow.providers.docker.exceptions.DockerContainerFailedException: Docker container failed: {'StatusCode': 1}
[2024-12-14T17:46:49.131+0000] {taskinstance.py:1400} INFO - Marking task as FAILED. dag_id=kafka_spark_dag, task_id=pyspark_consumer, execution_date=20241214T174212, start_date=20241214T174517, end_date=20241214T174649
[2024-12-14T17:46:49.172+0000] {standard_task_runner.py:104} ERROR - Failed to execute job 5 for task pyspark_consumer (Docker container failed: {'StatusCode': 1}; 2640)
[2024-12-14T17:46:49.210+0000] {local_task_job_runner.py:228} INFO - Task exited with return code 1
[2024-12-14T17:46:49.261+0000] {taskinstance.py:2778} INFO - 0 downstream tasks scheduled from follow-on schedule check
