[2024-12-14T11:31:54.162+0000] {taskinstance.py:1159} INFO - Dependencies all met for dep_context=non-requeueable deps ti=<TaskInstance: kafka_spark_dag.pyspark_consumer scheduled__2024-12-14T11:13:25.877313+00:00 [queued]>
[2024-12-14T11:31:54.186+0000] {taskinstance.py:1159} INFO - Dependencies all met for dep_context=requeueable deps ti=<TaskInstance: kafka_spark_dag.pyspark_consumer scheduled__2024-12-14T11:13:25.877313+00:00 [queued]>
[2024-12-14T11:31:54.187+0000] {taskinstance.py:1361} INFO - Starting attempt 2 of 2
[2024-12-14T11:31:54.219+0000] {taskinstance.py:1382} INFO - Executing <Task(DockerOperator): pyspark_consumer> on 2024-12-14 11:13:25.877313+00:00
[2024-12-14T11:31:54.231+0000] {standard_task_runner.py:57} INFO - Started process 2161 to run task
[2024-12-14T11:31:54.243+0000] {standard_task_runner.py:84} INFO - Running: ['***', 'tasks', 'run', 'kafka_spark_dag', 'pyspark_consumer', 'scheduled__2024-12-14T11:13:25.877313+00:00', '--job-id', '5', '--raw', '--subdir', 'DAGS_FOLDER/dag_kafka_spark.py', '--cfg-path', '/tmp/tmpe_41ybbc']
[2024-12-14T11:31:54.251+0000] {standard_task_runner.py:85} INFO - Job 5: Subtask pyspark_consumer
[2024-12-14T11:31:54.370+0000] {task_command.py:416} INFO - Running <TaskInstance: kafka_spark_dag.pyspark_consumer scheduled__2024-12-14T11:13:25.877313+00:00 [running]> on host 0567991c61ee
[2024-12-14T11:31:54.541+0000] {taskinstance.py:1662} INFO - Exporting env vars: AIRFLOW_CTX_DAG_OWNER='***' AIRFLOW_CTX_DAG_ID='kafka_spark_dag' AIRFLOW_CTX_TASK_ID='pyspark_consumer' AIRFLOW_CTX_EXECUTION_DATE='2024-12-14T11:13:25.877313+00:00' AIRFLOW_CTX_TRY_NUMBER='2' AIRFLOW_CTX_DAG_RUN_ID='scheduled__2024-12-14T11:13:25.877313+00:00'
[2024-12-14T11:31:54.694+0000] {docker.py:343} INFO - Starting docker container from image reddit-consumer/spark:latest
[2024-12-14T11:31:54.761+0000] {docker.py:351} WARNING - Using remote engine or docker-in-docker and mounting temporary volume from host is not supported. Falling back to `mount_tmp_dir=False` mode. You can set `mount_tmp_dir` parameter to False to disable mounting and remove the warning
[2024-12-14T11:31:55.494+0000] {docker.py:413} INFO - [38;5;6mspark [38;5;5m11:31:55.49 [0m[38;5;2mINFO [0m ==>
[2024-12-14T11:31:55.499+0000] {docker.py:413} INFO - [38;5;6mspark [38;5;5m11:31:55.49 [0m[38;5;2mINFO [0m ==> [1mWelcome to the Bitnami spark container[0m
[2024-12-14T11:31:55.504+0000] {docker.py:413} INFO - [38;5;6mspark [38;5;5m11:31:55.50 [0m[38;5;2mINFO [0m ==> Subscribe to project updates by watching [1mhttps://github.com/bitnami/containers[0m
[2024-12-14T11:31:55.509+0000] {docker.py:413} INFO - [38;5;6mspark [38;5;5m11:31:55.50 [0m[38;5;2mINFO [0m ==> Submit issues and feature requests at [1mhttps://github.com/bitnami/containers/issues[0m
[2024-12-14T11:31:55.513+0000] {docker.py:413} INFO - [38;5;6mspark [38;5;5m11:31:55.51 [0m[38;5;2mINFO [0m ==>
[2024-12-14T11:31:55.519+0000] {docker.py:413} INFO - 
[2024-12-14T11:31:58.523+0000] {docker.py:413} INFO - :: loading settings :: url = jar:file:/opt/bitnami/spark/jars/ivy-2.5.1.jar!/org/apache/ivy/core/settings/ivysettings.xml
[2024-12-14T11:31:58.639+0000] {docker.py:413} INFO - Ivy Default Cache set to: /root/.ivy2/cache
The jars for the packages stored in: /root/.ivy2/jars
[2024-12-14T11:31:58.650+0000] {docker.py:413} INFO - org.postgresql#postgresql added as a dependency
org.apache.spark#spark-sql-kafka-0-10_2.12 added as a dependency
[2024-12-14T11:31:58.653+0000] {docker.py:413} INFO - :: resolving dependencies :: org.apache.spark#spark-submit-parent-48675b81-0d2a-4a35-84d4-faef7b5b9c3c;1.0
	confs: [default]
[2024-12-14T11:32:01.094+0000] {docker.py:413} INFO - found org.postgresql#postgresql;42.5.4 in central
[2024-12-14T11:32:01.716+0000] {docker.py:413} INFO - found org.checkerframework#checker-qual;3.5.0 in central
[2024-12-14T11:32:06.578+0000] {docker.py:413} INFO - found org.apache.spark#spark-sql-kafka-0-10_2.12;3.5.0 in central
[2024-12-14T11:32:07.412+0000] {docker.py:413} INFO - found org.apache.spark#spark-token-provider-kafka-0-10_2.12;3.5.0 in central
[2024-12-14T11:32:08.054+0000] {docker.py:413} INFO - found org.apache.kafka#kafka-clients;3.4.1 in central
[2024-12-14T11:32:08.679+0000] {docker.py:413} INFO - found org.lz4#lz4-java;1.8.0 in central
[2024-12-14T11:32:09.284+0000] {docker.py:413} INFO - found org.xerial.snappy#snappy-java;1.1.10.3 in central
[2024-12-14T11:32:11.528+0000] {docker.py:413} INFO - found org.slf4j#slf4j-api;2.0.7 in central
[2024-12-14T11:32:15.177+0000] {docker.py:413} INFO - found org.apache.hadoop#hadoop-client-runtime;3.3.4 in central
[2024-12-14T11:32:15.793+0000] {docker.py:413} INFO - found org.apache.hadoop#hadoop-client-api;3.3.4 in central
[2024-12-14T11:32:21.258+0000] {docker.py:413} INFO - found commons-logging#commons-logging;1.1.3 in central
[2024-12-14T11:32:21.874+0000] {docker.py:413} INFO - found com.google.code.findbugs#jsr305;3.0.0 in central
[2024-12-14T11:32:25.964+0000] {docker.py:413} INFO - found org.apache.commons#commons-pool2;2.11.1 in central
[2024-12-14T11:32:26.269+0000] {docker.py:413} INFO - downloading https://repo1.maven.org/maven2/org/postgresql/postgresql/42.5.4/postgresql-42.5.4.jar ...
[2024-12-14T11:32:28.864+0000] {docker.py:413} INFO - [SUCCESSFUL ] org.postgresql#postgresql;42.5.4!postgresql.jar (2883ms)
[2024-12-14T11:32:29.233+0000] {docker.py:413} INFO - downloading https://repo1.maven.org/maven2/org/apache/spark/spark-sql-kafka-0-10_2.12/3.5.0/spark-sql-kafka-0-10_2.12-3.5.0.jar ...
[2024-12-14T11:32:31.709+0000] {docker.py:413} INFO - [SUCCESSFUL ] org.apache.spark#spark-sql-kafka-0-10_2.12;3.5.0!spark-sql-kafka-0-10_2.12.jar (2841ms)
[2024-12-14T11:32:32.024+0000] {docker.py:413} INFO - downloading https://repo1.maven.org/maven2/org/checkerframework/checker-qual/3.5.0/checker-qual-3.5.0.jar ...
[2024-12-14T11:32:33.233+0000] {docker.py:413} INFO - [SUCCESSFUL ] org.checkerframework#checker-qual;3.5.0!checker-qual.jar (1521ms)
[2024-12-14T11:32:33.535+0000] {docker.py:413} INFO - downloading https://repo1.maven.org/maven2/org/apache/spark/spark-token-provider-kafka-0-10_2.12/3.5.0/spark-token-provider-kafka-0-10_2.12-3.5.0.jar ...
[2024-12-14T11:32:33.913+0000] {docker.py:413} INFO - [SUCCESSFUL ] org.apache.spark#spark-token-provider-kafka-0-10_2.12;3.5.0!spark-token-provider-kafka-0-10_2.12.jar (678ms)
[2024-12-14T11:32:34.149+0000] {docker.py:413} INFO - downloading https://repo1.maven.org/maven2/org/apache/kafka/kafka-clients/3.4.1/kafka-clients-3.4.1.jar ...
[2024-12-14T11:32:45.755+0000] {docker.py:413} INFO - [SUCCESSFUL ] org.apache.kafka#kafka-clients;3.4.1!kafka-clients.jar (11841ms)
[2024-12-14T11:32:46.029+0000] {docker.py:413} INFO - downloading https://repo1.maven.org/maven2/com/google/code/findbugs/jsr305/3.0.0/jsr305-3.0.0.jar ...
[2024-12-14T11:32:46.348+0000] {docker.py:413} INFO - [SUCCESSFUL ] com.google.code.findbugs#jsr305;3.0.0!jsr305.jar (590ms)
[2024-12-14T11:32:46.641+0000] {docker.py:413} INFO - downloading https://repo1.maven.org/maven2/org/apache/commons/commons-pool2/2.11.1/commons-pool2-2.11.1.jar ...
[2024-12-14T11:32:47.227+0000] {docker.py:413} INFO - [SUCCESSFUL ] org.apache.commons#commons-pool2;2.11.1!commons-pool2.jar (878ms)
[2024-12-14T11:32:47.563+0000] {docker.py:413} INFO - downloading https://repo1.maven.org/maven2/org/apache/hadoop/hadoop-client-runtime/3.3.4/hadoop-client-runtime-3.3.4.jar ...
[2024-12-14T11:33:21.225+0000] {docker.py:413} INFO - [SUCCESSFUL ] org.apache.hadoop#hadoop-client-runtime;3.3.4!hadoop-client-runtime.jar (33996ms)
[2024-12-14T11:33:21.461+0000] {docker.py:413} INFO - downloading https://repo1.maven.org/maven2/org/lz4/lz4-java/1.8.0/lz4-java-1.8.0.jar ...
[2024-12-14T11:33:26.480+0000] {docker.py:413} INFO - [SUCCESSFUL ] org.lz4#lz4-java;1.8.0!lz4-java.jar (5254ms)
[2024-12-14T11:33:26.792+0000] {docker.py:413} INFO - downloading https://repo1.maven.org/maven2/org/xerial/snappy/snappy-java/1.1.10.3/snappy-java-1.1.10.3.jar ...
[2024-12-14T11:33:32.010+0000] {docker.py:413} INFO - [SUCCESSFUL ] org.xerial.snappy#snappy-java;1.1.10.3!snappy-java.jar(bundle) (5527ms)
[2024-12-14T11:33:32.338+0000] {docker.py:413} INFO - downloading https://repo1.maven.org/maven2/org/slf4j/slf4j-api/2.0.7/slf4j-api-2.0.7.jar ...
[2024-12-14T11:33:32.931+0000] {docker.py:413} INFO - [SUCCESSFUL ] org.slf4j#slf4j-api;2.0.7!slf4j-api.jar (921ms)
[2024-12-14T11:33:33.248+0000] {docker.py:413} INFO - downloading https://repo1.maven.org/maven2/org/apache/hadoop/hadoop-client-api/3.3.4/hadoop-client-api-3.3.4.jar ...
[2024-12-14T11:33:49.279+0000] {docker.py:413} INFO - [SUCCESSFUL ] org.apache.hadoop#hadoop-client-api;3.3.4!hadoop-client-api.jar (16346ms)
[2024-12-14T11:33:49.528+0000] {docker.py:413} INFO - downloading https://repo1.maven.org/maven2/commons-logging/commons-logging/1.1.3/commons-logging-1.1.3.jar ...
[2024-12-14T11:33:51.773+0000] {docker.py:413} INFO - [SUCCESSFUL ] commons-logging#commons-logging;1.1.3!commons-logging.jar (2493ms)
[2024-12-14T11:33:51.775+0000] {docker.py:413} INFO - :: resolution report :: resolve 27327ms :: artifacts dl 85794ms
[2024-12-14T11:33:51.776+0000] {docker.py:413} INFO - :: modules in use:
[2024-12-14T11:33:51.777+0000] {docker.py:413} INFO - com.google.code.findbugs#jsr305;3.0.0 from central in [default]
	commons-logging#commons-logging;1.1.3 from central in [default]
[2024-12-14T11:33:51.778+0000] {docker.py:413} INFO - org.apache.commons#commons-pool2;2.11.1 from central in [default]
[2024-12-14T11:33:51.779+0000] {docker.py:413} INFO - org.apache.hadoop#hadoop-client-api;3.3.4 from central in [default]
[2024-12-14T11:33:51.779+0000] {docker.py:413} INFO - org.apache.hadoop#hadoop-client-runtime;3.3.4 from central in [default]
[2024-12-14T11:33:51.780+0000] {docker.py:413} INFO - org.apache.kafka#kafka-clients;3.4.1 from central in [default]
	org.apache.spark#spark-sql-kafka-0-10_2.12;3.5.0 from central in [default]
[2024-12-14T11:33:51.781+0000] {docker.py:413} INFO - org.apache.spark#spark-token-provider-kafka-0-10_2.12;3.5.0 from central in [default]
[2024-12-14T11:33:51.782+0000] {docker.py:413} INFO - org.checkerframework#checker-qual;3.5.0 from central in [default]
[2024-12-14T11:33:51.783+0000] {docker.py:413} INFO - org.lz4#lz4-java;1.8.0 from central in [default]
[2024-12-14T11:33:51.784+0000] {docker.py:413} INFO - org.postgresql#postgresql;42.5.4 from central in [default]
[2024-12-14T11:33:51.785+0000] {docker.py:413} INFO - org.slf4j#slf4j-api;2.0.7 from central in [default]
[2024-12-14T11:33:51.786+0000] {docker.py:413} INFO - org.xerial.snappy#snappy-java;1.1.10.3 from central in [default]
[2024-12-14T11:33:51.787+0000] {docker.py:413} INFO - ---------------------------------------------------------------------
[2024-12-14T11:33:51.789+0000] {docker.py:413} INFO - |                  |            modules            ||   artifacts   |
	|       conf       | number| search|dwnlded|evicted|| number|dwnlded|
	---------------------------------------------------------------------
[2024-12-14T11:33:51.791+0000] {docker.py:413} INFO - |      default     |   13  |   13  |   13  |   0   ||   13  |   13  |
	---------------------------------------------------------------------
[2024-12-14T11:33:51.805+0000] {docker.py:413} INFO - :: retrieving :: org.apache.spark#spark-submit-parent-48675b81-0d2a-4a35-84d4-faef7b5b9c3c
	confs: [default]
[2024-12-14T11:33:51.928+0000] {docker.py:413} INFO - 13 artifacts copied, 0 already retrieved (58001kB/124ms)
[2024-12-14T11:33:52.334+0000] {docker.py:413} INFO - 24/12/14 11:33:52 WARN NativeCodeLoader: Unable to load native-hadoop library for your platform... using builtin-java classes where applicable
[2024-12-14T11:33:55.856+0000] {docker.py:413} INFO - INFO:__main__:Starting Spark Streaming job
[2024-12-14T11:33:55.969+0000] {docker.py:413} INFO - 24/12/14 11:33:55 INFO SparkContext: Running Spark version 3.5.0
[2024-12-14T11:33:55.970+0000] {docker.py:413} INFO - 24/12/14 11:33:55 INFO SparkContext: OS info Linux, 6.10.11-linuxkit, amd64
[2024-12-14T11:33:55.971+0000] {docker.py:413} INFO - 24/12/14 11:33:55 INFO SparkContext: Java version 17.0.10
[2024-12-14T11:33:56.010+0000] {docker.py:413} INFO - 24/12/14 11:33:56 INFO ResourceUtils: ==============================================================
[2024-12-14T11:33:56.011+0000] {docker.py:413} INFO - 24/12/14 11:33:56 INFO ResourceUtils: No custom resources configured for spark.driver.
[2024-12-14T11:33:56.012+0000] {docker.py:413} INFO - 24/12/14 11:33:56 INFO ResourceUtils: ==============================================================
[2024-12-14T11:33:56.014+0000] {docker.py:413} INFO - 24/12/14 11:33:56 INFO SparkContext: Submitted application: RedditSoccerAnalysis
[2024-12-14T11:33:56.048+0000] {docker.py:413} INFO - 24/12/14 11:33:56 INFO ResourceProfile: Default ResourceProfile created, executor resources: Map(cores -> name: cores, amount: 1, script: , vendor: , memory -> name: memory, amount: 1024, script: , vendor: , offHeap -> name: offHeap, amount: 0, script: , vendor: ), task resources: Map(cpus -> name: cpus, amount: 1.0)
[2024-12-14T11:33:56.061+0000] {docker.py:413} INFO - 24/12/14 11:33:56 INFO ResourceProfile: Limiting resource is cpu
[2024-12-14T11:33:56.064+0000] {docker.py:413} INFO - 24/12/14 11:33:56 INFO ResourceProfileManager: Added ResourceProfile id: 0
[2024-12-14T11:33:56.159+0000] {docker.py:413} INFO - 24/12/14 11:33:56 INFO SecurityManager: Changing view acls to: root,spark
[2024-12-14T11:33:56.161+0000] {docker.py:413} INFO - 24/12/14 11:33:56 INFO SecurityManager: Changing modify acls to: root,spark
[2024-12-14T11:33:56.161+0000] {docker.py:413} INFO - 24/12/14 11:33:56 INFO SecurityManager: Changing view acls groups to:
[2024-12-14T11:33:56.163+0000] {docker.py:413} INFO - 24/12/14 11:33:56 INFO SecurityManager: Changing modify acls groups to:
[2024-12-14T11:33:56.164+0000] {docker.py:413} INFO - 24/12/14 11:33:56 INFO SecurityManager: SecurityManager: authentication disabled; ui acls disabled; users with view permissions: root, spark; groups with view permissions: EMPTY; users with modify permissions: root, spark; groups with modify permissions: EMPTY
[2024-12-14T11:33:56.492+0000] {docker.py:413} INFO - 24/12/14 11:33:56 INFO Utils: Successfully started service 'sparkDriver' on port 41919.
[2024-12-14T11:33:56.536+0000] {docker.py:413} INFO - 24/12/14 11:33:56 INFO SparkEnv: Registering MapOutputTracker
[2024-12-14T11:33:56.591+0000] {docker.py:413} INFO - 24/12/14 11:33:56 INFO SparkEnv: Registering BlockManagerMaster
[2024-12-14T11:33:56.621+0000] {docker.py:413} INFO - 24/12/14 11:33:56 INFO BlockManagerMasterEndpoint: Using org.apache.spark.storage.DefaultTopologyMapper for getting topology information
[2024-12-14T11:33:56.623+0000] {docker.py:413} INFO - 24/12/14 11:33:56 INFO BlockManagerMasterEndpoint: BlockManagerMasterEndpoint up
[2024-12-14T11:33:56.629+0000] {docker.py:413} INFO - 24/12/14 11:33:56 INFO SparkEnv: Registering BlockManagerMasterHeartbeat
[2024-12-14T11:33:56.661+0000] {docker.py:413} INFO - 24/12/14 11:33:56 INFO DiskBlockManager: Created local directory at /tmp/blockmgr-0c263bae-ec77-4fa6-85e9-d9d17297f8f5
[2024-12-14T11:33:56.683+0000] {docker.py:413} INFO - 24/12/14 11:33:56 INFO MemoryStore: MemoryStore started with capacity 434.4 MiB
[2024-12-14T11:33:56.710+0000] {docker.py:413} INFO - 24/12/14 11:33:56 INFO SparkEnv: Registering OutputCommitCoordinator
[2024-12-14T11:33:56.892+0000] {docker.py:413} INFO - 24/12/14 11:33:56 INFO JettyUtils: Start Jetty 0.0.0.0:4040 for SparkUI
[2024-12-14T11:33:57.041+0000] {docker.py:413} INFO - 24/12/14 11:33:57 INFO Utils: Successfully started service 'SparkUI' on port 4040.
[2024-12-14T11:33:57.115+0000] {docker.py:413} INFO - 24/12/14 11:33:57 INFO SparkContext: Added JAR file:///root/.ivy2/jars/org.postgresql_postgresql-42.5.4.jar at spark://localhost:41919/jars/org.postgresql_postgresql-42.5.4.jar with timestamp 1734176035956
[2024-12-14T11:33:57.116+0000] {docker.py:413} INFO - 24/12/14 11:33:57 INFO SparkContext: Added JAR file:///root/.ivy2/jars/org.apache.spark_spark-sql-kafka-0-10_2.12-3.5.0.jar at spark://localhost:41919/jars/org.apache.spark_spark-sql-kafka-0-10_2.12-3.5.0.jar with timestamp 1734176035956
[2024-12-14T11:33:57.117+0000] {docker.py:413} INFO - 24/12/14 11:33:57 INFO SparkContext: Added JAR file:///root/.ivy2/jars/org.checkerframework_checker-qual-3.5.0.jar at spark://localhost:41919/jars/org.checkerframework_checker-qual-3.5.0.jar with timestamp 1734176035956
[2024-12-14T11:33:57.118+0000] {docker.py:413} INFO - 24/12/14 11:33:57 INFO SparkContext: Added JAR file:///root/.ivy2/jars/org.apache.spark_spark-token-provider-kafka-0-10_2.12-3.5.0.jar at spark://localhost:41919/jars/org.apache.spark_spark-token-provider-kafka-0-10_2.12-3.5.0.jar with timestamp 1734176035956
[2024-12-14T11:33:57.120+0000] {docker.py:413} INFO - 24/12/14 11:33:57 INFO SparkContext: Added JAR file:///root/.ivy2/jars/org.apache.kafka_kafka-clients-3.4.1.jar at spark://localhost:41919/jars/org.apache.kafka_kafka-clients-3.4.1.jar with timestamp 1734176035956
[2024-12-14T11:33:57.121+0000] {docker.py:413} INFO - 24/12/14 11:33:57 INFO SparkContext: Added JAR file:///root/.ivy2/jars/com.google.code.findbugs_jsr305-3.0.0.jar at spark://localhost:41919/jars/com.google.code.findbugs_jsr305-3.0.0.jar with timestamp 1734176035956
[2024-12-14T11:33:57.122+0000] {docker.py:413} INFO - 24/12/14 11:33:57 INFO SparkContext: Added JAR file:///root/.ivy2/jars/org.apache.commons_commons-pool2-2.11.1.jar at spark://localhost:41919/jars/org.apache.commons_commons-pool2-2.11.1.jar with timestamp 1734176035956
[2024-12-14T11:33:57.123+0000] {docker.py:413} INFO - 24/12/14 11:33:57 INFO SparkContext: Added JAR file:///root/.ivy2/jars/org.apache.hadoop_hadoop-client-runtime-3.3.4.jar at spark://localhost:41919/jars/org.apache.hadoop_hadoop-client-runtime-3.3.4.jar with timestamp 1734176035956
[2024-12-14T11:33:57.124+0000] {docker.py:413} INFO - 24/12/14 11:33:57 INFO SparkContext: Added JAR file:///root/.ivy2/jars/org.lz4_lz4-java-1.8.0.jar at spark://localhost:41919/jars/org.lz4_lz4-java-1.8.0.jar with timestamp 1734176035956
[2024-12-14T11:33:57.125+0000] {docker.py:413} INFO - 24/12/14 11:33:57 INFO SparkContext: Added JAR file:///root/.ivy2/jars/org.xerial.snappy_snappy-java-1.1.10.3.jar at spark://localhost:41919/jars/org.xerial.snappy_snappy-java-1.1.10.3.jar with timestamp 1734176035956
[2024-12-14T11:33:57.126+0000] {docker.py:413} INFO - 24/12/14 11:33:57 INFO SparkContext: Added JAR file:///root/.ivy2/jars/org.slf4j_slf4j-api-2.0.7.jar at spark://localhost:41919/jars/org.slf4j_slf4j-api-2.0.7.jar with timestamp 1734176035956
[2024-12-14T11:33:57.127+0000] {docker.py:413} INFO - 24/12/14 11:33:57 INFO SparkContext: Added JAR file:///root/.ivy2/jars/org.apache.hadoop_hadoop-client-api-3.3.4.jar at spark://localhost:41919/jars/org.apache.hadoop_hadoop-client-api-3.3.4.jar with timestamp 1734176035956
[2024-12-14T11:33:57.127+0000] {docker.py:413} INFO - 24/12/14 11:33:57 INFO SparkContext: Added JAR file:///root/.ivy2/jars/commons-logging_commons-logging-1.1.3.jar at spark://localhost:41919/jars/commons-logging_commons-logging-1.1.3.jar with timestamp 1734176035956
[2024-12-14T11:33:57.128+0000] {docker.py:413} INFO - 24/12/14 11:33:57 INFO SparkContext: Added file file:///root/.ivy2/jars/org.postgresql_postgresql-42.5.4.jar at file:///root/.ivy2/jars/org.postgresql_postgresql-42.5.4.jar with timestamp 1734176035956
[2024-12-14T11:33:57.131+0000] {docker.py:413} INFO - 24/12/14 11:33:57 INFO Utils: Copying /root/.ivy2/jars/org.postgresql_postgresql-42.5.4.jar to /tmp/spark-6d7b85cf-1a3c-4d0c-9a8f-260db7c4c577/userFiles-b05fa842-dfaa-49e6-af9b-b866d3d83810/org.postgresql_postgresql-42.5.4.jar
[2024-12-14T11:33:57.148+0000] {docker.py:413} INFO - 24/12/14 11:33:57 INFO SparkContext: Added file file:///root/.ivy2/jars/org.apache.spark_spark-sql-kafka-0-10_2.12-3.5.0.jar at file:///root/.ivy2/jars/org.apache.spark_spark-sql-kafka-0-10_2.12-3.5.0.jar with timestamp 1734176035956
[2024-12-14T11:33:57.150+0000] {docker.py:413} INFO - 24/12/14 11:33:57 INFO Utils: Copying /root/.ivy2/jars/org.apache.spark_spark-sql-kafka-0-10_2.12-3.5.0.jar to /tmp/spark-6d7b85cf-1a3c-4d0c-9a8f-260db7c4c577/userFiles-b05fa842-dfaa-49e6-af9b-b866d3d83810/org.apache.spark_spark-sql-kafka-0-10_2.12-3.5.0.jar
[2024-12-14T11:33:57.156+0000] {docker.py:413} INFO - 24/12/14 11:33:57 INFO SparkContext: Added file file:///root/.ivy2/jars/org.checkerframework_checker-qual-3.5.0.jar at file:///root/.ivy2/jars/org.checkerframework_checker-qual-3.5.0.jar with timestamp 1734176035956
[2024-12-14T11:33:57.158+0000] {docker.py:413} INFO - 24/12/14 11:33:57 INFO Utils: Copying /root/.ivy2/jars/org.checkerframework_checker-qual-3.5.0.jar to /tmp/spark-6d7b85cf-1a3c-4d0c-9a8f-260db7c4c577/userFiles-b05fa842-dfaa-49e6-af9b-b866d3d83810/org.checkerframework_checker-qual-3.5.0.jar
[2024-12-14T11:33:57.164+0000] {docker.py:413} INFO - 24/12/14 11:33:57 INFO SparkContext: Added file file:///root/.ivy2/jars/org.apache.spark_spark-token-provider-kafka-0-10_2.12-3.5.0.jar at file:///root/.ivy2/jars/org.apache.spark_spark-token-provider-kafka-0-10_2.12-3.5.0.jar with timestamp 1734176035956
[2024-12-14T11:33:57.166+0000] {docker.py:413} INFO - 24/12/14 11:33:57 INFO Utils: Copying /root/.ivy2/jars/org.apache.spark_spark-token-provider-kafka-0-10_2.12-3.5.0.jar to /tmp/spark-6d7b85cf-1a3c-4d0c-9a8f-260db7c4c577/userFiles-b05fa842-dfaa-49e6-af9b-b866d3d83810/org.apache.spark_spark-token-provider-kafka-0-10_2.12-3.5.0.jar
[2024-12-14T11:33:57.172+0000] {docker.py:413} INFO - 24/12/14 11:33:57 INFO SparkContext: Added file file:///root/.ivy2/jars/org.apache.kafka_kafka-clients-3.4.1.jar at file:///root/.ivy2/jars/org.apache.kafka_kafka-clients-3.4.1.jar with timestamp 1734176035956
[2024-12-14T11:33:57.173+0000] {docker.py:413} INFO - 24/12/14 11:33:57 INFO Utils: Copying /root/.ivy2/jars/org.apache.kafka_kafka-clients-3.4.1.jar to /tmp/spark-6d7b85cf-1a3c-4d0c-9a8f-260db7c4c577/userFiles-b05fa842-dfaa-49e6-af9b-b866d3d83810/org.apache.kafka_kafka-clients-3.4.1.jar
[2024-12-14T11:33:57.183+0000] {docker.py:413} INFO - 24/12/14 11:33:57 INFO SparkContext: Added file file:///root/.ivy2/jars/com.google.code.findbugs_jsr305-3.0.0.jar at file:///root/.ivy2/jars/com.google.code.findbugs_jsr305-3.0.0.jar with timestamp 1734176035956
[2024-12-14T11:33:57.184+0000] {docker.py:413} INFO - 24/12/14 11:33:57 INFO Utils: Copying /root/.ivy2/jars/com.google.code.findbugs_jsr305-3.0.0.jar to /tmp/spark-6d7b85cf-1a3c-4d0c-9a8f-260db7c4c577/userFiles-b05fa842-dfaa-49e6-af9b-b866d3d83810/com.google.code.findbugs_jsr305-3.0.0.jar
[2024-12-14T11:33:57.190+0000] {docker.py:413} INFO - 24/12/14 11:33:57 INFO SparkContext: Added file file:///root/.ivy2/jars/org.apache.commons_commons-pool2-2.11.1.jar at file:///root/.ivy2/jars/org.apache.commons_commons-pool2-2.11.1.jar with timestamp 1734176035956
[2024-12-14T11:33:57.192+0000] {docker.py:413} INFO - 24/12/14 11:33:57 INFO Utils: Copying /root/.ivy2/jars/org.apache.commons_commons-pool2-2.11.1.jar to /tmp/spark-6d7b85cf-1a3c-4d0c-9a8f-260db7c4c577/userFiles-b05fa842-dfaa-49e6-af9b-b866d3d83810/org.apache.commons_commons-pool2-2.11.1.jar
[2024-12-14T11:33:57.197+0000] {docker.py:413} INFO - 24/12/14 11:33:57 INFO SparkContext: Added file file:///root/.ivy2/jars/org.apache.hadoop_hadoop-client-runtime-3.3.4.jar at file:///root/.ivy2/jars/org.apache.hadoop_hadoop-client-runtime-3.3.4.jar with timestamp 1734176035956
[2024-12-14T11:33:57.199+0000] {docker.py:413} INFO - 24/12/14 11:33:57 INFO Utils: Copying /root/.ivy2/jars/org.apache.hadoop_hadoop-client-runtime-3.3.4.jar to /tmp/spark-6d7b85cf-1a3c-4d0c-9a8f-260db7c4c577/userFiles-b05fa842-dfaa-49e6-af9b-b866d3d83810/org.apache.hadoop_hadoop-client-runtime-3.3.4.jar
[2024-12-14T11:33:57.229+0000] {docker.py:413} INFO - 24/12/14 11:33:57 INFO SparkContext: Added file file:///root/.ivy2/jars/org.lz4_lz4-java-1.8.0.jar at file:///root/.ivy2/jars/org.lz4_lz4-java-1.8.0.jar with timestamp 1734176035956
[2024-12-14T11:33:57.230+0000] {docker.py:413} INFO - 24/12/14 11:33:57 INFO Utils: Copying /root/.ivy2/jars/org.lz4_lz4-java-1.8.0.jar to /tmp/spark-6d7b85cf-1a3c-4d0c-9a8f-260db7c4c577/userFiles-b05fa842-dfaa-49e6-af9b-b866d3d83810/org.lz4_lz4-java-1.8.0.jar
[2024-12-14T11:33:57.235+0000] {docker.py:413} INFO - 24/12/14 11:33:57 INFO SparkContext: Added file file:///root/.ivy2/jars/org.xerial.snappy_snappy-java-1.1.10.3.jar at file:///root/.ivy2/jars/org.xerial.snappy_snappy-java-1.1.10.3.jar with timestamp 1734176035956
[2024-12-14T11:33:57.237+0000] {docker.py:413} INFO - 24/12/14 11:33:57 INFO Utils: Copying /root/.ivy2/jars/org.xerial.snappy_snappy-java-1.1.10.3.jar to /tmp/spark-6d7b85cf-1a3c-4d0c-9a8f-260db7c4c577/userFiles-b05fa842-dfaa-49e6-af9b-b866d3d83810/org.xerial.snappy_snappy-java-1.1.10.3.jar
[2024-12-14T11:33:57.244+0000] {docker.py:413} INFO - 24/12/14 11:33:57 INFO SparkContext: Added file file:///root/.ivy2/jars/org.slf4j_slf4j-api-2.0.7.jar at file:///root/.ivy2/jars/org.slf4j_slf4j-api-2.0.7.jar with timestamp 1734176035956
[2024-12-14T11:33:57.245+0000] {docker.py:413} INFO - 24/12/14 11:33:57 INFO Utils: Copying /root/.ivy2/jars/org.slf4j_slf4j-api-2.0.7.jar to /tmp/spark-6d7b85cf-1a3c-4d0c-9a8f-260db7c4c577/userFiles-b05fa842-dfaa-49e6-af9b-b866d3d83810/org.slf4j_slf4j-api-2.0.7.jar
[2024-12-14T11:33:57.250+0000] {docker.py:413} INFO - 24/12/14 11:33:57 INFO SparkContext: Added file file:///root/.ivy2/jars/org.apache.hadoop_hadoop-client-api-3.3.4.jar at file:///root/.ivy2/jars/org.apache.hadoop_hadoop-client-api-3.3.4.jar with timestamp 1734176035956
[2024-12-14T11:33:57.251+0000] {docker.py:413} INFO - 24/12/14 11:33:57 INFO Utils: Copying /root/.ivy2/jars/org.apache.hadoop_hadoop-client-api-3.3.4.jar to /tmp/spark-6d7b85cf-1a3c-4d0c-9a8f-260db7c4c577/userFiles-b05fa842-dfaa-49e6-af9b-b866d3d83810/org.apache.hadoop_hadoop-client-api-3.3.4.jar
[2024-12-14T11:33:57.271+0000] {docker.py:413} INFO - 24/12/14 11:33:57 INFO SparkContext: Added file file:///root/.ivy2/jars/commons-logging_commons-logging-1.1.3.jar at file:///root/.ivy2/jars/commons-logging_commons-logging-1.1.3.jar with timestamp 1734176035956
24/12/14 11:33:57 INFO Utils: Copying /root/.ivy2/jars/commons-logging_commons-logging-1.1.3.jar to /tmp/spark-6d7b85cf-1a3c-4d0c-9a8f-260db7c4c577/userFiles-b05fa842-dfaa-49e6-af9b-b866d3d83810/commons-logging_commons-logging-1.1.3.jar
[2024-12-14T11:33:57.393+0000] {docker.py:413} INFO - 24/12/14 11:33:57 INFO Executor: Starting executor ID driver on host localhost
[2024-12-14T11:33:57.394+0000] {docker.py:413} INFO - 24/12/14 11:33:57 INFO Executor: OS info Linux, 6.10.11-linuxkit, amd64
[2024-12-14T11:33:57.395+0000] {docker.py:413} INFO - 24/12/14 11:33:57 INFO Executor: Java version 17.0.10
[2024-12-14T11:33:57.411+0000] {docker.py:413} INFO - 24/12/14 11:33:57 INFO Executor: Starting executor with user classpath (userClassPathFirst = false): ''
[2024-12-14T11:33:57.413+0000] {docker.py:413} INFO - 24/12/14 11:33:57 INFO Executor: Created or updated repl class loader org.apache.spark.util.MutableURLClassLoader@2628ea2f for default.
[2024-12-14T11:33:57.441+0000] {docker.py:413} INFO - 24/12/14 11:33:57 INFO Executor: Fetching file:///root/.ivy2/jars/org.apache.spark_spark-sql-kafka-0-10_2.12-3.5.0.jar with timestamp 1734176035956
[2024-12-14T11:33:57.470+0000] {docker.py:413} INFO - 24/12/14 11:33:57 INFO Utils: /root/.ivy2/jars/org.apache.spark_spark-sql-kafka-0-10_2.12-3.5.0.jar has been previously copied to /tmp/spark-6d7b85cf-1a3c-4d0c-9a8f-260db7c4c577/userFiles-b05fa842-dfaa-49e6-af9b-b866d3d83810/org.apache.spark_spark-sql-kafka-0-10_2.12-3.5.0.jar
[2024-12-14T11:33:57.475+0000] {docker.py:413} INFO - 24/12/14 11:33:57 INFO Executor: Fetching file:///root/.ivy2/jars/org.postgresql_postgresql-42.5.4.jar with timestamp 1734176035956
[2024-12-14T11:33:57.478+0000] {docker.py:413} INFO - 24/12/14 11:33:57 INFO Utils: /root/.ivy2/jars/org.postgresql_postgresql-42.5.4.jar has been previously copied to /tmp/spark-6d7b85cf-1a3c-4d0c-9a8f-260db7c4c577/userFiles-b05fa842-dfaa-49e6-af9b-b866d3d83810/org.postgresql_postgresql-42.5.4.jar
[2024-12-14T11:33:57.484+0000] {docker.py:413} INFO - 24/12/14 11:33:57 INFO Executor: Fetching file:///root/.ivy2/jars/org.apache.hadoop_hadoop-client-api-3.3.4.jar with timestamp 1734176035956
[2024-12-14T11:33:57.509+0000] {docker.py:413} INFO - 24/12/14 11:33:57 INFO Utils: /root/.ivy2/jars/org.apache.hadoop_hadoop-client-api-3.3.4.jar has been previously copied to /tmp/spark-6d7b85cf-1a3c-4d0c-9a8f-260db7c4c577/userFiles-b05fa842-dfaa-49e6-af9b-b866d3d83810/org.apache.hadoop_hadoop-client-api-3.3.4.jar
[2024-12-14T11:33:57.514+0000] {docker.py:413} INFO - 24/12/14 11:33:57 INFO Executor: Fetching file:///root/.ivy2/jars/com.google.code.findbugs_jsr305-3.0.0.jar with timestamp 1734176035956
[2024-12-14T11:33:57.515+0000] {docker.py:413} INFO - 24/12/14 11:33:57 INFO Utils: /root/.ivy2/jars/com.google.code.findbugs_jsr305-3.0.0.jar has been previously copied to /tmp/spark-6d7b85cf-1a3c-4d0c-9a8f-260db7c4c577/userFiles-b05fa842-dfaa-49e6-af9b-b866d3d83810/com.google.code.findbugs_jsr305-3.0.0.jar
[2024-12-14T11:33:57.521+0000] {docker.py:413} INFO - 24/12/14 11:33:57 INFO Executor: Fetching file:///root/.ivy2/jars/org.apache.hadoop_hadoop-client-runtime-3.3.4.jar with timestamp 1734176035956
[2024-12-14T11:33:57.555+0000] {docker.py:413} INFO - 24/12/14 11:33:57 INFO Utils: /root/.ivy2/jars/org.apache.hadoop_hadoop-client-runtime-3.3.4.jar has been previously copied to /tmp/spark-6d7b85cf-1a3c-4d0c-9a8f-260db7c4c577/userFiles-b05fa842-dfaa-49e6-af9b-b866d3d83810/org.apache.hadoop_hadoop-client-runtime-3.3.4.jar
[2024-12-14T11:33:57.559+0000] {docker.py:413} INFO - 24/12/14 11:33:57 INFO Executor: Fetching file:///root/.ivy2/jars/org.checkerframework_checker-qual-3.5.0.jar with timestamp 1734176035956
[2024-12-14T11:33:57.561+0000] {docker.py:413} INFO - 24/12/14 11:33:57 INFO Utils: /root/.ivy2/jars/org.checkerframework_checker-qual-3.5.0.jar has been previously copied to /tmp/spark-6d7b85cf-1a3c-4d0c-9a8f-260db7c4c577/userFiles-b05fa842-dfaa-49e6-af9b-b866d3d83810/org.checkerframework_checker-qual-3.5.0.jar
[2024-12-14T11:33:57.566+0000] {docker.py:413} INFO - 24/12/14 11:33:57 INFO Executor: Fetching file:///root/.ivy2/jars/org.xerial.snappy_snappy-java-1.1.10.3.jar with timestamp 1734176035956
[2024-12-14T11:33:57.569+0000] {docker.py:413} INFO - 24/12/14 11:33:57 INFO Utils: /root/.ivy2/jars/org.xerial.snappy_snappy-java-1.1.10.3.jar has been previously copied to /tmp/spark-6d7b85cf-1a3c-4d0c-9a8f-260db7c4c577/userFiles-b05fa842-dfaa-49e6-af9b-b866d3d83810/org.xerial.snappy_snappy-java-1.1.10.3.jar
[2024-12-14T11:33:57.574+0000] {docker.py:413} INFO - 24/12/14 11:33:57 INFO Executor: Fetching file:///root/.ivy2/jars/org.apache.spark_spark-token-provider-kafka-0-10_2.12-3.5.0.jar with timestamp 1734176035956
[2024-12-14T11:33:57.576+0000] {docker.py:413} INFO - 24/12/14 11:33:57 INFO Utils: /root/.ivy2/jars/org.apache.spark_spark-token-provider-kafka-0-10_2.12-3.5.0.jar has been previously copied to /tmp/spark-6d7b85cf-1a3c-4d0c-9a8f-260db7c4c577/userFiles-b05fa842-dfaa-49e6-af9b-b866d3d83810/org.apache.spark_spark-token-provider-kafka-0-10_2.12-3.5.0.jar
[2024-12-14T11:33:57.580+0000] {docker.py:413} INFO - 24/12/14 11:33:57 INFO Executor: Fetching file:///root/.ivy2/jars/org.slf4j_slf4j-api-2.0.7.jar with timestamp 1734176035956
[2024-12-14T11:33:57.582+0000] {docker.py:413} INFO - 24/12/14 11:33:57 INFO Utils: /root/.ivy2/jars/org.slf4j_slf4j-api-2.0.7.jar has been previously copied to /tmp/spark-6d7b85cf-1a3c-4d0c-9a8f-260db7c4c577/userFiles-b05fa842-dfaa-49e6-af9b-b866d3d83810/org.slf4j_slf4j-api-2.0.7.jar
[2024-12-14T11:33:57.587+0000] {docker.py:413} INFO - 24/12/14 11:33:57 INFO Executor: Fetching file:///root/.ivy2/jars/org.apache.commons_commons-pool2-2.11.1.jar with timestamp 1734176035956
[2024-12-14T11:33:57.588+0000] {docker.py:413} INFO - 24/12/14 11:33:57 INFO Utils: /root/.ivy2/jars/org.apache.commons_commons-pool2-2.11.1.jar has been previously copied to /tmp/spark-6d7b85cf-1a3c-4d0c-9a8f-260db7c4c577/userFiles-b05fa842-dfaa-49e6-af9b-b866d3d83810/org.apache.commons_commons-pool2-2.11.1.jar
[2024-12-14T11:33:57.594+0000] {docker.py:413} INFO - 24/12/14 11:33:57 INFO Executor: Fetching file:///root/.ivy2/jars/commons-logging_commons-logging-1.1.3.jar with timestamp 1734176035956
[2024-12-14T11:33:57.607+0000] {docker.py:413} INFO - 24/12/14 11:33:57 INFO Utils: /root/.ivy2/jars/commons-logging_commons-logging-1.1.3.jar has been previously copied to /tmp/spark-6d7b85cf-1a3c-4d0c-9a8f-260db7c4c577/userFiles-b05fa842-dfaa-49e6-af9b-b866d3d83810/commons-logging_commons-logging-1.1.3.jar
[2024-12-14T11:33:57.614+0000] {docker.py:413} INFO - 24/12/14 11:33:57 INFO Executor: Fetching file:///root/.ivy2/jars/org.lz4_lz4-java-1.8.0.jar with timestamp 1734176035956
[2024-12-14T11:33:57.617+0000] {docker.py:413} INFO - 24/12/14 11:33:57 INFO Utils: /root/.ivy2/jars/org.lz4_lz4-java-1.8.0.jar has been previously copied to /tmp/spark-6d7b85cf-1a3c-4d0c-9a8f-260db7c4c577/userFiles-b05fa842-dfaa-49e6-af9b-b866d3d83810/org.lz4_lz4-java-1.8.0.jar
[2024-12-14T11:33:57.623+0000] {docker.py:413} INFO - 24/12/14 11:33:57 INFO Executor: Fetching file:///root/.ivy2/jars/org.apache.kafka_kafka-clients-3.4.1.jar with timestamp 1734176035956
[2024-12-14T11:33:57.635+0000] {docker.py:413} INFO - 24/12/14 11:33:57 INFO Utils: /root/.ivy2/jars/org.apache.kafka_kafka-clients-3.4.1.jar has been previously copied to /tmp/spark-6d7b85cf-1a3c-4d0c-9a8f-260db7c4c577/userFiles-b05fa842-dfaa-49e6-af9b-b866d3d83810/org.apache.kafka_kafka-clients-3.4.1.jar
[2024-12-14T11:33:57.648+0000] {docker.py:413} INFO - 24/12/14 11:33:57 INFO Executor: Fetching spark://localhost:41919/jars/org.slf4j_slf4j-api-2.0.7.jar with timestamp 1734176035956
[2024-12-14T11:33:57.722+0000] {docker.py:413} INFO - 24/12/14 11:33:57 INFO TransportClientFactory: Successfully created connection to localhost/127.0.0.1:41919 after 49 ms (0 ms spent in bootstraps)
[2024-12-14T11:33:57.735+0000] {docker.py:413} INFO - 24/12/14 11:33:57 INFO Utils: Fetching spark://localhost:41919/jars/org.slf4j_slf4j-api-2.0.7.jar to /tmp/spark-6d7b85cf-1a3c-4d0c-9a8f-260db7c4c577/userFiles-b05fa842-dfaa-49e6-af9b-b866d3d83810/fetchFileTemp3716382512727530017.tmp
[2024-12-14T11:33:57.805+0000] {docker.py:413} INFO - 24/12/14 11:33:57 INFO Utils: /tmp/spark-6d7b85cf-1a3c-4d0c-9a8f-260db7c4c577/userFiles-b05fa842-dfaa-49e6-af9b-b866d3d83810/fetchFileTemp3716382512727530017.tmp has been previously copied to /tmp/spark-6d7b85cf-1a3c-4d0c-9a8f-260db7c4c577/userFiles-b05fa842-dfaa-49e6-af9b-b866d3d83810/org.slf4j_slf4j-api-2.0.7.jar
[2024-12-14T11:33:57.813+0000] {docker.py:413} INFO - 24/12/14 11:33:57 INFO Executor: Adding file:/tmp/spark-6d7b85cf-1a3c-4d0c-9a8f-260db7c4c577/userFiles-b05fa842-dfaa-49e6-af9b-b866d3d83810/org.slf4j_slf4j-api-2.0.7.jar to class loader default
[2024-12-14T11:33:57.815+0000] {docker.py:413} INFO - 24/12/14 11:33:57 INFO Executor: Fetching spark://localhost:41919/jars/org.postgresql_postgresql-42.5.4.jar with timestamp 1734176035956
[2024-12-14T11:33:57.816+0000] {docker.py:413} INFO - 24/12/14 11:33:57 INFO Utils: Fetching spark://localhost:41919/jars/org.postgresql_postgresql-42.5.4.jar to /tmp/spark-6d7b85cf-1a3c-4d0c-9a8f-260db7c4c577/userFiles-b05fa842-dfaa-49e6-af9b-b866d3d83810/fetchFileTemp7330921342252507983.tmp
[2024-12-14T11:33:57.831+0000] {docker.py:413} INFO - 24/12/14 11:33:57 INFO Utils: /tmp/spark-6d7b85cf-1a3c-4d0c-9a8f-260db7c4c577/userFiles-b05fa842-dfaa-49e6-af9b-b866d3d83810/fetchFileTemp7330921342252507983.tmp has been previously copied to /tmp/spark-6d7b85cf-1a3c-4d0c-9a8f-260db7c4c577/userFiles-b05fa842-dfaa-49e6-af9b-b866d3d83810/org.postgresql_postgresql-42.5.4.jar
[2024-12-14T11:33:57.836+0000] {docker.py:413} INFO - 24/12/14 11:33:57 INFO Executor: Adding file:/tmp/spark-6d7b85cf-1a3c-4d0c-9a8f-260db7c4c577/userFiles-b05fa842-dfaa-49e6-af9b-b866d3d83810/org.postgresql_postgresql-42.5.4.jar to class loader default
[2024-12-14T11:33:57.838+0000] {docker.py:413} INFO - 24/12/14 11:33:57 INFO Executor: Fetching spark://localhost:41919/jars/org.apache.hadoop_hadoop-client-runtime-3.3.4.jar with timestamp 1734176035956
[2024-12-14T11:33:57.839+0000] {docker.py:413} INFO - 24/12/14 11:33:57 INFO Utils: Fetching spark://localhost:41919/jars/org.apache.hadoop_hadoop-client-runtime-3.3.4.jar to /tmp/spark-6d7b85cf-1a3c-4d0c-9a8f-260db7c4c577/userFiles-b05fa842-dfaa-49e6-af9b-b866d3d83810/fetchFileTemp16747853764735610878.tmp
[2024-12-14T11:33:57.997+0000] {docker.py:413} INFO - 24/12/14 11:33:57 INFO Utils: /tmp/spark-6d7b85cf-1a3c-4d0c-9a8f-260db7c4c577/userFiles-b05fa842-dfaa-49e6-af9b-b866d3d83810/fetchFileTemp16747853764735610878.tmp has been previously copied to /tmp/spark-6d7b85cf-1a3c-4d0c-9a8f-260db7c4c577/userFiles-b05fa842-dfaa-49e6-af9b-b866d3d83810/org.apache.hadoop_hadoop-client-runtime-3.3.4.jar
[2024-12-14T11:33:58.009+0000] {docker.py:413} INFO - 24/12/14 11:33:58 INFO Executor: Adding file:/tmp/spark-6d7b85cf-1a3c-4d0c-9a8f-260db7c4c577/userFiles-b05fa842-dfaa-49e6-af9b-b866d3d83810/org.apache.hadoop_hadoop-client-runtime-3.3.4.jar to class loader default
[2024-12-14T11:33:58.015+0000] {docker.py:413} INFO - 24/12/14 11:33:58 INFO Executor: Fetching spark://localhost:41919/jars/commons-logging_commons-logging-1.1.3.jar with timestamp 1734176035956
[2024-12-14T11:33:58.017+0000] {docker.py:413} INFO - 24/12/14 11:33:58 INFO Utils: Fetching spark://localhost:41919/jars/commons-logging_commons-logging-1.1.3.jar to /tmp/spark-6d7b85cf-1a3c-4d0c-9a8f-260db7c4c577/userFiles-b05fa842-dfaa-49e6-af9b-b866d3d83810/fetchFileTemp1720516294247485480.tmp
[2024-12-14T11:33:58.021+0000] {docker.py:413} INFO - 24/12/14 11:33:58 INFO Utils: /tmp/spark-6d7b85cf-1a3c-4d0c-9a8f-260db7c4c577/userFiles-b05fa842-dfaa-49e6-af9b-b866d3d83810/fetchFileTemp1720516294247485480.tmp has been previously copied to /tmp/spark-6d7b85cf-1a3c-4d0c-9a8f-260db7c4c577/userFiles-b05fa842-dfaa-49e6-af9b-b866d3d83810/commons-logging_commons-logging-1.1.3.jar
[2024-12-14T11:33:58.025+0000] {docker.py:413} INFO - 24/12/14 11:33:58 INFO Executor: Adding file:/tmp/spark-6d7b85cf-1a3c-4d0c-9a8f-260db7c4c577/userFiles-b05fa842-dfaa-49e6-af9b-b866d3d83810/commons-logging_commons-logging-1.1.3.jar to class loader default
[2024-12-14T11:33:58.027+0000] {docker.py:413} INFO - 24/12/14 11:33:58 INFO Executor: Fetching spark://localhost:41919/jars/org.xerial.snappy_snappy-java-1.1.10.3.jar with timestamp 1734176035956
[2024-12-14T11:33:58.029+0000] {docker.py:413} INFO - 24/12/14 11:33:58 INFO Utils: Fetching spark://localhost:41919/jars/org.xerial.snappy_snappy-java-1.1.10.3.jar to /tmp/spark-6d7b85cf-1a3c-4d0c-9a8f-260db7c4c577/userFiles-b05fa842-dfaa-49e6-af9b-b866d3d83810/fetchFileTemp2610591141193984848.tmp
[2024-12-14T11:33:58.042+0000] {docker.py:413} INFO - 24/12/14 11:33:58 INFO Utils: /tmp/spark-6d7b85cf-1a3c-4d0c-9a8f-260db7c4c577/userFiles-b05fa842-dfaa-49e6-af9b-b866d3d83810/fetchFileTemp2610591141193984848.tmp has been previously copied to /tmp/spark-6d7b85cf-1a3c-4d0c-9a8f-260db7c4c577/userFiles-b05fa842-dfaa-49e6-af9b-b866d3d83810/org.xerial.snappy_snappy-java-1.1.10.3.jar
[2024-12-14T11:33:58.050+0000] {docker.py:413} INFO - 24/12/14 11:33:58 INFO Executor: Adding file:/tmp/spark-6d7b85cf-1a3c-4d0c-9a8f-260db7c4c577/userFiles-b05fa842-dfaa-49e6-af9b-b866d3d83810/org.xerial.snappy_snappy-java-1.1.10.3.jar to class loader default
24/12/14 11:33:58 INFO Executor: Fetching spark://localhost:41919/jars/org.checkerframework_checker-qual-3.5.0.jar with timestamp 1734176035956
[2024-12-14T11:33:58.051+0000] {docker.py:413} INFO - 24/12/14 11:33:58 INFO Utils: Fetching spark://localhost:41919/jars/org.checkerframework_checker-qual-3.5.0.jar to /tmp/spark-6d7b85cf-1a3c-4d0c-9a8f-260db7c4c577/userFiles-b05fa842-dfaa-49e6-af9b-b866d3d83810/fetchFileTemp12561624544344997930.tmp
[2024-12-14T11:33:58.056+0000] {docker.py:413} INFO - 24/12/14 11:33:58 INFO Utils: /tmp/spark-6d7b85cf-1a3c-4d0c-9a8f-260db7c4c577/userFiles-b05fa842-dfaa-49e6-af9b-b866d3d83810/fetchFileTemp12561624544344997930.tmp has been previously copied to /tmp/spark-6d7b85cf-1a3c-4d0c-9a8f-260db7c4c577/userFiles-b05fa842-dfaa-49e6-af9b-b866d3d83810/org.checkerframework_checker-qual-3.5.0.jar
[2024-12-14T11:33:58.062+0000] {docker.py:413} INFO - 24/12/14 11:33:58 INFO Executor: Adding file:/tmp/spark-6d7b85cf-1a3c-4d0c-9a8f-260db7c4c577/userFiles-b05fa842-dfaa-49e6-af9b-b866d3d83810/org.checkerframework_checker-qual-3.5.0.jar to class loader default
[2024-12-14T11:33:58.064+0000] {docker.py:413} INFO - 24/12/14 11:33:58 INFO Executor: Fetching spark://localhost:41919/jars/org.apache.hadoop_hadoop-client-api-3.3.4.jar with timestamp 1734176035956
[2024-12-14T11:33:58.065+0000] {docker.py:413} INFO - 24/12/14 11:33:58 INFO Utils: Fetching spark://localhost:41919/jars/org.apache.hadoop_hadoop-client-api-3.3.4.jar to /tmp/spark-6d7b85cf-1a3c-4d0c-9a8f-260db7c4c577/userFiles-b05fa842-dfaa-49e6-af9b-b866d3d83810/fetchFileTemp14886467179741576796.tmp
[2024-12-14T11:33:58.144+0000] {docker.py:413} INFO - 24/12/14 11:33:58 INFO Utils: /tmp/spark-6d7b85cf-1a3c-4d0c-9a8f-260db7c4c577/userFiles-b05fa842-dfaa-49e6-af9b-b866d3d83810/fetchFileTemp14886467179741576796.tmp has been previously copied to /tmp/spark-6d7b85cf-1a3c-4d0c-9a8f-260db7c4c577/userFiles-b05fa842-dfaa-49e6-af9b-b866d3d83810/org.apache.hadoop_hadoop-client-api-3.3.4.jar
[2024-12-14T11:33:58.153+0000] {docker.py:413} INFO - 24/12/14 11:33:58 INFO Executor: Adding file:/tmp/spark-6d7b85cf-1a3c-4d0c-9a8f-260db7c4c577/userFiles-b05fa842-dfaa-49e6-af9b-b866d3d83810/org.apache.hadoop_hadoop-client-api-3.3.4.jar to class loader default
[2024-12-14T11:33:58.154+0000] {docker.py:413} INFO - 24/12/14 11:33:58 INFO Executor: Fetching spark://localhost:41919/jars/com.google.code.findbugs_jsr305-3.0.0.jar with timestamp 1734176035956
[2024-12-14T11:33:58.155+0000] {docker.py:413} INFO - 24/12/14 11:33:58 INFO Utils: Fetching spark://localhost:41919/jars/com.google.code.findbugs_jsr305-3.0.0.jar to /tmp/spark-6d7b85cf-1a3c-4d0c-9a8f-260db7c4c577/userFiles-b05fa842-dfaa-49e6-af9b-b866d3d83810/fetchFileTemp769171319130570617.tmp
[2024-12-14T11:33:58.157+0000] {docker.py:413} INFO - 24/12/14 11:33:58 INFO Utils: /tmp/spark-6d7b85cf-1a3c-4d0c-9a8f-260db7c4c577/userFiles-b05fa842-dfaa-49e6-af9b-b866d3d83810/fetchFileTemp769171319130570617.tmp has been previously copied to /tmp/spark-6d7b85cf-1a3c-4d0c-9a8f-260db7c4c577/userFiles-b05fa842-dfaa-49e6-af9b-b866d3d83810/com.google.code.findbugs_jsr305-3.0.0.jar
[2024-12-14T11:33:58.163+0000] {docker.py:413} INFO - 24/12/14 11:33:58 INFO Executor: Adding file:/tmp/spark-6d7b85cf-1a3c-4d0c-9a8f-260db7c4c577/userFiles-b05fa842-dfaa-49e6-af9b-b866d3d83810/com.google.code.findbugs_jsr305-3.0.0.jar to class loader default
[2024-12-14T11:33:58.165+0000] {docker.py:413} INFO - 24/12/14 11:33:58 INFO Executor: Fetching spark://localhost:41919/jars/org.apache.kafka_kafka-clients-3.4.1.jar with timestamp 1734176035956
[2024-12-14T11:33:58.166+0000] {docker.py:413} INFO - 24/12/14 11:33:58 INFO Utils: Fetching spark://localhost:41919/jars/org.apache.kafka_kafka-clients-3.4.1.jar to /tmp/spark-6d7b85cf-1a3c-4d0c-9a8f-260db7c4c577/userFiles-b05fa842-dfaa-49e6-af9b-b866d3d83810/fetchFileTemp13337058850799148526.tmp
[2024-12-14T11:33:58.184+0000] {docker.py:413} INFO - 24/12/14 11:33:58 INFO Utils: /tmp/spark-6d7b85cf-1a3c-4d0c-9a8f-260db7c4c577/userFiles-b05fa842-dfaa-49e6-af9b-b866d3d83810/fetchFileTemp13337058850799148526.tmp has been previously copied to /tmp/spark-6d7b85cf-1a3c-4d0c-9a8f-260db7c4c577/userFiles-b05fa842-dfaa-49e6-af9b-b866d3d83810/org.apache.kafka_kafka-clients-3.4.1.jar
[2024-12-14T11:33:58.191+0000] {docker.py:413} INFO - 24/12/14 11:33:58 INFO Executor: Adding file:/tmp/spark-6d7b85cf-1a3c-4d0c-9a8f-260db7c4c577/userFiles-b05fa842-dfaa-49e6-af9b-b866d3d83810/org.apache.kafka_kafka-clients-3.4.1.jar to class loader default
[2024-12-14T11:33:58.192+0000] {docker.py:413} INFO - 24/12/14 11:33:58 INFO Executor: Fetching spark://localhost:41919/jars/org.apache.commons_commons-pool2-2.11.1.jar with timestamp 1734176035956
[2024-12-14T11:33:58.193+0000] {docker.py:413} INFO - 24/12/14 11:33:58 INFO Utils: Fetching spark://localhost:41919/jars/org.apache.commons_commons-pool2-2.11.1.jar to /tmp/spark-6d7b85cf-1a3c-4d0c-9a8f-260db7c4c577/userFiles-b05fa842-dfaa-49e6-af9b-b866d3d83810/fetchFileTemp4121846513654891409.tmp
[2024-12-14T11:33:58.196+0000] {docker.py:413} INFO - 24/12/14 11:33:58 INFO Utils: /tmp/spark-6d7b85cf-1a3c-4d0c-9a8f-260db7c4c577/userFiles-b05fa842-dfaa-49e6-af9b-b866d3d83810/fetchFileTemp4121846513654891409.tmp has been previously copied to /tmp/spark-6d7b85cf-1a3c-4d0c-9a8f-260db7c4c577/userFiles-b05fa842-dfaa-49e6-af9b-b866d3d83810/org.apache.commons_commons-pool2-2.11.1.jar
[2024-12-14T11:33:58.205+0000] {docker.py:413} INFO - 24/12/14 11:33:58 INFO Executor: Adding file:/tmp/spark-6d7b85cf-1a3c-4d0c-9a8f-260db7c4c577/userFiles-b05fa842-dfaa-49e6-af9b-b866d3d83810/org.apache.commons_commons-pool2-2.11.1.jar to class loader default
[2024-12-14T11:33:58.211+0000] {docker.py:413} INFO - 24/12/14 11:33:58 INFO Executor: Fetching spark://localhost:41919/jars/org.apache.spark_spark-sql-kafka-0-10_2.12-3.5.0.jar with timestamp 1734176035956
[2024-12-14T11:33:58.213+0000] {docker.py:413} INFO - 24/12/14 11:33:58 INFO Utils: Fetching spark://localhost:41919/jars/org.apache.spark_spark-sql-kafka-0-10_2.12-3.5.0.jar to /tmp/spark-6d7b85cf-1a3c-4d0c-9a8f-260db7c4c577/userFiles-b05fa842-dfaa-49e6-af9b-b866d3d83810/fetchFileTemp1096810622611655552.tmp
[2024-12-14T11:33:58.216+0000] {docker.py:413} INFO - 24/12/14 11:33:58 INFO Utils: /tmp/spark-6d7b85cf-1a3c-4d0c-9a8f-260db7c4c577/userFiles-b05fa842-dfaa-49e6-af9b-b866d3d83810/fetchFileTemp1096810622611655552.tmp has been previously copied to /tmp/spark-6d7b85cf-1a3c-4d0c-9a8f-260db7c4c577/userFiles-b05fa842-dfaa-49e6-af9b-b866d3d83810/org.apache.spark_spark-sql-kafka-0-10_2.12-3.5.0.jar
[2024-12-14T11:33:58.225+0000] {docker.py:413} INFO - 24/12/14 11:33:58 INFO Executor: Adding file:/tmp/spark-6d7b85cf-1a3c-4d0c-9a8f-260db7c4c577/userFiles-b05fa842-dfaa-49e6-af9b-b866d3d83810/org.apache.spark_spark-sql-kafka-0-10_2.12-3.5.0.jar to class loader default
[2024-12-14T11:33:58.227+0000] {docker.py:413} INFO - 24/12/14 11:33:58 INFO Executor: Fetching spark://localhost:41919/jars/org.lz4_lz4-java-1.8.0.jar with timestamp 1734176035956
[2024-12-14T11:33:58.229+0000] {docker.py:413} INFO - 24/12/14 11:33:58 INFO Utils: Fetching spark://localhost:41919/jars/org.lz4_lz4-java-1.8.0.jar to /tmp/spark-6d7b85cf-1a3c-4d0c-9a8f-260db7c4c577/userFiles-b05fa842-dfaa-49e6-af9b-b866d3d83810/fetchFileTemp4117381481813202855.tmp
[2024-12-14T11:33:58.232+0000] {docker.py:413} INFO - 24/12/14 11:33:58 INFO Utils: /tmp/spark-6d7b85cf-1a3c-4d0c-9a8f-260db7c4c577/userFiles-b05fa842-dfaa-49e6-af9b-b866d3d83810/fetchFileTemp4117381481813202855.tmp has been previously copied to /tmp/spark-6d7b85cf-1a3c-4d0c-9a8f-260db7c4c577/userFiles-b05fa842-dfaa-49e6-af9b-b866d3d83810/org.lz4_lz4-java-1.8.0.jar
[2024-12-14T11:33:58.243+0000] {docker.py:413} INFO - 24/12/14 11:33:58 INFO Executor: Adding file:/tmp/spark-6d7b85cf-1a3c-4d0c-9a8f-260db7c4c577/userFiles-b05fa842-dfaa-49e6-af9b-b866d3d83810/org.lz4_lz4-java-1.8.0.jar to class loader default
[2024-12-14T11:33:58.247+0000] {docker.py:413} INFO - 24/12/14 11:33:58 INFO Executor: Fetching spark://localhost:41919/jars/org.apache.spark_spark-token-provider-kafka-0-10_2.12-3.5.0.jar with timestamp 1734176035956
[2024-12-14T11:33:58.249+0000] {docker.py:413} INFO - 24/12/14 11:33:58 INFO Utils: Fetching spark://localhost:41919/jars/org.apache.spark_spark-token-provider-kafka-0-10_2.12-3.5.0.jar to /tmp/spark-6d7b85cf-1a3c-4d0c-9a8f-260db7c4c577/userFiles-b05fa842-dfaa-49e6-af9b-b866d3d83810/fetchFileTemp15210929099721801346.tmp
[2024-12-14T11:33:58.250+0000] {docker.py:413} INFO - 24/12/14 11:33:58 INFO Utils: /tmp/spark-6d7b85cf-1a3c-4d0c-9a8f-260db7c4c577/userFiles-b05fa842-dfaa-49e6-af9b-b866d3d83810/fetchFileTemp15210929099721801346.tmp has been previously copied to /tmp/spark-6d7b85cf-1a3c-4d0c-9a8f-260db7c4c577/userFiles-b05fa842-dfaa-49e6-af9b-b866d3d83810/org.apache.spark_spark-token-provider-kafka-0-10_2.12-3.5.0.jar
[2024-12-14T11:33:58.261+0000] {docker.py:413} INFO - 24/12/14 11:33:58 INFO Executor: Adding file:/tmp/spark-6d7b85cf-1a3c-4d0c-9a8f-260db7c4c577/userFiles-b05fa842-dfaa-49e6-af9b-b866d3d83810/org.apache.spark_spark-token-provider-kafka-0-10_2.12-3.5.0.jar to class loader default
[2024-12-14T11:33:58.289+0000] {docker.py:413} INFO - 24/12/14 11:33:58 INFO Utils: Successfully started service 'org.apache.spark.network.netty.NettyBlockTransferService' on port 41031.
24/12/14 11:33:58 INFO NettyBlockTransferService: Server created on localhost:41031
[2024-12-14T11:33:58.294+0000] {docker.py:413} INFO - 24/12/14 11:33:58 INFO BlockManager: Using org.apache.spark.storage.RandomBlockReplicationPolicy for block replication policy
[2024-12-14T11:33:58.316+0000] {docker.py:413} INFO - 24/12/14 11:33:58 INFO BlockManagerMaster: Registering BlockManager BlockManagerId(driver, localhost, 41031, None)
[2024-12-14T11:33:58.326+0000] {docker.py:413} INFO - 24/12/14 11:33:58 INFO BlockManagerMasterEndpoint: Registering block manager localhost:41031 with 434.4 MiB RAM, BlockManagerId(driver, localhost, 41031, None)
[2024-12-14T11:33:58.332+0000] {docker.py:413} INFO - 24/12/14 11:33:58 INFO BlockManagerMaster: Registered BlockManager BlockManagerId(driver, localhost, 41031, None)
[2024-12-14T11:33:58.337+0000] {docker.py:413} INFO - 24/12/14 11:33:58 INFO BlockManager: Initialized BlockManager: BlockManagerId(driver, localhost, 41031, None)
[2024-12-14T11:34:00.717+0000] {docker.py:413} INFO - 24/12/14 11:34:00 INFO SharedState: Setting hive.metastore.warehouse.dir ('null') to the value of spark.sql.warehouse.dir.
[2024-12-14T11:34:00.721+0000] {docker.py:413} INFO - 24/12/14 11:34:00 INFO SharedState: Warehouse path is 'file:/opt/bitnami/spark/spark-warehouse'.
[2024-12-14T11:34:02.359+0000] {docker.py:413} INFO - ERROR:__main__:Error in main: An error occurred while calling o32.load.
: java.lang.NoClassDefFoundError: org/apache/kafka/common/serialization/ByteArraySerializer
	at org.apache.spark.sql.kafka010.KafkaSourceProvider$.<init>(KafkaSourceProvider.scala:601)
	at org.apache.spark.sql.kafka010.KafkaSourceProvider$.<clinit>(KafkaSourceProvider.scala)
	at org.apache.spark.sql.kafka010.KafkaSourceProvider.org$apache$spark$sql$kafka010$KafkaSourceProvider$$validateStreamOptions(KafkaSourceProvider.scala:338)
	at org.apache.spark.sql.kafka010.KafkaSourceProvider.sourceSchema(KafkaSourceProvider.scala:71)
	at org.apache.spark.sql.execution.datasources.DataSource.sourceSchema(DataSource.scala:233)
	at org.apache.spark.sql.execution.datasources.DataSource.sourceInfo$lzycompute(DataSource.scala:118)
	at org.apache.spark.sql.execution.datasources.DataSource.sourceInfo(DataSource.scala:118)
	at org.apache.spark.sql.execution.streaming.StreamingRelation$.apply(StreamingRelation.scala:36)
	at org.apache.spark.sql.streaming.DataStreamReader.loadInternal(DataStreamReader.scala:169)
	at org.apache.spark.sql.streaming.DataStreamReader.load(DataStreamReader.scala:145)
	at java.base/jdk.internal.reflect.NativeMethodAccessorImpl.invoke0(Native Method)
	at java.base/jdk.internal.reflect.NativeMethodAccessorImpl.invoke(NativeMethodAccessorImpl.java:77)
	at java.base/jdk.internal.reflect.DelegatingMethodAccessorImpl.invoke(DelegatingMethodAccessorImpl.java:43)
	at java.base/java.lang.reflect.Method.invoke(Method.java:568)
	at py4j.reflection.MethodInvoker.invoke(MethodInvoker.java:244)
	at py4j.reflection.ReflectionEngine.invoke(ReflectionEngine.java:374)
	at py4j.Gateway.invoke(Gateway.java:282)
	at py4j.commands.AbstractCommand.invokeMethod(AbstractCommand.java:132)
	at py4j.commands.CallCommand.execute(CallCommand.java:79)
	at py4j.ClientServerConnection.waitForCommands(ClientServerConnection.java:182)
	at py4j.ClientServerConnection.run(ClientServerConnection.java:106)
	at java.base/java.lang.Thread.run(Thread.java:840)
Caused by: java.lang.ClassNotFoundException: org.apache.kafka.common.serialization.ByteArraySerializer
	at java.base/jdk.internal.loader.BuiltinClassLoader.loadClass(BuiltinClassLoader.java:641)
	at java.base/jdk.internal.loader.ClassLoaders$AppClassLoader.loadClass(ClassLoaders.java:188)
	at java.base/java.lang.ClassLoader.loadClass(ClassLoader.java:525)
	... 22 more

Traceback (most recent call last):
  File "/opt/bitnami/spark/spark_streaming.py", line 84, in <module>
    main()
  File "/opt/bitnami/spark/spark_streaming.py", line 81, in main
[2024-12-14T11:34:02.360+0000] {docker.py:413} INFO - raise e
  File "/opt/bitnami/spark/spark_streaming.py", line 77, in main
    query = process_stream()
            ^^^^^^^^^^^^^^^^
  File "/opt/bitnami/spark/spark_streaming.py", line 26, in process_stream
    .load()
     ^^^^^^
  File "/opt/bitnami/spark/python/lib/pyspark.zip/pyspark/sql/streaming/readwriter.py", line 304, in load
[2024-12-14T11:34:02.361+0000] {docker.py:413} INFO - File "/opt/bitnami/spark/python/lib/py4j-0.10.9.7-src.zip/py4j/java_gateway.py", line 1322, in __call__
[2024-12-14T11:34:02.361+0000] {docker.py:413} INFO - File "/opt/bitnami/spark/python/lib/pyspark.zip/pyspark/errors/exceptions/captured.py", line 179, in deco
[2024-12-14T11:34:02.362+0000] {docker.py:413} INFO - File "/opt/bitnami/spark/python/lib/py4j-0.10.9.7-src.zip/py4j/protocol.py", line 326, in get_return_value
[2024-12-14T11:34:02.362+0000] {docker.py:413} INFO - py4j.protocol.Py4JJavaError
[2024-12-14T11:34:02.363+0000] {docker.py:413} INFO - : An error occurred while calling o32.load.
: java.lang.NoClassDefFoundError: org/apache/kafka/common/serialization/ByteArraySerializer
	at org.apache.spark.sql.kafka010.KafkaSourceProvider$.<init>(KafkaSourceProvider.scala:601)
	at org.apache.spark.sql.kafka010.KafkaSourceProvider$.<clinit>(KafkaSourceProvider.scala)
	at org.apache.spark.sql.kafka010.KafkaSourceProvider.org$apache$spark$sql$kafka010$KafkaSourceProvider$$validateStreamOptions(KafkaSourceProvider.scala:338)
	at org.apache.spark.sql.kafka010.KafkaSourceProvider.sourceSchema(KafkaSourceProvider.scala:71)
	at org.apache.spark.sql.execution.datasources.DataSource.sourceSchema(DataSource.scala:233)
	at org.apache.spark.sql.execution.datasources.DataSource.sourceInfo$lzycompute(DataSource.scala:118)
	at org.apache.spark.sql.execution.datasources.DataSource.sourceInfo(DataSource.scala:118)
	at org.apache.spark.sql.execution.streaming.StreamingRelation$.apply(StreamingRelation.scala:36)
	at org.apache.spark.sql.streaming.DataStreamReader.loadInternal(DataStreamReader.scala:169)
	at org.apache.spark.sql.streaming.DataStreamReader.load(DataStreamReader.scala:145)
	at java.base/jdk.internal.reflect.NativeMethodAccessorImpl.invoke0(Native Method)
	at java.base/jdk.internal.reflect.NativeMethodAccessorImpl.invoke(NativeMethodAccessorImpl.java:77)
	at java.base/jdk.internal.reflect.DelegatingMethodAccessorImpl.invoke(DelegatingMethodAccessorImpl.java:43)
	at java.base/java.lang.reflect.Method.invoke(Method.java:568)
	at py4j.reflection.MethodInvoker.invoke(MethodInvoker.java:244)
	at py4j.reflection.ReflectionEngine.invoke(ReflectionEngine.java:374)
	at py4j.Gateway.invoke(Gateway.java:282)
	at py4j.commands.AbstractCommand.invokeMethod(AbstractCommand.java:132)
	at py4j.commands.CallCommand.execute(CallCommand.java:79)
	at py4j.ClientServerConnection.waitForCommands(ClientServerConnection.java:182)
	at py4j.ClientServerConnection.run(ClientServerConnection.java:106)
	at java.base/java.lang.Thread.run(Thread.java:840)
Caused by: java.lang.ClassNotFoundException: org.apache.kafka.common.serialization.ByteArraySerializer
	at java.base/jdk.internal.loader.BuiltinClassLoader.loadClass(BuiltinClassLoader.java:641)
	at java.base/jdk.internal.loader.ClassLoaders$AppClassLoader.loadClass(ClassLoaders.java:188)
	at java.base/java.lang.ClassLoader.loadClass(ClassLoader.java:525)
	... 22 more
[2024-12-14T11:34:02.363+0000] {docker.py:413} INFO - INFO:py4j.clientserver:Closing down clientserver connection
[2024-12-14T11:34:02.768+0000] {docker.py:413} INFO - 24/12/14 11:34:02 INFO SparkContext: Invoking stop() from shutdown hook
[2024-12-14T11:34:02.769+0000] {docker.py:413} INFO - 24/12/14 11:34:02 INFO SparkContext: SparkContext is stopping with exitCode 0.
[2024-12-14T11:34:02.798+0000] {docker.py:413} INFO - 24/12/14 11:34:02 INFO SparkUI: Stopped Spark web UI at http://localhost:4040
[2024-12-14T11:34:02.824+0000] {docker.py:413} INFO - 24/12/14 11:34:02 INFO MapOutputTrackerMasterEndpoint: MapOutputTrackerMasterEndpoint stopped!
[2024-12-14T11:34:02.847+0000] {docker.py:413} INFO - 24/12/14 11:34:02 INFO MemoryStore: MemoryStore cleared
[2024-12-14T11:34:02.849+0000] {docker.py:413} INFO - 24/12/14 11:34:02 INFO BlockManager: BlockManager stopped
[2024-12-14T11:34:02.871+0000] {docker.py:413} INFO - 24/12/14 11:34:02 INFO BlockManagerMaster: BlockManagerMaster stopped
[2024-12-14T11:34:02.879+0000] {docker.py:413} INFO - 24/12/14 11:34:02 INFO OutputCommitCoordinator$OutputCommitCoordinatorEndpoint: OutputCommitCoordinator stopped!
[2024-12-14T11:34:02.905+0000] {docker.py:413} INFO - 24/12/14 11:34:02 INFO SparkContext: Successfully stopped SparkContext
[2024-12-14T11:34:02.906+0000] {docker.py:413} INFO - 24/12/14 11:34:02 INFO ShutdownHookManager: Shutdown hook called
[2024-12-14T11:34:02.907+0000] {docker.py:413} INFO - 24/12/14 11:34:02 INFO ShutdownHookManager: Deleting directory /tmp/spark-35b8fc5c-bf32-4676-a0c7-ce690f2828b0
[2024-12-14T11:34:02.911+0000] {docker.py:413} INFO - 24/12/14 11:34:02 INFO ShutdownHookManager: Deleting directory /tmp/spark-6d7b85cf-1a3c-4d0c-9a8f-260db7c4c577
[2024-12-14T11:34:02.916+0000] {docker.py:413} INFO - 24/12/14 11:34:02 INFO ShutdownHookManager: Deleting directory /tmp/spark-6d7b85cf-1a3c-4d0c-9a8f-260db7c4c577/pyspark-32388373-cbd3-41f2-81da-e75a60cfec38
[2024-12-14T11:34:03.470+0000] {taskinstance.py:1937} ERROR - Task failed with exception
Traceback (most recent call last):
  File "/home/airflow/.local/lib/python3.8/site-packages/docker/api/client.py", line 268, in _raise_for_status
    response.raise_for_status()
  File "/home/airflow/.local/lib/python3.8/site-packages/requests/models.py", line 1021, in raise_for_status
    raise HTTPError(http_error_msg, response=self)
requests.exceptions.HTTPError: 400 Client Error: Bad Request for url: http://docker-proxy:2375/v1.47/containers/create

The above exception was the direct cause of the following exception:

Traceback (most recent call last):
  File "/home/airflow/.local/lib/python3.8/site-packages/airflow/providers/docker/operators/docker.py", line 348, in _run_image
    return self._run_image_with_mounts([*self.mounts, tmp_mount], add_tmp_variable=True)
  File "/home/airflow/.local/lib/python3.8/site-packages/airflow/providers/docker/operators/docker.py", line 375, in _run_image_with_mounts
    self.container = self.cli.create_container(
  File "/home/airflow/.local/lib/python3.8/site-packages/docker/api/container.py", line 431, in create_container
    return self.create_container_from_config(config, name, platform)
  File "/home/airflow/.local/lib/python3.8/site-packages/docker/api/container.py", line 448, in create_container_from_config
    return self._result(res, True)
  File "/home/airflow/.local/lib/python3.8/site-packages/docker/api/client.py", line 274, in _result
    self._raise_for_status(response)
  File "/home/airflow/.local/lib/python3.8/site-packages/docker/api/client.py", line 270, in _raise_for_status
    raise create_api_error_from_http_exception(e) from e
  File "/home/airflow/.local/lib/python3.8/site-packages/docker/errors.py", line 39, in create_api_error_from_http_exception
    raise cls(e, response=response, explanation=explanation) from e
docker.errors.APIError: 400 Client Error for http://docker-proxy:2375/v1.47/containers/create: Bad Request ("invalid mount config for type "bind": bind source path does not exist: /tmp/airflowtmph9c36etu")

During handling of the above exception, another exception occurred:

Traceback (most recent call last):
  File "/home/airflow/.local/lib/python3.8/site-packages/airflow/providers/docker/operators/docker.py", line 486, in execute
    return self._run_image()
  File "/home/airflow/.local/lib/python3.8/site-packages/airflow/providers/docker/operators/docker.py", line 357, in _run_image
    return self._run_image_with_mounts(self.mounts, add_tmp_variable=False)
  File "/home/airflow/.local/lib/python3.8/site-packages/airflow/providers/docker/operators/docker.py", line 421, in _run_image_with_mounts
    raise DockerContainerFailedException(f"Docker container failed: {result!r}", logs=log_lines)
airflow.providers.docker.exceptions.DockerContainerFailedException: Docker container failed: {'StatusCode': 1}
[2024-12-14T11:34:03.481+0000] {taskinstance.py:1400} INFO - Marking task as FAILED. dag_id=kafka_spark_dag, task_id=pyspark_consumer, execution_date=20241214T111325, start_date=20241214T113154, end_date=20241214T113403
[2024-12-14T11:34:03.515+0000] {standard_task_runner.py:104} ERROR - Failed to execute job 5 for task pyspark_consumer (Docker container failed: {'StatusCode': 1}; 2161)
[2024-12-14T11:34:03.546+0000] {local_task_job_runner.py:228} INFO - Task exited with return code 1
[2024-12-14T11:34:03.606+0000] {taskinstance.py:2778} INFO - 0 downstream tasks scheduled from follow-on schedule check
